#
# A fatal error has been detected by the Java Runtime Environment:
#
#  EXCEPTION_ACCESS_VIOLATION (0xc0000005) at pc=0x00007ffd5f4d8d5d, pid=8624, tid=8588
#
# JRE version: Java(TM) SE Runtime Environment (21.0.4+8) (build 21.0.4+8-LTS-274)
# Java VM: Java HotSpot(TM) 64-Bit Server VM (21.0.4+8-LTS-274, mixed mode, sharing, tiered, compressed oops, compressed class ptrs, g1 gc, windows-amd64)
# Problematic frame:
# C  [ntdll.dll+0x78d5d]
#
# No core dump will be written. Minidumps are not enabled by default on client versions of Windows
#
# If you would like to submit a bug report, please visit:
#   https://bugreport.java.com/bugreport/crash.jsp
#

---------------  S U M M A R Y ------------

Command Line: -Dfile.encoding=UTF-8 -Dstdout.encoding=UTF-8 -Dstderr.encoding=UTF-8 -XX:+ShowCodeDetailsInExceptionMessages main.Main

Host: AMD Ryzen 5 5600H with Radeon Graphics         , 12 cores, 13G,  Windows 11 , 64 bit Build 26100 (10.0.26100.7623)
Time: Fri Jan 16 21:57:06 2026 W. Europe Standard Time elapsed time: 979.958229 seconds (0d 0h 16m 19s)

---------------  T H R E A D  ---------------

Current thread (0x0000020aeb8e9f20):  JavaThread "Reference Handler" daemon [_thread_in_vm, id=8588, stack(0x000000ddf6d00000,0x000000ddf6e00000) (1024K)]

Stack: [0x000000ddf6d00000,0x000000ddf6e00000],  sp=0x000000ddf6dff0e0,  free space=1020k
Native frames: (J=compiled Java code, j=interpreted, Vv=VM code, C=native code)
C  [ntdll.dll+0x78d5d]
C  [ucrtbase.dll+0x1e0fb]
V  [jvm.dll+0x81f981]
C  0x0000020adcd8cf0a

The last pc belongs to native nmethod (printed below).
Java frames: (J=compiled Java code, j=interpreted, Vv=VM code)
J 1846  jdk.internal.misc.Unsafe.freeMemory0(J)V java.base@21.0.4 (0 bytes) @ 0x0000020adcd8ce73 [0x0000020adcd8ce20+0x0000000000000053]
J 1845 c1 java.nio.DirectByteBuffer$Deallocator.run()V java.base@21.0.4 (23 bytes) @ 0x0000020ad54d02fc [0x0000020ad54d0100+0x00000000000001fc]
J 1842 c1 jdk.internal.ref.Cleaner.clean()V java.base@21.0.4 (35 bytes) @ 0x0000020ad54cdfbc [0x0000020ad54cde40+0x000000000000017c]
j  java.lang.ref.Reference.processPendingReferences()V+54 java.base@21.0.4
j  java.lang.ref.Reference$ReferenceHandler.run()V+8 java.base@21.0.4
v  ~StubRoutines::call_stub 0x0000020adc72100d

siginfo: EXCEPTION_ACCESS_VIOLATION (0xc0000005), reading address 0x0000020b1da4203f


Registers:
RAX=0x0000000000000000, RBX=0x0000020aeb8e9f20, RCX=0x0000020acaa70000, RDX=0x0000000000000000
RSP=0x000000ddf6dff0e0, RBP=0x000000ddf6dff290, RSI=0x0000020b1da42030, RDI=0x0000020b1da42040
R8 =0x0000020b1da42040, R9 =0x0000000000000000, R10=0x00007ffcd7a8f7e0, R11=0x0000020a80000000
R12=0x0000000000000000, R13=0x0000000000000000, R14=0x0000020acaa70000, R15=0x0000000000000000
RIP=0x00007ffd5f4d8d5d, EFLAGS=0x0000000000010246


Register to memory mapping:

RAX=0x0 is null
RBX=0x0000020aeb8e9f20 is a thread
RCX=0x0000020acaa70000 points into unknown readable memory: 0x0000000000000000 | 00 00 00 00 00 00 00 00
RDX=0x0 is null
RSP=0x000000ddf6dff0e0 is pointing into the stack for thread: 0x0000020aeb8e9f20
RBP=0x000000ddf6dff290 is pointing into the stack for thread: 0x0000020aeb8e9f20
RSI=0x0000020b1da42030 is an unknown value
RDI=0x0000020b1da42040 is an unknown value
R8 =0x0000020b1da42040 is an unknown value
R9 =0x0 is null
R10=0x00007ffcd7a8f7e0 jvm.dll
R11=0x0000020a80000000 is pointing into metadata
R12=0x0 is null
R13=0x0 is null
R14=0x0000020acaa70000 points into unknown readable memory: 0x0000000000000000 | 00 00 00 00 00 00 00 00
R15=0x0 is null

Top of Stack: (sp=0x000000ddf6dff0e0)
0x000000ddf6dff0e0:   0000020acaa70000 0000000000000000
0x000000ddf6dff0f0:   0000000000000000 0000000000000000
0x000000ddf6dff100:   0000000000003800 00007ffcd70b1755
0x000000ddf6dff110:   0000000000000000 0000000000000002
0x000000ddf6dff120:   0000000000000000 0000000000000000
0x000000ddf6dff130:   3ff0000000000000 0000000000000002
0x000000ddf6dff140:   000000ddf6dff2b0 00007ffcd70b1390
0x000000ddf6dff150:   0000000000000000 0000000000000000
0x000000ddf6dff160:   0000000000000000 0000000000000002
0x000000ddf6dff170:   0000000000000000 0000000000000000
0x000000ddf6dff180:   0000000000000000 00007ffcd70b19e5
0x000000ddf6dff190:   0000020aeb8e9f20 0000000000000000
0x000000ddf6dff1a0:   000000ddf6dff410 0000000000000000
0x000000ddf6dff1b0:   0000020b1da42040 0000020b1da42040
0x000000ddf6dff1c0:   0000020aeb8e9f20 00007ffd5c5ce0fb
0x000000ddf6dff1d0:   0000020acaa70000 0000020a00000000
0x000000ddf6dff1e0:   0000020b1da42040 0000000000000040
0x000000ddf6dff1f0:   0000020aeb8e9f20 00007ffcd768f981
0x000000ddf6dff200:   000000ddf6dff230 0000020a00000000
0x000000ddf6dff210:   0000020aec0d0098 0000000000000040
0x000000ddf6dff220:   0000020aec90c610 0000020adcd8cf0a
0x000000ddf6dff230:   0000020aec0d0098 0000020ad54cf254
0x000000ddf6dff240:   ffffffffffffffff 0000020a801c9db8
0x000000ddf6dff250:   00000007268019c8 000000ddf6dff4a0
0x000000ddf6dff260:   0000000000000056 0000000000000040
0x000000ddf6dff270:   0000000000000040 00000000000189cb
0x000000ddf6dff280:   0000000002734a6c 0000020a81043480
0x000000ddf6dff290:   000000ddf6dff470 0000020ad54d02fc
0x000000ddf6dff2a0:   0000020aeb8e9f20 0000000000000000
0x000000ddf6dff2b0:   000000ddf6dff410 0000000000000000
0x000000ddf6dff2c0:   0000020ad54cde60 0000020a8011f888
0x000000ddf6dff2d0:   0000000000000000 000000000000396d 

Instructions: (pc=0x00007ffd5f4d8d5d)
0x00007ffd5f4d8c5d:   cf 03 c0 89 01 81 ff 23 00 00 c0 0f 85 40 fd ff
0x00007ffd5f4d8c6d:   ff bf 05 00 00 80 e9 36 fd ff ff 81 ff 23 00 00
0x00007ffd5f4d8c7d:   c0 74 d2 e9 29 fd ff ff 8b 4e 08 48 8d 56 0c 8b
0x00007ffd5f4d8c8d:   c1 89 4d 67 48 d1 e8 66 44 39 64 42 fe 0f 84 6f
0x00007ffd5f4d8c9d:   ff ff ff 83 c1 02 89 4d 67 3b d9 0f 83 53 ff ff
0x00007ffd5f4d8cad:   ff bf 05 00 00 80 e9 04 ff ff ff 8b 46 04 ff c8
0x00007ffd5f4d8cbd:   83 f8 01 76 c3 bf 24 00 00 c0 e9 e2 fc ff ff cc
0x00007ffd5f4d8ccd:   cc cc cc cc cc cc cc cc cc cc cc cc cc cc cc cc
0x00007ffd5f4d8cdd:   cc cc cc 4c 89 44 24 18 89 54 24 10 48 89 4c 24
0x00007ffd5f4d8ced:   08 53 56 57 41 54 41 55 41 56 41 57 48 81 ec b0
0x00007ffd5f4d8cfd:   00 00 00 49 8b f8 44 8b fa 4c 8b f1 49 85 c8 0f
0x00007ffd5f4d8d0d:   84 d0 01 00 00 45 33 ed 41 81 7e 10 ee dd ee dd
0x00007ffd5f4d8d1d:   0f 84 cd 01 00 00 f6 05 9e 59 15 00 02 0f 85 3b
0x00007ffd5f4d8d2d:   01 00 00 49 8b f5 41 f7 46 74 00 00 00 01 0f 85
0x00007ffd5f4d8d3d:   ab 05 00 00 41 f6 46 78 01 0f 85 0f 04 00 00 40
0x00007ffd5f4d8d4d:   f6 c7 0f 0f 85 28 02 00 00 48 8d 77 f0 0f 0d 0e
0x00007ffd5f4d8d5d:   80 7e 0f 05 0f 84 85 02 00 00 f6 46 0f 3f 0f 84
0x00007ffd5f4d8d6d:   2d 06 00 00 48 85 f6 0f 84 7b 07 00 00 80 7f ff
0x00007ffd5f4d8d7d:   05 0f 84 94 06 00 00 80 7e 0f 00 0f 8d 5e 05 00
0x00007ffd5f4d8d8d:   00 44 8b 05 ab 94 15 00 48 8b ce 48 c1 e9 04 33
0x00007ffd5f4d8d9d:   4e 08 41 33 ce 41 33 c8 66 85 c9 0f 84 bc 01 00
0x00007ffd5f4d8dad:   00 49 8b fd 48 85 ff 0f 84 8f 01 00 00 0f 0d 0f
0x00007ffd5f4d8dbd:   4c 8b 7f 08 45 8b e5 8b 46 0c c1 e8 08 44 0f b7
0x00007ffd5f4d8dcd:   f0 48 8b 07 48 8b 08 4c 8b 51 18 41 8b c7 41 33
0x00007ffd5f4d8ddd:   47 18 41 33 c2 41 33 c0 8b c8 c1 e8 10 41 0f af
0x00007ffd5f4d8ded:   c6 0f b7 c9 49 03 c7 48 03 c8 48 3b ce 0f 85 f6
0x00007ffd5f4d8dfd:   05 00 00 65 48 8b 04 25 60 00 00 00 48 8b 88 90
0x00007ffd5f4d8e0d:   00 00 00 48 85 c9 0f 85 86 01 00 00 b9 80 03 fe
0x00007ffd5f4d8e1d:   7f 80 39 00 0f 85 cc 07 00 00 45 8b c5 b8 64 00
0x00007ffd5f4d8e2d:   00 00 66 83 3c 25 6a 03 fe 7f 01 44 0f 47 c0 41
0x00007ffd5f4d8e3d:   8b d5 90 41 3b d0 77 39 8b 5f 20 8b c3 c1 e8 10
0x00007ffd5f4d8e4d:   66 0f ba e0 0f 72 13 8b cb 81 c9 00 00 00 80 8b 


Stack slot to memory mapping:

stack at sp + 0 slots: 0x0000020acaa70000 points into unknown readable memory: 0x0000000000000000 | 00 00 00 00 00 00 00 00
stack at sp + 1 slots: 0x0 is null
stack at sp + 2 slots: 0x0 is null
stack at sp + 3 slots: 0x0 is null
stack at sp + 4 slots: 0x0000000000003800 is an unknown value
stack at sp + 5 slots: 0x00007ffcd70b1755 jvm.dll
stack at sp + 6 slots: 0x0 is null
stack at sp + 7 slots: 0x0000000000000002 is an unknown value


Compiled method (n/a)  980066 1846     n 0       jdk.internal.misc.Unsafe::freeMemory0 (native)
 total in heap  [0x0000020adcd8cc90,0x0000020adcd8d030] = 928
 relocation     [0x0000020adcd8cde8,0x0000020adcd8ce18] = 48
 main code      [0x0000020adcd8ce20,0x0000020adcd8d02e] = 526
 stub code      [0x0000020adcd8d02e,0x0000020adcd8d030] = 2

[Constant Pool (empty)]

[MachCode]
[Entry Point]
  # {method} {0x0000020a804465b0} 'freeMemory0' '(J)V' in 'jdk/internal/misc/Unsafe'
  # this:     rdx:rdx   = 'jdk/internal/misc/Unsafe'
  # parm0:    r8:r8     = long
  #           [sp+0x70]  (sp of caller)
  0x0000020adcd8ce20: 448b 5208 | 49bb 0000 | 0080 0a02 | 0000 4d03 | d349 3bc2 | 0f84 0600 

  0x0000020adcd8ce38: ;   {runtime_call ic_miss_stub}
  0x0000020adcd8ce38: 0000 e941 | 199e ff90 
[Verified Entry Point]
  0x0000020adcd8ce40: 8984 2400 | 80ff ff55 | 488b ec48 | 83ec 6090 | 4181 7f20 | 0100 0000 

  0x0000020adcd8ce58: ;   {runtime_call StubRoutines (final stubs)}
  0x0000020adcd8ce58: 7405 e801 | 7f9c ff48 | 8954 2420 | 4883 fa00 | 488d 5424 | 2048 0f44 | 5424 20c5 

  0x0000020adcd8ce74: ;   {internal_word}
  0x0000020adcd8ce74: f877 49ba | 73ce d8dc | 0a02 0000 | 4d89 97a0 | 0300 0049 | 89a7 9803 

  0x0000020adcd8ce8c: ;   {external_word}
  0x0000020adcd8ce8c: 0000 49ba | e0f7 a8d7 | fc7f 0000 | 4180 3a00 | 0f84 4a00 | 0000 5241 

  0x0000020adcd8cea4: ;   {metadata({method} {0x0000020a804465b0} 'freeMemory0' '(J)V' in 'jdk/internal/misc/Unsafe')}
  0x0000020adcd8cea4: 5048 baa8 | 6544 800a | 0200 0049 | 8bcf 4883 | ec20 40f6 | c40f 0f84 | 1900 0000 | 4883 ec08 
  0x0000020adcd8cec4: ;   {runtime_call}
  0x0000020adcd8cec4: 48b8 d0ec | 59d7 fc7f | 0000 ffd0 | 4883 c408 | e90c 0000 

  0x0000020adcd8ced8: ;   {runtime_call}
  0x0000020adcd8ced8: 0048 b8d0 | ec59 d7fc | 7f00 00ff | d048 83c4 | 2041 585a | 498d 8fb8 | 0300 0041 | c787 4c04 
  0x0000020adcd8cef8: 0000 0400 

  0x0000020adcd8cefc: ;   {runtime_call}
  0x0000020adcd8cefc: 0000 48b8 | 00f9 68d7 | fc7f 0000 | ffd0 c5f8 | 7741 c787 | 4c04 0000 | 0500 0000 | f083 4424 
  0x0000020adcd8cf1c: c000 493b | af50 0400 | 000f 870e | 0000 0041 | 83bf 4804 | 0000 000f | 8423 0000 | 00c5 f877 
  0x0000020adcd8cf3c: 498b cf4c | 8be4 4883 | ec20 4883 

  0x0000020adcd8cf48: ;   {runtime_call}
  0x0000020adcd8cf48: e4f0 48b8 | c0a0 25d7 | fc7f 0000 | ffd0 498b | e44d 33e4 | 41c7 874c | 0400 0008 | 0000 0041 
  0x0000020adcd8cf68: 83bf c804 | 0000 020f | 8494 0000 

  0x0000020adcd8cf74: ;   {external_word}
  0x0000020adcd8cf74: 0049 bae0 | f7a8 d7fc | 7f00 0041 | 803a 000f | 8444 0000 

  0x0000020adcd8cf88: ;   {metadata({method} {0x0000020a804465b0} 'freeMemory0' '(J)V' in 'jdk/internal/misc/Unsafe')}
  0x0000020adcd8cf88: 0048 baa8 | 6544 800a | 0200 0049 | 8bcf 4883 | ec20 40f6 | c40f 0f84 | 1900 0000 | 4883 ec08 
  0x0000020adcd8cfa8: ;   {runtime_call}
  0x0000020adcd8cfa8: 48b8 d0ec | 59d7 fc7f | 0000 ffd0 | 4883 c408 | e90c 0000 

  0x0000020adcd8cfbc: ;   {runtime_call}
  0x0000020adcd8cfbc: 0048 b8d0 | ec59 d7fc | 7f00 00ff | d048 83c4 | 2049 c787 | 9803 0000 | 0000 0000 | 49c7 87a0 
  0x0000020adcd8cfdc: 0300 0000 | 0000 00c5 | f877 498b | 8f28 0400 | 00c7 8100 | 0100 0000 | 0000 00c9 | 4983 7f08 
  0x0000020adcd8cffc: 000f 8501 | 0000 00c3 

  0x0000020adcd8d004: ;   {runtime_call StubRoutines (initial stubs)}
  0x0000020adcd8d004: e9f7 3e99 | ffc5 f877 | 4c8b e448 | 83ec 2048 

  0x0000020adcd8d014: ;   {runtime_call}
  0x0000020adcd8d014: 83e4 f048 | b8c0 245a | d7fc 7f00 | 00ff d049 | 8be4 4d33 | e4e9 47ff | ffff f4f4 
[/MachCode]


Compiled method (c1)  980075 1845       3       java.nio.DirectByteBuffer$Deallocator::run (23 bytes)
 total in heap  [0x0000020ad54cff10,0x0000020ad54d05c0] = 1712
 relocation     [0x0000020ad54d0068,0x0000020ad54d00e8] = 128
 main code      [0x0000020ad54d0100,0x0000020ad54d0418] = 792
 stub code      [0x0000020ad54d0418,0x0000020ad54d0478] = 96
 oops           [0x0000020ad54d0478,0x0000020ad54d0480] = 8
 metadata       [0x0000020ad54d0480,0x0000020ad54d04a0] = 32
 scopes data    [0x0000020ad54d04a0,0x0000020ad54d0528] = 136
 scopes pcs     [0x0000020ad54d0528,0x0000020ad54d05b8] = 144
 dependencies   [0x0000020ad54d05b8,0x0000020ad54d05c0] = 8

[Constant Pool (empty)]

[MachCode]
[Entry Point]
  # {method} {0x0000020aec040f68} 'run' '()V' in 'java/nio/DirectByteBuffer$Deallocator'
  #           [sp+0xd0]  (sp of caller)
  0x0000020ad54d0100: 448b 5208 | 49bb 0000 | 0080 0a02 | 0000 4d03 | d34c 3bd0 

  0x0000020ad54d0114: ;   {runtime_call ic_miss_stub}
  0x0000020ad54d0114: 0f85 66e6 | 2907 660f | 1f44 0000 
[Verified Entry Point]
  0x0000020ad54d0120: e95b 7525 | 07ff ff55 | 4881 ecc0 | 0000 0090 | 4181 7f20 | 0100 0000 

  0x0000020ad54d0138: ;   {runtime_call StubRoutines (final stubs)}
  0x0000020ad54d0138: 7405 e821 

  0x0000020ad54d013c: ;   {metadata(method data for {method} {0x0000020aec040f68} 'run' '()V' in 'java/nio/DirectByteBuffer$Deallocator')}
  0x0000020ad54d013c: 4c28 0749 | b8f8 f990 | ec0a 0200 | 0041 8bb0 | cc00 0000 | 83c6 0241 | 89b0 cc00 | 0000 81e6 
  0x0000020ad54d015c: fe07 0000 | 85f6 0f84 | ea01 0000 | 488b 7210 

  0x0000020ad54d016c: ;   {oop(a 'jdk/internal/misc/Unsafe'{0x00000007268019c8})}
  0x0000020ad54d016c: 49b8 c819 | 8026 0700 | 0000 498b 

  0x0000020ad54d0178: ;   {metadata(method data for {method} {0x0000020aec040f68} 'run' '()V' in 'java/nio/DirectByteBuffer$Deallocator')}
  0x0000020ad54d0178: f848 bbf8 | f990 ec0a | 0200 0048 | 8383 1001 

  0x0000020ad54d0188: ;   {metadata(method data for {method} {0x0000020a80446b18} 'freeMemory' '(J)V' in 'jdk/internal/misc/Unsafe')}
  0x0000020ad54d0188: 0000 0148 | bf10 c690 | ec0a 0200 | 008b 9fcc | 0000 0083 | c302 899f | cc00 0000 | 81e3 feff 
  0x0000020ad54d01a8: 1f00 85db | 0f84 c101 | 0000 498b 

  0x0000020ad54d01b4: ;   {metadata(method data for {method} {0x0000020a80446b18} 'freeMemory' '(J)V' in 'jdk/internal/misc/Unsafe')}
  0x0000020ad54d01b4: f848 bb10 | c690 ec0a | 0200 0048 | 8383 1001 

  0x0000020ad54d01c4: ;   {metadata(method data for {method} {0x0000020a80446618} 'freeMemoryChecks' '(J)V' in 'jdk/internal/misc/Unsafe')}
  0x0000020ad54d01c4: 0000 0148 | bf00 c890 | ec0a 0200 | 008b 9fcc | 0000 0083 | c302 899f | cc00 0000 | 81e3 feff 
  0x0000020ad54d01e4: 1f00 85db | 0f84 a601 

  0x0000020ad54d01ec: ;   {metadata(method data for {method} {0x0000020a80446618} 'freeMemoryChecks' '(J)V' in 'jdk/internal/misc/Unsafe')}
  0x0000020ad54d01ec: 0000 48bf | 00c8 90ec | 0a02 0000 | 4883 8710 | 0100 0001 

  0x0000020ad54d0200: ;   {metadata(method data for {method} {0x0000020a80446d90} 'checkPointer' '(Ljava/lang/Object;J)V' in 'jdk/internal/misc/Unsafe')}
  0x0000020ad54d0200: 49b8 9800 | 0dec 0a02 | 0000 418b | b8cc 0000 | 0083 c702 | 4189 b8cc | 0000 0081 | e7fe ff1f 
  0x0000020ad54d0220: 0085 ff0f | 848c 0100 

  0x0000020ad54d0228: ;   {metadata(method data for {method} {0x0000020a80446d90} 'checkPointer' '(Ljava/lang/Object;J)V' in 'jdk/internal/misc/Unsafe')}
  0x0000020ad54d0228: 0049 b898 | 000d ec0a | 0200 0041 | ff80 2001 | 0000 4889 | 9424 a800 

  0x0000020ad54d0240: ;   {oop(a 'jdk/internal/misc/Unsafe'{0x00000007268019c8})}
  0x0000020ad54d0240: 0000 48bf | c819 8026 | 0700 0000 

  0x0000020ad54d024c: ;   {metadata(method data for {method} {0x0000020a80446d90} 'checkPointer' '(Ljava/lang/Object;J)V' in 'jdk/internal/misc/Unsafe')}
  0x0000020ad54d024c: 4c8b c748 | bb98 000d | ec0a 0200 | 0048 8383 | 3001 0000 | 014c 8bc6 | 488b d748 | 89b4 24a0 
  0x0000020ad54d026c: ;   {optimized virtual_call}
  0x0000020ad54d026c: 0000 00e8 

  0x0000020ad54d0270: ; ImmutableOopMap {[168]=Oop }
                      ;*invokevirtual checkNativeAddress {reexecute=0 rethrow=0 return_oop=0}
                      ; - jdk.internal.misc.Unsafe::checkPointer@6 (line 544)
                      ; - jdk.internal.misc.Unsafe::freeMemoryChecks@3 (line 936)
                      ; - jdk.internal.misc.Unsafe::freeMemory@2 (line 918)
                      ; - java.nio.DirectByteBuffer$Deallocator::run@7 (line 84)
  0x0000020ad54d0270: ac6d 8a07 

  0x0000020ad54d0274: ;   {other}
  0x0000020ad54d0274: 0f1f 8400 | 6403 0000 

  0x0000020ad54d027c: ;   {metadata(method data for {method} {0x0000020a80446d90} 'checkPointer' '(Ljava/lang/Object;J)V' in 'jdk/internal/misc/Unsafe')}
  0x0000020ad54d027c: 49b8 9800 | 0dec 0a02 | 0000 41ff | 8068 0100 | 0048 8bb4 | 24a0 0000 | 0048 83fe 

  0x0000020ad54d0298: ;   {metadata(method data for {method} {0x0000020a80446b18} 'freeMemory' '(J)V' in 'jdk/internal/misc/Unsafe')}
  0x0000020ad54d0298: 0049 b810 | c690 ec0a | 0200 0048 | ba58 0100 | 0000 0000 | 0074 0a48 | ba48 0100 | 0000 0000 
  0x0000020ad54d02b8: 0049 8b34 | 1048 8d76 | 0149 8934 | 100f 8439 | 0000 0048 | 8bb4 24a0 

  0x0000020ad54d02d0: ;   {oop(a 'jdk/internal/misc/Unsafe'{0x00000007268019c8})}
  0x0000020ad54d02d0: 0000 0048 | bac8 1980 | 2607 0000 | 004c 8bc2 

  0x0000020ad54d02e0: ;   {metadata(method data for {method} {0x0000020a80446b18} 'freeMemory' '(J)V' in 'jdk/internal/misc/Unsafe')}
  0x0000020ad54d02e0: 48bf 10c6 | 90ec 0a02 | 0000 4883 | 8768 0100 | 0001 4c8b 

  0x0000020ad54d02f4: ;   {optimized virtual_call}
  0x0000020ad54d02f4: c666 90e8 

  0x0000020ad54d02f8: ; ImmutableOopMap {[168]=Oop }
                      ;*invokevirtual freeMemory0 {reexecute=0 rethrow=0 return_oop=0}
                      ; - jdk.internal.misc.Unsafe::freeMemory@14 (line 924)
                      ; - java.nio.DirectByteBuffer$Deallocator::run@7 (line 84)
  0x0000020ad54d02f8: 44cb 8b07 

  0x0000020ad54d02fc: ;   {other}
  0x0000020ad54d02fc: 0f1f 8400 | ec03 0001 | 488b 9424 | a800 0000 | 4c8b 4218 

  0x0000020ad54d0310: ;   {metadata(method data for {method} {0x0000020aec040f68} 'run' '()V' in 'java/nio/DirectByteBuffer$Deallocator')}
  0x0000020ad54d0310: 8b52 0c48 | bef8 f990 | ec0a 0200 | 0048 8386 | 4801 0000 | 0148 63f2 | 498b d04c 

  0x0000020ad54d032c: ;   {static_call}
  0x0000020ad54d032c: 8bc6 90e8 

  0x0000020ad54d0330: ; ImmutableOopMap {}
                      ;*invokestatic unreserveMemory {reexecute=0 rethrow=0 return_oop=0}
                      ; - java.nio.DirectByteBuffer$Deallocator::run@19 (line 85)
  0x0000020ad54d0330: 2cee ffff 

  0x0000020ad54d0334: ;   {other}
  0x0000020ad54d0334: 0f1f 8400 | 2404 0002 | 4881 c4c0 | 0000 005d 

  0x0000020ad54d0344: ;   {poll_return}
  0x0000020ad54d0344: 493b a750 | 0400 000f | 8785 0000 

  0x0000020ad54d0350: ;   {metadata({method} {0x0000020aec040f68} 'run' '()V' in 'java/nio/DirectByteBuffer$Deallocator')}
  0x0000020ad54d0350: 00c3 49ba | 600f 04ec | 0a02 0000 | 4c89 5424 | 0848 c704 | 24ff ffff 

  0x0000020ad54d0368: ;   {runtime_call counter_overflow Runtime1 stub}
  0x0000020ad54d0368: ffe8 1291 

  0x0000020ad54d036c: ; ImmutableOopMap {rdx=Oop }
                      ;*synchronization entry
                      ; - java.nio.DirectByteBuffer$Deallocator::run@-1 (line 84)
  0x0000020ad54d036c: 3607 e9f5 

  0x0000020ad54d0370: ;   {metadata({method} {0x0000020a80446b18} 'freeMemory' '(J)V' in 'jdk/internal/misc/Unsafe')}
  0x0000020ad54d0370: fdff ff49 | ba10 6b44 | 800a 0200 | 004c 8954 | 2408 48c7 | 0424 ffff 

  0x0000020ad54d0388: ;   {runtime_call counter_overflow Runtime1 stub}
  0x0000020ad54d0388: ffff e8f1 

  0x0000020ad54d038c: ; ImmutableOopMap {rdx=Oop r8=Oop }
                      ;*synchronization entry
                      ; - jdk.internal.misc.Unsafe::freeMemory@-1 (line 918)
                      ; - java.nio.DirectByteBuffer$Deallocator::run@7 (line 84)
  0x0000020ad54d038c: 9036 07e9 | 1efe ffff 

  0x0000020ad54d0394: ;   {metadata({method} {0x0000020a80446618} 'freeMemoryChecks' '(J)V' in 'jdk/internal/misc/Unsafe')}
  0x0000020ad54d0394: 49ba 1066 | 4480 0a02 | 0000 4c89 | 5424 0848 | c704 24ff 

  0x0000020ad54d03a8: ;   {runtime_call counter_overflow Runtime1 stub}
  0x0000020ad54d03a8: ffff ffe8 

  0x0000020ad54d03ac: ; ImmutableOopMap {rdx=Oop r8=Oop }
                      ;*synchronization entry
                      ; - jdk.internal.misc.Unsafe::freeMemoryChecks@-1 (line 936)
                      ; - jdk.internal.misc.Unsafe::freeMemory@2 (line 918)
                      ; - java.nio.DirectByteBuffer$Deallocator::run@7 (line 84)
  0x0000020ad54d03ac: d090 3607 | e939 feff 

  0x0000020ad54d03b4: ;   {metadata({method} {0x0000020a80446d90} 'checkPointer' '(Ljava/lang/Object;J)V' in 'jdk/internal/misc/Unsafe')}
  0x0000020ad54d03b4: ff49 ba88 | 6d44 800a | 0200 004c | 8954 2408 | 48c7 0424 | ffff ffff 

  0x0000020ad54d03cc: ;   {runtime_call counter_overflow Runtime1 stub}
  0x0000020ad54d03cc: e8af 9036 

  0x0000020ad54d03d0: ; ImmutableOopMap {rdx=Oop }
                      ;*synchronization entry
                      ; - jdk.internal.misc.Unsafe::checkPointer@-1 (line 543)
                      ; - jdk.internal.misc.Unsafe::freeMemoryChecks@3 (line 936)
                      ; - jdk.internal.misc.Unsafe::freeMemory@2 (line 918)
                      ; - java.nio.DirectByteBuffer$Deallocator::run@7 (line 84)
  0x0000020ad54d03d0: 07e9 53fe 

  0x0000020ad54d03d4: ;   {internal_word}
  0x0000020ad54d03d4: ffff 49ba | 4403 4dd5 | 0a02 0000 | 4d89 9768 

  0x0000020ad54d03e4: ;   {runtime_call SafepointBlob}
  0x0000020ad54d03e4: 0400 00e9 | 1453 2a07 | 498b 8700 | 0500 0049 | c787 0005 | 0000 0000 | 0000 49c7 | 8708 0500 
  0x0000020ad54d0404: 0000 0000 | 0048 81c4 | c000 0000 

  0x0000020ad54d0410: ;   {runtime_call unwind_exception Runtime1 stub}
  0x0000020ad54d0410: 5de9 ea06 | 3607 f4f4 
[Stub Code]
  0x0000020ad54d0418: ;   {no_reloc}
  0x0000020ad54d0418: 48bb 0000 | 0000 0000 

  0x0000020ad54d0420: ;   {runtime_call}
  0x0000020ad54d0420: 0000 e9fb 

  0x0000020ad54d0424: ;   {static_stub}
  0x0000020ad54d0424: ffff ff48 | bb00 0000 | 0000 0000 

  0x0000020ad54d0430: ;   {runtime_call}
  0x0000020ad54d0430: 00e9 fbff 

  0x0000020ad54d0434: ;   {static_stub}
  0x0000020ad54d0434: ffff 48bb | 0000 0000 | 0000 0000 

  0x0000020ad54d0440: ;   {runtime_call}
  0x0000020ad54d0440: e9fb ffff 

  0x0000020ad54d0444: ;   {runtime_call handle_exception_from_callee Runtime1 stub}
  0x0000020ad54d0444: ffe8 b658 

  0x0000020ad54d0448: ;   {external_word}
  0x0000020ad54d0448: 3607 48b9 | d0f7 80d7 | fc7f 0000 | 4883 e4f0 

  0x0000020ad54d0458: ;   {runtime_call}
  0x0000020ad54d0458: 48b8 a012 | 49d7 fc7f | 0000 ffd0 

  0x0000020ad54d0464: ;   {section_word}
  0x0000020ad54d0464: f449 ba65 | 044d d50a | 0200 0041 

  0x0000020ad54d0470: ;   {runtime_call DeoptimizationBlob}
  0x0000020ad54d0470: 52e9 2a45 | 2a07 f4f4 
[/MachCode]


Compiled method (c1)  980086 1842   !   3       jdk.internal.ref.Cleaner::clean (35 bytes)
 total in heap  [0x0000020ad54cdc10,0x0000020ad54ce640] = 2608
 relocation     [0x0000020ad54cdd68,0x0000020ad54cde30] = 200
 main code      [0x0000020ad54cde40,0x0000020ad54ce3b0] = 1392
 stub code      [0x0000020ad54ce3b0,0x0000020ad54ce438] = 136
 metadata       [0x0000020ad54ce438,0x0000020ad54ce458] = 32
 scopes data    [0x0000020ad54ce458,0x0000020ad54ce508] = 176
 scopes pcs     [0x0000020ad54ce508,0x0000020ad54ce5f8] = 240
 dependencies   [0x0000020ad54ce5f8,0x0000020ad54ce600] = 8
 handler table  [0x0000020ad54ce600,0x0000020ad54ce630] = 48
 nul chk table  [0x0000020ad54ce630,0x0000020ad54ce640] = 16

[Constant Pool (empty)]

[MachCode]
[Entry Point]
  # {method} {0x0000020a8011f510} 'clean' '()V' in 'jdk/internal/ref/Cleaner'
  #           [sp+0xa0]  (sp of caller)
  0x0000020ad54cde40: 448b 5208 | 49bb 0000 | 0080 0a02 | 0000 4d03 | d34c 3bd0 

  0x0000020ad54cde54: ;   {runtime_call ic_miss_stub}
  0x0000020ad54cde54: 0f85 2609 | 2a07 660f | 1f44 0000 
[Verified Entry Point]
  0x0000020ad54cde60: e91b 9825 | 07ff ff55 | 4881 ec90 | 0000 0090 | 4181 7f20 | 0100 0000 

  0x0000020ad54cde78: ;   {runtime_call StubRoutines (final stubs)}
  0x0000020ad54cde78: 7405 e8e1 | 6e28 0748 | 8954 2468 

  0x0000020ad54cde84: ;   {metadata(method data for {method} {0x0000020a8011f510} 'clean' '()V' in 'jdk/internal/ref/Cleaner')}
  0x0000020ad54cde84: 48be d038 | 3eec 0a02 | 0000 8bbe | cc00 0000 | 83c7 0289 | becc 0000 | 0081 e7fe | 0700 0085 
  0x0000020ad54cdea4: ff0f 84c2 

  0x0000020ad54cdea8: ;   {metadata(method data for {method} {0x0000020a8011f510} 'clean' '()V' in 'jdk/internal/ref/Cleaner')}
  0x0000020ad54cdea8: 0300 0048 | bed0 383e | ec0a 0200 | 0048 8386 | 1001 0000 | 0148 8bf2 | 488b d60f 

  0x0000020ad54cdec4: ;   {static_call}
  0x0000020ad54cdec4: 1f40 00e8 

  0x0000020ad54cdec8: ; ImmutableOopMap {[104]=Oop }
                      ;*invokestatic remove {reexecute=0 rethrow=0 return_oop=0}
                      ; - jdk.internal.ref.Cleaner::clean@1 (line 141)
  0x0000020ad54cdec8: 9409 0000 

  0x0000020ad54cdecc: ;   {other}
  0x0000020ad54cdecc: 0f1f 8400 | bc02 0000 

  0x0000020ad54cded4: ;   {metadata(method data for {method} {0x0000020a8011f510} 'clean' '()V' in 'jdk/internal/ref/Cleaner')}
  0x0000020ad54cded4: 85c0 48ba | d038 3eec | 0a02 0000 | 48be 3001 | 0000 0000 | 0000 740a | 48be 2001 | 0000 0000 
  0x0000020ad54cdef4: 0000 488b | 3c32 488d | 7f01 4889 | 3c32 0f84 | 4f03 0000 | 488b 5424 | 688b 7224 | 48c1 e603 
  0x0000020ad54cdf14: ; implicit exception: dispatches to 0x0000020ad54ce28e
  0x0000020ad54cdf14: 483b 0648 

  0x0000020ad54cdf18: ;   {metadata(method data for {method} {0x0000020a8011f510} 'clean' '()V' in 'jdk/internal/ref/Cleaner')}
  0x0000020ad54cdf18: 8bfe 48bb | d038 3eec | 0a02 0000 | 8b7f 0849 | ba00 0000 | 800a 0200 | 0049 03fa | 483b bb50 
  0x0000020ad54cdf38: 0100 0075 | 0d48 8383 | 5801 0000 | 01e9 6000 | 0000 483b | bb60 0100 | 0075 0d48 | 8383 6801 
  0x0000020ad54cdf58: 0000 01e9 | 4a00 0000 | 4883 bb50 | 0100 0000 | 7517 4889 | bb50 0100 | 0048 c783 | 5801 0000 
  0x0000020ad54cdf78: 0100 0000 | e929 0000 | 0048 83bb | 6001 0000 | 0075 1748 | 89bb 6001 | 0000 48c7 | 8368 0100 
  0x0000020ad54cdf98: 0001 0000 | 00e9 0800 | 0000 4883 | 8340 0100 | 0001 488b | d648 b8ff | ffff ffff 

  0x0000020ad54cdfb4: ;   {virtual_call}
  0x0000020ad54cdfb4: ffff ffe8 

  0x0000020ad54cdfb8: ; ImmutableOopMap {[104]=Oop }
                      ;*invokeinterface run {reexecute=0 rethrow=0 return_oop=0}
                      ; - jdk.internal.ref.Cleaner::clean@12 (line 144)
  0x0000020ad54cdfb8: a4d6 2907 

  0x0000020ad54cdfbc: ;   {other}
  0x0000020ad54cdfbc: 0f1f 8400 | ac03 0001 | e968 0200 | 004c 8b44 | 2468 498b | 8700 0500 | 004d 33d2 | 4d89 9700 
  0x0000020ad54cdfdc: 0500 004d | 33d2 4d89 | 9708 0500 | 004c 8bc8 | 0f1f 4000 

  0x0000020ad54cdff0: ;   {no_reloc}
  0x0000020ad54cdff0: e9ad 0200 | 0000 0000 | 0000 e9ad | 0200 0048 

  0x0000020ad54ce000: ;   {metadata(method data for {method} {0x0000020a8011f510} 'clean' '()V' in 'jdk/internal/ref/Cleaner')}
  0x0000020ad54ce000: 8bd0 48be | d038 3eec | 0a02 0000 | 4883 8690 | 0100 0001 | 488b d048 | 8944 2470 

  0x0000020ad54ce01c: ;   {optimized virtual_call}
  0x0000020ad54ce01c: 6666 90e8 

  0x0000020ad54ce020: ; ImmutableOopMap {[112]=Oop }
                      ;*invokespecial <init> {reexecute=0 rethrow=0 return_oop=0}
                      ; - jdk.internal.ref.Cleaner::clean@27 (line 146)
  0x0000020ad54ce020: 5c0a 2a07 

  0x0000020ad54ce024: ;   {other}
  0x0000020ad54ce024: 0f1f 8400 | 1404 0002 

  0x0000020ad54ce02c: ;   {metadata(method data for {method} {0x0000020a8011f510} 'clean' '()V' in 'jdk/internal/ref/Cleaner')}
  0x0000020ad54ce02c: 48be d038 | 3eec 0a02 | 0000 4883 | 86a0 0100 

  0x0000020ad54ce03c: ;   {metadata(method data for {method} {0x0000020a804785d0} 'doPrivileged' '(Ljava/security/PrivilegedAction;)Ljava/lang/Object;' in 'java/security/AccessController')}
  0x0000020ad54ce03c: 0001 48be | 505d 0dec | 0a02 0000 | 8bbe cc00 | 0000 83c7 | 0289 becc | 0000 0081 | e7fe ff1f 
  0x0000020ad54ce05c: 0085 ff0f | 8454 0200 

  0x0000020ad54ce064: ;   {metadata(method data for {method} {0x0000020a804785d0} 'doPrivileged' '(Ljava/security/PrivilegedAction;)Ljava/lang/Object;' in 'java/security/AccessController')}
  0x0000020ad54ce064: 0048 be50 | 5d0d ec0a | 0200 0048 | 8386 1001 

  0x0000020ad54ce074: ;   {static_call}
  0x0000020ad54ce074: 0000 01e8 

  0x0000020ad54ce078: ; ImmutableOopMap {[112]=Oop }
                      ;*invokestatic getCallerClass {reexecute=0 rethrow=0 return_oop=0}
                      ; - java.security.AccessController::doPrivileged@2 (line 319)
                      ; - jdk.internal.ref.Cleaner::clean@30 (line 146)
  0x0000020ad54ce078: 0410 2a07 

  0x0000020ad54ce07c: ;   {other}
  0x0000020ad54ce07c: 0f1f 8400 | 6c04 0003 

  0x0000020ad54ce084: ;   {metadata(method data for {method} {0x0000020a804785d0} 'doPrivileged' '(Ljava/security/PrivilegedAction;)Ljava/lang/Object;' in 'java/security/AccessController')}
  0x0000020ad54ce084: 48ba 505d | 0dec 0a02 | 0000 4883 | 8220 0100 

  0x0000020ad54ce094: ;   {metadata(method data for {method} {0x0000020a804789b8} 'executePrivileged' '(Ljava/security/PrivilegedAction;Ljava/security/AccessControlContext;Ljava/lang/Class;)Ljava/lang/Object;' in 'java/security/AccessController')}
  0x0000020ad54ce094: 0001 48ba | c05e 0dec | 0a02 0000 | 8bb2 cc00 | 0000 83c6 | 0289 b2cc | 0000 0081 | e6fe ff1f 
  0x0000020ad54ce0b4: 0085 f60f | 841d 0200 

  0x0000020ad54ce0bc: ;   {metadata(method data for {method} {0x0000020a804789b8} 'executePrivileged' '(Ljava/security/PrivilegedAction;Ljava/security/AccessControlContext;Ljava/lang/Class;)Ljava/lang/Object;' in 'java/security/AccessController')}
  0x0000020ad54ce0bc: 0048 bac0 | 5e0d ec0a | 0200 00ff | 8210 0100 

  0x0000020ad54ce0cc: ;   {metadata(method data for {method} {0x0000020a804789b8} 'executePrivileged' '(Ljava/security/PrivilegedAction;Ljava/security/AccessControlContext;Ljava/lang/Class;)Ljava/lang/Object;' in 'java/security/AccessController')}
  0x0000020ad54ce0cc: 0048 bac0 | 5e0d ec0a | 0200 00ff | 8240 0100 | 0048 8944 | 2478 488b | 4424 7048 

  0x0000020ad54ce0e8: ;   {metadata(method data for {method} {0x0000020a804789b8} 'executePrivileged' '(Ljava/security/PrivilegedAction;Ljava/security/AccessControlContext;Ljava/lang/Class;)Ljava/lang/Object;' in 'java/security/AccessController')}
  0x0000020ad54ce0e8: 8bd0 48bf | c05e 0dec | 0a02 0000 | 8b52 0849 | ba00 0000 | 800a 0200 | 0049 03d2 | 483b 97b0 
  0x0000020ad54ce108: 0100 0075 | 0d48 8387 | b801 0000 | 01e9 6000 | 0000 483b | 97c0 0100 | 0075 0d48 | 8387 c801 
  0x0000020ad54ce128: 0000 01e9 | 4a00 0000 | 4883 bfb0 | 0100 0000 | 7517 4889 | 97b0 0100 | 0048 c787 | b801 0000 
  0x0000020ad54ce148: 0100 0000 | e929 0000 | 0048 83bf | c001 0000 | 0075 1748 | 8997 c001 | 0000 48c7 | 87c8 0100 
  0x0000020ad54ce168: 0001 0000 | 00e9 0800 | 0000 4883 | 87a0 0100 | 0001 488b | d048 b8ff | ffff ffff 

  0x0000020ad54ce184: ;   {virtual_call}
  0x0000020ad54ce184: ffff ffe8 

  0x0000020ad54ce188: ; ImmutableOopMap {[120]=Oop }
                      ;*invokeinterface run {reexecute=0 rethrow=0 return_oop=0}
                      ; - java.security.AccessController::executePrivileged@29 (line 778)
                      ; - java.security.AccessController::doPrivileged@5 (line 319)
                      ; - jdk.internal.ref.Cleaner::clean@30 (line 146)
  0x0000020ad54ce188: f40b 2a07 

  0x0000020ad54ce18c: ;   {other}
  0x0000020ad54ce18c: 0f1f 8400 | 7c05 0004 

  0x0000020ad54ce194: ;   {metadata(method data for {method} {0x0000020a804789b8} 'executePrivileged' '(Ljava/security/PrivilegedAction;Ljava/security/AccessControlContext;Ljava/lang/Class;)Ljava/lang/Object;' in 'java/security/AccessController')}
  0x0000020ad54ce194: 48be c05e | 0dec 0a02 | 0000 ff86 | d801 0000 | 488b 7424 

  0x0000020ad54ce1a8: ;   {metadata(method data for {method} {0x0000020a804789b8} 'executePrivileged' '(Ljava/security/PrivilegedAction;Ljava/security/AccessControlContext;Ljava/lang/Class;)Ljava/lang/Object;' in 'java/security/AccessController')}
  0x0000020ad54ce1a8: 7848 bfc0 | 5e0d ec0a | 0200 0048 | 8387 3802 

  0x0000020ad54ce1b8: ;   {metadata(method data for {method} {0x0000020a8003d490} 'reachabilityFence' '(Ljava/lang/Object;)V' in 'java/lang/ref/Reference')}
  0x0000020ad54ce1b8: 0000 0148 | bf80 f304 | ec0a 0200 | 008b 9fcc | 0000 0083 | c302 899f | cc00 0000 | 81e3 feff 
  0x0000020ad54ce1d8: 1f00 85db | 0f84 1901 

  0x0000020ad54ce1e0: ;   {metadata(method data for {method} {0x0000020a804789b8} 'executePrivileged' '(Ljava/security/PrivilegedAction;Ljava/security/AccessControlContext;Ljava/lang/Class;)Ljava/lang/Object;' in 'java/security/AccessController')}
  0x0000020ad54ce1e0: 0000 48be | c05e 0dec | 0a02 0000 | 4883 8648 | 0200 0001 

  0x0000020ad54ce1f4: ;   {metadata(method data for {method} {0x0000020a8003d490} 'reachabilityFence' '(Ljava/lang/Object;)V' in 'java/lang/ref/Reference')}
  0x0000020ad54ce1f4: 48be 80f3 | 04ec 0a02 | 0000 8bbe | cc00 0000 | 83c7 0289 | becc 0000 | 0081 e7fe | ff1f 0085 
  0x0000020ad54ce214: ff0f 8401 | 0100 0048 | 81c4 9000 

  0x0000020ad54ce220: ;   {poll_return}
  0x0000020ad54ce220: 0000 5d49 | 3ba7 5004 | 0000 0f87 | 0d01 0000 

  0x0000020ad54ce230: ;   {metadata(method data for {method} {0x0000020a8011f510} 'clean' '()V' in 'jdk/internal/ref/Cleaner')}
  0x0000020ad54ce230: c348 bed0 | 383e ec0a | 0200 00ff | 8678 0100 | 0048 81c4 | 9000 0000 

  0x0000020ad54ce248: ;   {poll_return}
  0x0000020ad54ce248: 5d49 3ba7 | 5004 0000 | 0f87 fd00 | 0000 c348 | 81c4 9000 

  0x0000020ad54ce25c: ;   {poll_return}
  0x0000020ad54ce25c: 0000 5d49 | 3ba7 5004 | 0000 0f87 | fd00 0000 

  0x0000020ad54ce26c: ;   {metadata({method} {0x0000020a8011f510} 'clean' '()V' in 'jdk/internal/ref/Cleaner')}
  0x0000020ad54ce26c: c349 ba08 | f511 800a | 0200 004c | 8954 2408 | 48c7 0424 | ffff ffff 

  0x0000020ad54ce284: ;   {runtime_call counter_overflow Runtime1 stub}
  0x0000020ad54ce284: e8f7 b136 

  0x0000020ad54ce288: ; ImmutableOopMap {rdx=Oop [104]=Oop }
                      ;*synchronization entry
                      ; - jdk.internal.ref.Cleaner::clean@-1 (line 141)
  0x0000020ad54ce288: 07e9 1dfc 

  0x0000020ad54ce28c: ;   {runtime_call throw_null_pointer_exception Runtime1 stub}
  0x0000020ad54ce28c: ffff e86d 

  0x0000020ad54ce290: ; ImmutableOopMap {rdx=Oop rsi=Oop [104]=Oop }
                      ;*invokeinterface run {reexecute=0 rethrow=0 return_oop=0}
                      ; - jdk.internal.ref.Cleaner::clean@12 (line 144)
                      ;   {metadata(nullptr)}
  0x0000020ad54ce290: 4936 0748 | ba00 0000 | 0000 0000 | 00b8 000f 

  0x0000020ad54ce2a0: ;   {runtime_call load_klass_patching Runtime1 stub}
  0x0000020ad54ce2a0: 050a e859 

  0x0000020ad54ce2a4: ; ImmutableOopMap {r8=Oop r9=Oop [104]=Oop }
                      ;*new {reexecute=1 rethrow=0 return_oop=0}
                      ; - (reexecute) jdk.internal.ref.Cleaner::clean@21 (line 146)
  0x0000020ad54ce2a4: a136 07e9 | 44fd ffff 

  0x0000020ad54ce2ac: ;   {runtime_call new_instance Runtime1 stub}
  0x0000020ad54ce2ac: 488b d2e8 

  0x0000020ad54ce2b0: ; ImmutableOopMap {r8=Oop r9=Oop [104]=Oop }
                      ;*new {reexecute=0 rethrow=0 return_oop=0}
                      ; - jdk.internal.ref.Cleaner::clean@21 (line 146)
  0x0000020ad54ce2b0: cc53 3607 | e946 fdff 

  0x0000020ad54ce2b8: ;   {metadata({method} {0x0000020a804785d0} 'doPrivileged' '(Ljava/security/PrivilegedAction;)Ljava/lang/Object;' in 'java/security/AccessController')}
  0x0000020ad54ce2b8: ff49 bac8 | 8547 800a | 0200 004c | 8954 2408 | 48c7 0424 | ffff ffff 

  0x0000020ad54ce2d0: ;   {runtime_call counter_overflow Runtime1 stub}
  0x0000020ad54ce2d0: e8ab b136 

  0x0000020ad54ce2d4: ; ImmutableOopMap {[112]=Oop }
                      ;*synchronization entry
                      ; - java.security.AccessController::doPrivileged@-1 (line 319)
                      ; - jdk.internal.ref.Cleaner::clean@30 (line 146)
  0x0000020ad54ce2d4: 07e9 8bfd 

  0x0000020ad54ce2d8: ;   {metadata({method} {0x0000020a804789b8} 'executePrivileged' '(Ljava/security/PrivilegedAction;Ljava/security/AccessControlContext;Ljava/lang/Class;)Ljava/lang/Object;' in 'java/security/AccessController')}
  0x0000020ad54ce2d8: ffff 49ba | b089 4780 | 0a02 0000 | 4c89 5424 | 0848 c704 | 24ff ffff 

  0x0000020ad54ce2f0: ;   {runtime_call counter_overflow Runtime1 stub}
  0x0000020ad54ce2f0: ffe8 8ab1 

  0x0000020ad54ce2f4: ; ImmutableOopMap {rax=Oop [112]=Oop }
                      ;*synchronization entry
                      ; - java.security.AccessController::executePrivileged@-1 (line 773)
                      ; - java.security.AccessController::doPrivileged@5 (line 319)
                      ; - jdk.internal.ref.Cleaner::clean@30 (line 146)
  0x0000020ad54ce2f4: 3607 e9c2 

  0x0000020ad54ce2f8: ;   {metadata({method} {0x0000020a8003d490} 'reachabilityFence' '(Ljava/lang/Object;)V' in 'java/lang/ref/Reference')}
  0x0000020ad54ce2f8: fdff ff49 | ba88 d403 | 800a 0200 | 004c 8954 | 2408 48c7 | 0424 ffff 

  0x0000020ad54ce310: ;   {runtime_call counter_overflow Runtime1 stub}
  0x0000020ad54ce310: ffff e869 

  0x0000020ad54ce314: ; ImmutableOopMap {rax=Oop rsi=Oop }
                      ;*synchronization entry
                      ; - java.lang.ref.Reference::reachabilityFence@-1 (line 628)
                      ; - java.security.AccessController::executePrivileged@56 (line 783)
                      ; - java.security.AccessController::doPrivileged@5 (line 319)
                      ; - jdk.internal.ref.Cleaner::clean@30 (line 146)
  0x0000020ad54ce314: b136 07e9 | c6fe ffff 

  0x0000020ad54ce31c: ;   {metadata({method} {0x0000020a8003d490} 'reachabilityFence' '(Ljava/lang/Object;)V' in 'java/lang/ref/Reference')}
  0x0000020ad54ce31c: 49ba 88d4 | 0380 0a02 | 0000 4c89 | 5424 0848 | c704 24ff 

  0x0000020ad54ce330: ;   {runtime_call counter_overflow Runtime1 stub}
  0x0000020ad54ce330: ffff ffe8 

  0x0000020ad54ce334: ; ImmutableOopMap {rax=Oop }
                      ;*synchronization entry
                      ; - java.lang.ref.Reference::reachabilityFence@-1 (line 628)
                      ; - java.security.AccessController::executePrivileged@60 (line 784)
                      ; - java.security.AccessController::doPrivileged@5 (line 319)
                      ; - jdk.internal.ref.Cleaner::clean@30 (line 146)
  0x0000020ad54ce334: 48b1 3607 | e9de feff 

  0x0000020ad54ce33c: ;   {internal_word}
  0x0000020ad54ce33c: ff49 ba23 | e24c d50a | 0200 004d | 8997 6804 

  0x0000020ad54ce34c: ;   {runtime_call SafepointBlob}
  0x0000020ad54ce34c: 0000 e9ad 

  0x0000020ad54ce350: ;   {internal_word}
  0x0000020ad54ce350: 732a 0749 | ba49 e24c | d50a 0200 | 004d 8997 | 6804 0000 

  0x0000020ad54ce364: ;   {runtime_call SafepointBlob}
  0x0000020ad54ce364: e997 732a 

  0x0000020ad54ce368: ;   {internal_word}
  0x0000020ad54ce368: 0749 ba5f | e24c d50a | 0200 004d | 8997 6804 

  0x0000020ad54ce378: ;   {runtime_call SafepointBlob}
  0x0000020ad54ce378: 0000 e981 | 732a 0749 | 8b87 0005 | 0000 49c7 | 8700 0500 | 0000 0000 | 0049 c787 | 0805 0000 
  0x0000020ad54ce398: 0000 0000 | 4881 c490 | 0000 005d 

  0x0000020ad54ce3a4: ;   {runtime_call unwind_exception Runtime1 stub}
  0x0000020ad54ce3a4: e957 2736 | 07f4 f4f4 | f4f4 f4f4 
[Stub Code]
  0x0000020ad54ce3b0: ;   {no_reloc}
  0x0000020ad54ce3b0: 0f1f 4400 

  0x0000020ad54ce3b4: ;   {static_stub}
  0x0000020ad54ce3b4: 0048 bb00 | 0000 0000 

  0x0000020ad54ce3bc: ;   {runtime_call}
  0x0000020ad54ce3bc: 0000 00e9 | fbff ffff 

  0x0000020ad54ce3c4: ;   {static_stub}
  0x0000020ad54ce3c4: 9048 bb00 | 0000 0000 

  0x0000020ad54ce3cc: ;   {runtime_call}
  0x0000020ad54ce3cc: 0000 00e9 | fbff ffff 

  0x0000020ad54ce3d4: ;   {static_stub}
  0x0000020ad54ce3d4: 9048 bb00 | 0000 0000 

  0x0000020ad54ce3dc: ;   {runtime_call}
  0x0000020ad54ce3dc: 0000 00e9 | fbff ffff 

  0x0000020ad54ce3e4: ;   {static_stub}
  0x0000020ad54ce3e4: 48bb 88f8 | 1180 0a02 

  0x0000020ad54ce3ec: ;   {runtime_call I2C/C2I adapters}
  0x0000020ad54ce3ec: 0000 e970 

  0x0000020ad54ce3f0: ;   {static_stub}
  0x0000020ad54ce3f0: 502a 0748 | bb00 0000 | 0000 0000 

  0x0000020ad54ce3fc: ;   {runtime_call}
  0x0000020ad54ce3fc: 00e9 fbff 

  0x0000020ad54ce400: ;   {runtime_call handle_exception_from_callee Runtime1 stub}
  0x0000020ad54ce400: ffff e8f9 

  0x0000020ad54ce404: ;   {external_word}
  0x0000020ad54ce404: 7836 0748 | b9d0 f780 | d7fc 7f00 | 0048 83e4 

  0x0000020ad54ce414: ;   {runtime_call}
  0x0000020ad54ce414: f048 b8a0 | 1249 d7fc | 7f00 00ff 

  0x0000020ad54ce420: ;   {section_word}
  0x0000020ad54ce420: d0f4 49ba | 22e4 4cd5 | 0a02 0000 

  0x0000020ad54ce42c: ;   {runtime_call DeoptimizationBlob}
  0x0000020ad54ce42c: 4152 e96d | 652a 07f4 | f4f4 f4f4 
[/MachCode]


---------------  P R O C E S S  ---------------

Threads class SMR info:
_java_thread_list=0x0000020b1c8a9470, length=13, elements={
0x0000020acaaa0540, 0x0000020aeb8e9f20, 0x0000020aeb8ea980, 0x0000020aeb8eb3e0,
0x0000020aeb8ec0c0, 0x0000020aeb8f0fb0, 0x0000020aeb8f4640, 0x0000020aeb8fdaa0,
0x0000020aeb909fd0, 0x0000020aebb6eaf0, 0x0000020aebb71b40, 0x0000020af990cae0,
0x0000020af990c450
}

Java Threads: ( => current thread )
  0x0000020acaaa0540 JavaThread "main"                              [_thread_blocked, id=7064, stack(0x000000ddf6500000,0x000000ddf6600000) (1024K)]
=>0x0000020aeb8e9f20 JavaThread "Reference Handler"          daemon [_thread_in_vm, id=8588, stack(0x000000ddf6d00000,0x000000ddf6e00000) (1024K)]
  0x0000020aeb8ea980 JavaThread "Finalizer"                  daemon [_thread_blocked, id=10024, stack(0x000000ddf6e00000,0x000000ddf6f00000) (1024K)]
  0x0000020aeb8eb3e0 JavaThread "Signal Dispatcher"          daemon [_thread_blocked, id=14980, stack(0x000000ddf6f00000,0x000000ddf7000000) (1024K)]
  0x0000020aeb8ec0c0 JavaThread "Attach Listener"            daemon [_thread_blocked, id=11876, stack(0x000000ddf7000000,0x000000ddf7100000) (1024K)]
  0x0000020aeb8f0fb0 JavaThread "Service Thread"             daemon [_thread_blocked, id=10044, stack(0x000000ddf7100000,0x000000ddf7200000) (1024K)]
  0x0000020aeb8f4640 JavaThread "Monitor Deflation Thread"   daemon [_thread_blocked, id=12956, stack(0x000000ddf7200000,0x000000ddf7300000) (1024K)]
  0x0000020aeb8fdaa0 JavaThread "C2 CompilerThread0"         daemon [_thread_blocked, id=16232, stack(0x000000ddf7300000,0x000000ddf7400000) (1024K)]
  0x0000020aeb909fd0 JavaThread "C1 CompilerThread0"         daemon [_thread_blocked, id=2944, stack(0x000000ddf7400000,0x000000ddf7500000) (1024K)]
  0x0000020aebb6eaf0 JavaThread "Notification Thread"        daemon [_thread_blocked, id=14368, stack(0x000000ddf7500000,0x000000ddf7600000) (1024K)]
  0x0000020aebb71b40 JavaThread "Common-Cleaner"             daemon [_thread_blocked, id=3904, stack(0x000000ddf7600000,0x000000ddf7700000) (1024K)]
  0x0000020af990cae0 JavaThread "Java2D Disposer"            daemon [_thread_blocked, id=6408, stack(0x000000ddf8800000,0x000000ddf8900000) (1024K)]
  0x0000020af990c450 JavaThread "AWT-Windows"                daemon [_thread_in_native, id=15876, stack(0x000000ddf8a00000,0x000000ddf8b00000) (1024K)]
Total: 13

Other Threads:
  0x0000020aeb8cf7d0 VMThread "VM Thread"                           [id=7936, stack(0x000000ddf6c00000,0x000000ddf6d00000) (1024K)]
  0x0000020aeb8b14b0 WatcherThread "VM Periodic Task Thread"        [id=9740, stack(0x000000ddf6b00000,0x000000ddf6c00000) (1024K)]
  0x0000020accdd74d0 WorkerThread "GC Thread#0"                     [id=15788, stack(0x000000ddf6600000,0x000000ddf6700000) (1024K)]
  0x0000020afa4f3e00 WorkerThread "GC Thread#1"                     [id=7012, stack(0x000000ddf9500000,0x000000ddf9600000) (1024K)]
  0x0000020afa58e5c0 WorkerThread "GC Thread#2"                     [id=7280, stack(0x000000ddf9600000,0x000000ddf9700000) (1024K)]
  0x0000020afa58e960 WorkerThread "GC Thread#3"                     [id=2416, stack(0x000000ddf9700000,0x000000ddf9800000) (1024K)]
  0x0000020b1ac9a140 WorkerThread "GC Thread#4"                     [id=6240, stack(0x000000ddf9800000,0x000000ddf9900000) (1024K)]
  0x0000020b1afcfe70 WorkerThread "GC Thread#5"                     [id=5248, stack(0x000000ddf9900000,0x000000ddf9a00000) (1024K)]
  0x0000020b1afd05b0 WorkerThread "GC Thread#6"                     [id=12312, stack(0x000000ddf9a00000,0x000000ddf9b00000) (1024K)]
  0x0000020b1afd0cf0 WorkerThread "GC Thread#7"                     [id=15916, stack(0x000000ddf9b00000,0x000000ddf9c00000) (1024K)]
  0x0000020afa109c70 WorkerThread "GC Thread#8"                     [id=13784, stack(0x000000ddf6300000,0x000000ddf6400000) (1024K)]
  0x0000020afa108df0 WorkerThread "GC Thread#9"                     [id=16168, stack(0x000000ddf6400000,0x000000ddf6500000) (1024K)]
  0x0000020accde6270 ConcurrentGCThread "G1 Main Marker"            [id=16252, stack(0x000000ddf6700000,0x000000ddf6800000) (1024K)]
  0x0000020accdeb250 WorkerThread "G1 Conc#0"                       [id=8708, stack(0x000000ddf6800000,0x000000ddf6900000) (1024K)]
  0x0000020aeb781980 ConcurrentGCThread "G1 Refine#0"               [id=6152, stack(0x000000ddf6900000,0x000000ddf6a00000) (1024K)]
  0x0000020aeb7821a0 ConcurrentGCThread "G1 Service"                [id=13440, stack(0x000000ddf6a00000,0x000000ddf6b00000) (1024K)]
Total: 16

Threads with active compile tasks:
Total: 0

VM state: not at safepoint (normal execution)

VM Mutex/Monitor currently owned by a thread: None

Heap address: 0x0000000722400000, size: 3548 MB, Compressed Oops mode: Zero based, Oop shift amount: 3

CDS archive(s) mapped at: [0x0000020a80000000-0x0000020a80c90000-0x0000020a80c90000), size 13172736, SharedBaseAddress: 0x0000020a80000000, ArchiveRelocationMode: 1.
Compressed class space mapped at: 0x0000020a81000000-0x0000020ac1000000, reserved size: 1073741824
Narrow klass base: 0x0000020a80000000, Narrow klass shift: 0, Narrow klass range: 0x100000000

GC Precious Log:
 CardTable entry size: 512
 Card Set container configuration: InlinePtr #cards 4 size 8 Array Of Cards #cards 16 size 48 Howl #buckets 8 coarsen threshold 3686 Howl Bitmap #cards 512 size 80 coarsen threshold 460 Card regions per heap region 1 cards per card region 4096
 CPUs: 12 total, 12 available
 Memory: 14188M
 Large Page Support: Disabled
 NUMA Support: Disabled
 Compressed Oops: Enabled (Zero based)
 Heap Region Size: 2M
 Heap Min Capacity: 8M
 Heap Initial Capacity: 222M
 Heap Max Capacity: 3548M
 Pre-touch: Disabled
 Parallel Workers: 10
 Concurrent Workers: 3
 Concurrent Refinement Workers: 10
 Periodic GC: Disabled

Heap:
 garbage-first heap   total 227328K, used 50571K [0x0000000722400000, 0x0000000800000000)
  region size 2048K, 4 young (8192K), 3 survivors (6144K)
 Metaspace       used 10286K, committed 10432K, reserved 1114112K
  class space    used 629K, committed 704K, reserved 1048576K

Heap Regions: E=young(eden), S=young(survivor), O=old, HS=humongous(starts), HC=humongous(continues), CS=collection set, F=free, TAMS=top-at-mark-start, PB=parsable bottom
|   0|0x0000000722400000, 0x0000000722600000, 0x0000000722600000|100%|HS|  |TAMS 0x0000000722400000| PB 0x0000000722400000| Complete 
|   1|0x0000000722600000, 0x0000000722800000, 0x0000000722800000|100%|HC|  |TAMS 0x0000000722600000| PB 0x0000000722600000| Complete 
|   2|0x0000000722800000, 0x0000000722a00000, 0x0000000722a00000|100%|HC|  |TAMS 0x0000000722800000| PB 0x0000000722800000| Complete 
|   3|0x0000000722a00000, 0x0000000722c00000, 0x0000000722c00000|100%|HC|  |TAMS 0x0000000722a00000| PB 0x0000000722a00000| Complete 
|   4|0x0000000722c00000, 0x0000000722e00000, 0x0000000722e00000|100%|HC|  |TAMS 0x0000000722c00000| PB 0x0000000722c00000| Complete 
|   5|0x0000000722e00000, 0x0000000723000000, 0x0000000723000000|100%|HC|  |TAMS 0x0000000722e00000| PB 0x0000000722e00000| Complete 
|   6|0x0000000723000000, 0x0000000723200000, 0x0000000723200000|100%|HC|  |TAMS 0x0000000723000000| PB 0x0000000723000000| Complete 
|   7|0x0000000723200000, 0x0000000723400000, 0x0000000723400000|100%|HC|  |TAMS 0x0000000723200000| PB 0x0000000723200000| Complete 
|   8|0x0000000723400000, 0x0000000723600000, 0x0000000723600000|100%|HC|  |TAMS 0x0000000723400000| PB 0x0000000723400000| Complete 
|   9|0x0000000723600000, 0x0000000723800000, 0x0000000723800000|100%|HC|  |TAMS 0x0000000723600000| PB 0x0000000723600000| Complete 
|  10|0x0000000723800000, 0x0000000723a00000, 0x0000000723a00000|100%|HC|  |TAMS 0x0000000723800000| PB 0x0000000723800000| Complete 
|  11|0x0000000723a00000, 0x0000000723c00000, 0x0000000723c00000|100%|HC|  |TAMS 0x0000000723a00000| PB 0x0000000723a00000| Complete 
|  12|0x0000000723c00000, 0x0000000723e00000, 0x0000000723e00000|100%|HC|  |TAMS 0x0000000723c00000| PB 0x0000000723c00000| Complete 
|  13|0x0000000723e00000, 0x0000000724000000, 0x0000000724000000|100%|HC|  |TAMS 0x0000000723e00000| PB 0x0000000723e00000| Complete 
|  14|0x0000000724000000, 0x0000000724200000, 0x0000000724200000|100%|HC|  |TAMS 0x0000000724000000| PB 0x0000000724000000| Complete 
|  15|0x0000000724200000, 0x0000000724400000, 0x0000000724400000|100%|HC|  |TAMS 0x0000000724200000| PB 0x0000000724200000| Complete 
|  16|0x0000000724400000, 0x0000000724600000, 0x0000000724600000|100%|HC|  |TAMS 0x0000000724400000| PB 0x0000000724400000| Complete 
|  17|0x0000000724600000, 0x0000000724600000, 0x0000000724800000|  0%| F|  |TAMS 0x0000000724600000| PB 0x0000000724600000| Untracked 
|  18|0x0000000724800000, 0x0000000724800000, 0x0000000724a00000|  0%| F|  |TAMS 0x0000000724800000| PB 0x0000000724800000| Untracked 
|  19|0x0000000724a00000, 0x0000000724a00000, 0x0000000724c00000|  0%| F|  |TAMS 0x0000000724a00000| PB 0x0000000724a00000| Untracked 
|  20|0x0000000724c00000, 0x0000000724c00000, 0x0000000724e00000|  0%| F|  |TAMS 0x0000000724c00000| PB 0x0000000724c00000| Untracked 
|  21|0x0000000724e00000, 0x0000000724e00000, 0x0000000725000000|  0%| F|  |TAMS 0x0000000724e00000| PB 0x0000000724e00000| Untracked 
|  22|0x0000000725000000, 0x0000000725000000, 0x0000000725200000|  0%| F|  |TAMS 0x0000000725000000| PB 0x0000000725000000| Untracked 
|  23|0x0000000725200000, 0x0000000725200000, 0x0000000725400000|  0%| F|  |TAMS 0x0000000725200000| PB 0x0000000725200000| Untracked 
|  24|0x0000000725400000, 0x0000000725400000, 0x0000000725600000|  0%| F|  |TAMS 0x0000000725400000| PB 0x0000000725400000| Untracked 
|  25|0x0000000725600000, 0x0000000725600000, 0x0000000725800000|  0%| F|  |TAMS 0x0000000725600000| PB 0x0000000725600000| Untracked 
|  26|0x0000000725800000, 0x0000000725800000, 0x0000000725a00000|  0%| F|  |TAMS 0x0000000725800000| PB 0x0000000725800000| Untracked 
|  27|0x0000000725a00000, 0x0000000725a00000, 0x0000000725c00000|  0%| F|  |TAMS 0x0000000725a00000| PB 0x0000000725a00000| Untracked 
|  28|0x0000000725c00000, 0x0000000725c00000, 0x0000000725e00000|  0%| F|  |TAMS 0x0000000725c00000| PB 0x0000000725c00000| Untracked 
|  29|0x0000000725e00000, 0x0000000725e00000, 0x0000000726000000|  0%| F|  |TAMS 0x0000000725e00000| PB 0x0000000725e00000| Untracked 
|  30|0x0000000726000000, 0x0000000726000000, 0x0000000726200000|  0%| F|  |TAMS 0x0000000726000000| PB 0x0000000726000000| Untracked 
|  31|0x0000000726200000, 0x0000000726200000, 0x0000000726400000|  0%| F|  |TAMS 0x0000000726200000| PB 0x0000000726200000| Untracked 
|  32|0x0000000726400000, 0x0000000726400000, 0x0000000726600000|  0%| F|  |TAMS 0x0000000726400000| PB 0x0000000726400000| Untracked 
|  33|0x0000000726600000, 0x0000000726600000, 0x0000000726800000|  0%| F|  |TAMS 0x0000000726600000| PB 0x0000000726600000| Untracked 
|  34|0x0000000726800000, 0x0000000726a00000, 0x0000000726a00000|100%| O|  |TAMS 0x0000000726800000| PB 0x0000000726800000| Untracked 
|  35|0x0000000726a00000, 0x0000000726c00000, 0x0000000726c00000|100%| O|  |TAMS 0x0000000726a00000| PB 0x0000000726a00000| Untracked 
|  36|0x0000000726c00000, 0x0000000726e00000, 0x0000000726e00000|100%| O|  |TAMS 0x0000000726c00000| PB 0x0000000726c00000| Untracked 
|  37|0x0000000726e00000, 0x0000000727000000, 0x0000000727000000|100%| O|  |TAMS 0x0000000726e00000| PB 0x0000000726e00000| Untracked 
|  38|0x0000000727000000, 0x0000000727162c00, 0x0000000727200000| 69%| O|  |TAMS 0x0000000727000000| PB 0x0000000727000000| Untracked 
|  39|0x0000000727200000, 0x0000000727200000, 0x0000000727400000|  0%| F|  |TAMS 0x0000000727200000| PB 0x0000000727200000| Untracked 
|  40|0x0000000727400000, 0x0000000727400000, 0x0000000727600000|  0%| F|  |TAMS 0x0000000727400000| PB 0x0000000727400000| Untracked 
|  41|0x0000000727600000, 0x0000000727600000, 0x0000000727800000|  0%| F|  |TAMS 0x0000000727600000| PB 0x0000000727600000| Untracked 
|  42|0x0000000727800000, 0x0000000727800000, 0x0000000727a00000|  0%| F|  |TAMS 0x0000000727800000| PB 0x0000000727800000| Untracked 
|  43|0x0000000727a00000, 0x0000000727a00000, 0x0000000727c00000|  0%| F|  |TAMS 0x0000000727a00000| PB 0x0000000727a00000| Untracked 
|  44|0x0000000727c00000, 0x0000000727c00000, 0x0000000727e00000|  0%| F|  |TAMS 0x0000000727c00000| PB 0x0000000727c00000| Untracked 
|  45|0x0000000727e00000, 0x0000000727e00000, 0x0000000728000000|  0%| F|  |TAMS 0x0000000727e00000| PB 0x0000000727e00000| Untracked 
|  46|0x0000000728000000, 0x0000000728000000, 0x0000000728200000|  0%| F|  |TAMS 0x0000000728000000| PB 0x0000000728000000| Untracked 
|  47|0x0000000728200000, 0x0000000728200000, 0x0000000728400000|  0%| F|  |TAMS 0x0000000728200000| PB 0x0000000728200000| Untracked 
|  48|0x0000000728400000, 0x0000000728400000, 0x0000000728600000|  0%| F|  |TAMS 0x0000000728400000| PB 0x0000000728400000| Untracked 
|  49|0x0000000728600000, 0x0000000728600000, 0x0000000728800000|  0%| F|  |TAMS 0x0000000728600000| PB 0x0000000728600000| Untracked 
|  50|0x0000000728800000, 0x0000000728800000, 0x0000000728a00000|  0%| F|  |TAMS 0x0000000728800000| PB 0x0000000728800000| Untracked 
|  51|0x0000000728a00000, 0x0000000728a00000, 0x0000000728c00000|  0%| F|  |TAMS 0x0000000728a00000| PB 0x0000000728a00000| Untracked 
|  52|0x0000000728c00000, 0x0000000728c00000, 0x0000000728e00000|  0%| F|  |TAMS 0x0000000728c00000| PB 0x0000000728c00000| Untracked 
|  53|0x0000000728e00000, 0x0000000728e00000, 0x0000000729000000|  0%| F|  |TAMS 0x0000000728e00000| PB 0x0000000728e00000| Untracked 
|  54|0x0000000729000000, 0x0000000729000000, 0x0000000729200000|  0%| F|  |TAMS 0x0000000729000000| PB 0x0000000729000000| Untracked 
|  55|0x0000000729200000, 0x0000000729200000, 0x0000000729400000|  0%| F|  |TAMS 0x0000000729200000| PB 0x0000000729200000| Untracked 
|  56|0x0000000729400000, 0x0000000729400000, 0x0000000729600000|  0%| F|  |TAMS 0x0000000729400000| PB 0x0000000729400000| Untracked 
|  57|0x0000000729600000, 0x0000000729600000, 0x0000000729800000|  0%| F|  |TAMS 0x0000000729600000| PB 0x0000000729600000| Untracked 
|  58|0x0000000729800000, 0x0000000729800000, 0x0000000729a00000|  0%| F|  |TAMS 0x0000000729800000| PB 0x0000000729800000| Untracked 
|  59|0x0000000729a00000, 0x0000000729a00000, 0x0000000729c00000|  0%| F|  |TAMS 0x0000000729a00000| PB 0x0000000729a00000| Untracked 
|  60|0x0000000729c00000, 0x0000000729c00000, 0x0000000729e00000|  0%| F|  |TAMS 0x0000000729c00000| PB 0x0000000729c00000| Untracked 
|  61|0x0000000729e00000, 0x0000000729e00000, 0x000000072a000000|  0%| F|  |TAMS 0x0000000729e00000| PB 0x0000000729e00000| Untracked 
|  62|0x000000072a000000, 0x000000072a000000, 0x000000072a200000|  0%| F|  |TAMS 0x000000072a000000| PB 0x000000072a000000| Untracked 
|  63|0x000000072a200000, 0x000000072a200000, 0x000000072a400000|  0%| F|  |TAMS 0x000000072a200000| PB 0x000000072a200000| Untracked 
|  64|0x000000072a400000, 0x000000072a400000, 0x000000072a600000|  0%| F|  |TAMS 0x000000072a400000| PB 0x000000072a400000| Untracked 
|  65|0x000000072a600000, 0x000000072a600000, 0x000000072a800000|  0%| F|  |TAMS 0x000000072a600000| PB 0x000000072a600000| Untracked 
|  66|0x000000072a800000, 0x000000072a800000, 0x000000072aa00000|  0%| F|  |TAMS 0x000000072a800000| PB 0x000000072a800000| Untracked 
|  67|0x000000072aa00000, 0x000000072aa00000, 0x000000072ac00000|  0%| F|  |TAMS 0x000000072aa00000| PB 0x000000072aa00000| Untracked 
|  68|0x000000072ac00000, 0x000000072ac00000, 0x000000072ae00000|  0%| F|  |TAMS 0x000000072ac00000| PB 0x000000072ac00000| Untracked 
|  69|0x000000072ae00000, 0x000000072ae00000, 0x000000072b000000|  0%| F|  |TAMS 0x000000072ae00000| PB 0x000000072ae00000| Untracked 
|  70|0x000000072b000000, 0x000000072b000000, 0x000000072b200000|  0%| F|  |TAMS 0x000000072b000000| PB 0x000000072b000000| Untracked 
|  71|0x000000072b200000, 0x000000072b200000, 0x000000072b400000|  0%| F|  |TAMS 0x000000072b200000| PB 0x000000072b200000| Untracked 
|  72|0x000000072b400000, 0x000000072b400000, 0x000000072b600000|  0%| F|  |TAMS 0x000000072b400000| PB 0x000000072b400000| Untracked 
|  73|0x000000072b600000, 0x000000072b600000, 0x000000072b800000|  0%| F|  |TAMS 0x000000072b600000| PB 0x000000072b600000| Untracked 
|  74|0x000000072b800000, 0x000000072b800000, 0x000000072ba00000|  0%| F|  |TAMS 0x000000072b800000| PB 0x000000072b800000| Untracked 
|  75|0x000000072ba00000, 0x000000072ba00000, 0x000000072bc00000|  0%| F|  |TAMS 0x000000072ba00000| PB 0x000000072ba00000| Untracked 
|  76|0x000000072bc00000, 0x000000072bc00000, 0x000000072be00000|  0%| F|  |TAMS 0x000000072bc00000| PB 0x000000072bc00000| Untracked 
|  77|0x000000072be00000, 0x000000072be00000, 0x000000072c000000|  0%| F|  |TAMS 0x000000072be00000| PB 0x000000072be00000| Untracked 
|  78|0x000000072c000000, 0x000000072c000000, 0x000000072c200000|  0%| F|  |TAMS 0x000000072c000000| PB 0x000000072c000000| Untracked 
|  79|0x000000072c200000, 0x000000072c200000, 0x000000072c400000|  0%| F|  |TAMS 0x000000072c200000| PB 0x000000072c200000| Untracked 
|  80|0x000000072c400000, 0x000000072c400000, 0x000000072c600000|  0%| F|  |TAMS 0x000000072c400000| PB 0x000000072c400000| Untracked 
|  81|0x000000072c600000, 0x000000072c600000, 0x000000072c800000|  0%| F|  |TAMS 0x000000072c600000| PB 0x000000072c600000| Untracked 
|  82|0x000000072c800000, 0x000000072c800000, 0x000000072ca00000|  0%| F|  |TAMS 0x000000072c800000| PB 0x000000072c800000| Untracked 
|  83|0x000000072ca00000, 0x000000072ca00000, 0x000000072cc00000|  0%| F|  |TAMS 0x000000072ca00000| PB 0x000000072ca00000| Untracked 
|  84|0x000000072cc00000, 0x000000072cc00000, 0x000000072ce00000|  0%| F|  |TAMS 0x000000072cc00000| PB 0x000000072cc00000| Untracked 
|  85|0x000000072ce00000, 0x000000072ce00000, 0x000000072d000000|  0%| F|  |TAMS 0x000000072ce00000| PB 0x000000072ce00000| Untracked 
|  86|0x000000072d000000, 0x000000072d000000, 0x000000072d200000|  0%| F|  |TAMS 0x000000072d000000| PB 0x000000072d000000| Untracked 
|  87|0x000000072d200000, 0x000000072d200000, 0x000000072d400000|  0%| F|  |TAMS 0x000000072d200000| PB 0x000000072d200000| Untracked 
|  88|0x000000072d400000, 0x000000072d400000, 0x000000072d600000|  0%| F|  |TAMS 0x000000072d400000| PB 0x000000072d400000| Untracked 
|  89|0x000000072d600000, 0x000000072d800000, 0x000000072d800000|100%| S|CS|TAMS 0x000000072d600000| PB 0x000000072d600000| Complete 
|  90|0x000000072d800000, 0x000000072da00000, 0x000000072da00000|100%| S|CS|TAMS 0x000000072d800000| PB 0x000000072d800000| Complete 
|  91|0x000000072da00000, 0x000000072dc00000, 0x000000072dc00000|100%| S|CS|TAMS 0x000000072da00000| PB 0x000000072da00000| Complete 
|  92|0x000000072dc00000, 0x000000072dc00000, 0x000000072de00000|  0%| F|  |TAMS 0x000000072dc00000| PB 0x000000072dc00000| Untracked 
|  93|0x000000072de00000, 0x000000072de00000, 0x000000072e000000|  0%| F|  |TAMS 0x000000072de00000| PB 0x000000072de00000| Untracked 
|  94|0x000000072e000000, 0x000000072e000000, 0x000000072e200000|  0%| F|  |TAMS 0x000000072e000000| PB 0x000000072e000000| Untracked 
|  95|0x000000072e200000, 0x000000072e200000, 0x000000072e400000|  0%| F|  |TAMS 0x000000072e200000| PB 0x000000072e200000| Untracked 
|  96|0x000000072e400000, 0x000000072e400000, 0x000000072e600000|  0%| F|  |TAMS 0x000000072e400000| PB 0x000000072e400000| Untracked 
|  97|0x000000072e600000, 0x000000072e600000, 0x000000072e800000|  0%| F|  |TAMS 0x000000072e600000| PB 0x000000072e600000| Untracked 
|  98|0x000000072e800000, 0x000000072e800000, 0x000000072ea00000|  0%| F|  |TAMS 0x000000072e800000| PB 0x000000072e800000| Untracked 
|  99|0x000000072ea00000, 0x000000072ea00000, 0x000000072ec00000|  0%| F|  |TAMS 0x000000072ea00000| PB 0x000000072ea00000| Untracked 
| 100|0x000000072ec00000, 0x000000072ec00000, 0x000000072ee00000|  0%| F|  |TAMS 0x000000072ec00000| PB 0x000000072ec00000| Untracked 
| 101|0x000000072ee00000, 0x000000072ee00000, 0x000000072f000000|  0%| F|  |TAMS 0x000000072ee00000| PB 0x000000072ee00000| Untracked 
| 102|0x000000072f000000, 0x000000072f000000, 0x000000072f200000|  0%| F|  |TAMS 0x000000072f000000| PB 0x000000072f000000| Untracked 
| 103|0x000000072f200000, 0x000000072f200000, 0x000000072f400000|  0%| F|  |TAMS 0x000000072f200000| PB 0x000000072f200000| Untracked 
| 104|0x000000072f400000, 0x000000072f400000, 0x000000072f600000|  0%| F|  |TAMS 0x000000072f400000| PB 0x000000072f400000| Untracked 
| 105|0x000000072f600000, 0x000000072f600000, 0x000000072f800000|  0%| F|  |TAMS 0x000000072f600000| PB 0x000000072f600000| Untracked 
| 106|0x000000072f800000, 0x000000072f800000, 0x000000072fa00000|  0%| F|  |TAMS 0x000000072f800000| PB 0x000000072f800000| Untracked 
| 107|0x000000072fa00000, 0x000000072fa00000, 0x000000072fc00000|  0%| F|  |TAMS 0x000000072fa00000| PB 0x000000072fa00000| Untracked 
| 108|0x000000072fc00000, 0x000000072fc00000, 0x000000072fe00000|  0%| F|  |TAMS 0x000000072fc00000| PB 0x000000072fc00000| Untracked 
| 109|0x000000072fe00000, 0x000000072fe00000, 0x0000000730000000|  0%| F|  |TAMS 0x000000072fe00000| PB 0x000000072fe00000| Untracked 
| 110|0x0000000730000000, 0x00000007300d3f20, 0x0000000730200000| 41%| E|  |TAMS 0x0000000730000000| PB 0x0000000730000000| Complete 

Card table byte_map: [0x0000020ae4e30000,0x0000020ae5520000] _byte_map_base: 0x0000020ae151e000

Marking Bits: (CMBitMap*) 0x0000020accdd7bd0
 Bits: [0x0000020ae5520000, 0x0000020ae8c90000)

Polling page: 0x0000020acaa60000

Metaspace:

Usage:
  Non-class:      9.43 MB used.
      Class:    629.32 KB used.
       Both:     10.05 MB used.

Virtual space:
  Non-class space:       64.00 MB reserved,       9.50 MB ( 15%) committed,  1 nodes.
      Class space:        1.00 GB reserved,     704.00 KB ( <1%) committed,  1 nodes.
             Both:        1.06 GB reserved,      10.19 MB ( <1%) committed. 

Chunk freelists:
   Non-Class:  5.56 MB
       Class:  15.19 MB
        Both:  20.75 MB

MaxMetaspaceSize: unlimited
CompressedClassSpaceSize: 1.00 GB
Initial GC threshold: 21.00 MB
Current GC threshold: 21.00 MB
CDS: on
 - commit_granule_bytes: 65536.
 - commit_granule_words: 8192.
 - virtual_space_node_default_size: 8388608.
 - enlarge_chunks_in_place: 1.
 - use_allocation_guard: 0.


Internal statistics:

num_allocs_failed_limit: 0.
num_arena_births: 176.
num_arena_deaths: 0.
num_vsnodes_births: 2.
num_vsnodes_deaths: 0.
num_space_committed: 161.
num_space_uncommitted: 0.
num_chunks_returned_to_freelist: 0.
num_chunks_taken_from_freelist: 403.
num_chunk_merges: 0.
num_chunk_splits: 262.
num_chunks_enlarged: 165.
num_inconsistent_stats: 0.

CodeHeap 'non-profiled nmethods': size=120000Kb used=828Kb max_used=828Kb free=119171Kb
 bounds [0x0000020adccc0000, 0x0000020adcf30000, 0x0000020ae41f0000]
CodeHeap 'profiled nmethods': size=120000Kb used=2946Kb max_used=2946Kb free=117053Kb
 bounds [0x0000020ad51f0000, 0x0000020ad54e0000, 0x0000020adc720000]
CodeHeap 'non-nmethods': size=5760Kb used=2384Kb max_used=2402Kb free=3375Kb
 bounds [0x0000020adc720000, 0x0000020adc990000, 0x0000020adccc0000]
 total_blobs=3155 nmethods=1855 adapters=1205
 compilation: enabled
              stopped_count=0, restarted_count=0
 full_count=0

Compilation events (20 events):
Event: 979.933 Thread 0x0000020aeb909fd0 1842   !   3       jdk.internal.ref.Cleaner::clean (35 bytes)
Event: 979.935 Thread 0x0000020aeb909fd0 nmethod 1842 0x0000020ad54cdc10 code [0x0000020ad54cde40, 0x0000020ad54ce438]
Event: 979.935 Thread 0x0000020aeb8fdaa0 nmethod 1841 0x0000020adcd8d090 code [0x0000020adcd8d200, 0x0000020adcd8d2c0]
Event: 979.935 Thread 0x0000020aeb909fd0 1843  s    3       jdk.internal.ref.Cleaner::remove (89 bytes)
Event: 979.935 Thread 0x0000020aeb8fdaa0 1850       4       jdk.internal.misc.Unsafe::weakCompareAndSetLong (11 bytes)
Event: 979.935 Thread 0x0000020aeb909fd0 nmethod 1843 0x0000020ad54ce690 code [0x0000020ad54ce860, 0x0000020ad54cee50]
Event: 979.935 Thread 0x0000020aeb909fd0 1849       3       java.nio.Bits::unreserveMemory (64 bytes)
Event: 979.935 Thread 0x0000020aeb909fd0 nmethod 1849 0x0000020ad54cef90 code [0x0000020ad54cf160, 0x0000020ad54cf330]
Event: 979.935 Thread 0x0000020aeb909fd0 1848       3       jdk.internal.misc.Unsafe::freeMemoryChecks (7 bytes)
Event: 979.936 Thread 0x0000020aeb909fd0 nmethod 1848 0x0000020ad54cf490 code [0x0000020ad54cf640, 0x0000020ad54cf840]
Event: 979.936 Thread 0x0000020aeb909fd0 1844       3       jdk.internal.misc.Unsafe::freeMemory (18 bytes)
Event: 979.936 Thread 0x0000020aeb8fdaa0 nmethod 1850 0x0000020adcd8d390 code [0x0000020adcd8d500, 0x0000020adcd8d5a0]
Event: 979.936 Thread 0x0000020aeb909fd0 nmethod 1844 0x0000020ad54cf910 code [0x0000020ad54cfae0, 0x0000020ad54cfdc8]
Event: 979.936 Thread 0x0000020aeb909fd0 1845       3       java.nio.DirectByteBuffer$Deallocator::run (23 bytes)
Event: 979.936 Thread 0x0000020aeb909fd0 nmethod 1845 0x0000020ad54cff10 code [0x0000020ad54d0100, 0x0000020ad54d0478]
Event: 979.936 Thread 0x0000020aeb909fd0 1847       3       java.util.concurrent.atomic.AtomicLong::decrementAndGet (16 bytes)
Event: 979.936 Thread 0x0000020aeb909fd0 nmethod 1847 0x0000020ad54d0610 code [0x0000020ad54d07a0, 0x0000020ad54d08d0]
Event: 979.937 Thread 0x0000020aeb8fdaa0 1851       4       java.util.concurrent.atomic.AtomicLong::decrementAndGet (16 bytes)
Event: 979.937 Thread 0x0000020aeb8fdaa0 nmethod 1851 0x0000020adcd8d690 code [0x0000020adcd8d800, 0x0000020adcd8d898]
Event: 979.938 Thread 0x0000020aeb8fdaa0 1852   !   4       jdk.internal.ref.Cleaner::clean (35 bytes)

GC Heap History (4 events):
Event: 1.734 GC heap before
{Heap before GC invocations=0 (full 0):
 garbage-first heap   total 227328K, used 22528K [0x0000000722400000, 0x0000000800000000)
  region size 2048K, 11 young (22528K), 0 survivors (0K)
 Metaspace       used 7680K, committed 7936K, reserved 1114112K
  class space    used 511K, committed 640K, reserved 1048576K
}
Event: 1.740 GC heap after
{Heap after GC invocations=1 (full 0):
 garbage-first heap   total 227328K, used 3456K [0x0000000722400000, 0x0000000800000000)
  region size 2048K, 2 young (4096K), 2 survivors (4096K)
 Metaspace       used 7680K, committed 7936K, reserved 1114112K
  class space    used 511K, committed 640K, reserved 1048576K
}
Event: 979.898 GC heap before
{Heap before GC invocations=1 (full 0):
 garbage-first heap   total 227328K, used 105856K [0x0000000722400000, 0x0000000800000000)
  region size 2048K, 19 young (38912K), 2 survivors (4096K)
 Metaspace       used 10285K, committed 10432K, reserved 1114112K
  class space    used 629K, committed 704K, reserved 1048576K
}
Event: 979.933 GC heap after
{Heap after GC invocations=2 (full 0):
 garbage-first heap   total 227328K, used 50571K [0x0000000722400000, 0x0000000800000000)
  region size 2048K, 3 young (6144K), 3 survivors (6144K)
 Metaspace       used 10285K, committed 10432K, reserved 1114112K
  class space    used 629K, committed 704K, reserved 1048576K
}

Dll operation events (13 events):
Event: 0.010 Loaded shared library C:\Program Files\Java\jdk-21\bin\java.dll
Event: 0.050 Loaded shared library C:\Program Files\Java\jdk-21\bin\jsvml.dll
Event: 0.096 Loaded shared library C:\Program Files\Java\jdk-21\bin\net.dll
Event: 0.098 Loaded shared library C:\Program Files\Java\jdk-21\bin\nio.dll
Event: 0.103 Loaded shared library C:\Program Files\Java\jdk-21\bin\zip.dll
Event: 0.113 Loaded shared library C:\Program Files\Java\jdk-21\bin\verify.dll
Event: 0.198 Loaded shared library C:\Program Files\Java\jdk-21\bin\jimage.dll
Event: 0.232 Loaded shared library C:\Users\Lenovo\AppData\Local\Temp\lwjgl_Lenovo\3.3.6+1\x64\lwjgl.dll
Event: 0.795 Loaded shared library C:\Users\Lenovo\AppData\Local\Temp\lwjgl_Lenovo\3.3.6+1\x64\lwjgl_opengl.dll
Event: 1.270 Loaded shared library C:\Users\Lenovo\AppData\Local\Temp\lwjgl_Lenovo\3.3.6+1\x64\lwjgl_stb.dll
Event: 1.289 Loaded shared library C:\Program Files\Java\jdk-21\bin\awt.dll
Event: 1.367 Loaded shared library C:\Program Files\Java\jdk-21\bin\freetype.dll
Event: 1.368 Loaded shared library C:\Program Files\Java\jdk-21\bin\fontmanager.dll

Deoptimization events (20 events):
Event: 2.714 Thread 0x0000020acaaa0540 Uncommon trap: trap_request=0xffffff45 fr.pc=0x0000020adcd02600 relative=0x00000000000002c0
Event: 2.714 Thread 0x0000020acaaa0540 Uncommon trap: reason=unstable_if action=reinterpret pc=0x0000020adcd02600 method=jdk.internal.util.ArraysSupport.mismatch([BI[BII)I @ 55 c2
Event: 2.714 Thread 0x0000020acaaa0540 DEOPT PACKING pc=0x0000020adcd02600 sp=0x000000ddf65fccc0
Event: 2.714 Thread 0x0000020acaaa0540 DEOPT UNPACKING pc=0x0000020adc7746a2 sp=0x000000ddf65fcbb8 mode 2
Event: 2.714 Thread 0x0000020acaaa0540 Uncommon trap: trap_request=0xffffff45 fr.pc=0x0000020adcd0be64 relative=0x00000000000000c4
Event: 2.714 Thread 0x0000020acaaa0540 Uncommon trap: reason=unstable_if action=reinterpret pc=0x0000020adcd0be64 method=java.nio.Buffer.limit(I)Ljava/nio/Buffer; @ 42 c2
Event: 2.714 Thread 0x0000020acaaa0540 DEOPT PACKING pc=0x0000020adcd0be64 sp=0x000000ddf65fc750
Event: 2.714 Thread 0x0000020acaaa0540 DEOPT UNPACKING pc=0x0000020adc7746a2 sp=0x000000ddf65fc6d8 mode 2
Event: 2.714 Thread 0x0000020acaaa0540 Uncommon trap: trap_request=0xffffff45 fr.pc=0x0000020adcd0309c relative=0x00000000000001fc
Event: 2.714 Thread 0x0000020acaaa0540 Uncommon trap: reason=unstable_if action=reinterpret pc=0x0000020adcd0309c method=jdk.internal.util.ArraysSupport.mismatch([BI[BII)I @ 55 c2
Event: 2.714 Thread 0x0000020acaaa0540 DEOPT PACKING pc=0x0000020adcd0309c sp=0x000000ddf65fccb0
Event: 2.714 Thread 0x0000020acaaa0540 DEOPT UNPACKING pc=0x0000020adc7746a2 sp=0x000000ddf65fcc78 mode 2
Event: 2.791 Thread 0x0000020acaaa0540 Uncommon trap: trap_request=0xffffff5c fr.pc=0x0000020adcceaa68 relative=0x0000000000000068
Event: 2.791 Thread 0x0000020acaaa0540 Uncommon trap: reason=speculate_null_check action=make_not_entrant pc=0x0000020adcceaa68 method=sun.misc.Unsafe.putLong(Ljava/lang/Object;JJ)V @ 7 c2
Event: 2.791 Thread 0x0000020acaaa0540 DEOPT PACKING pc=0x0000020adcceaa68 sp=0x000000ddf65ff120
Event: 2.791 Thread 0x0000020acaaa0540 DEOPT UNPACKING pc=0x0000020adc7746a2 sp=0x000000ddf65ff098 mode 2
Event: 571.491 Thread 0x0000020acaaa0540 Uncommon trap: trap_request=0xffffff45 fr.pc=0x0000020adcd8420c relative=0x0000000000000f6c
Event: 571.491 Thread 0x0000020acaaa0540 Uncommon trap: reason=unstable_if action=reinterpret pc=0x0000020adcd8420c method=engine.Window.endRenderingFrame()V @ 29 c2
Event: 571.491 Thread 0x0000020acaaa0540 DEOPT PACKING pc=0x0000020adcd8420c sp=0x000000ddf65ff350
Event: 571.491 Thread 0x0000020acaaa0540 DEOPT UNPACKING pc=0x0000020adc7746a2 sp=0x000000ddf65ff308 mode 2

Classes loaded (20 events):
Event: 2.706 Loading class sun/net/www/protocol/jrt/Handler
Event: 2.706 Loading class sun/net/www/protocol/jrt/Handler done
Event: 2.711 Loading class sun/util/resources/LocaleData$CommonResourceBundleProvider
Event: 2.711 Loading class sun/util/resources/LocaleData$LocaleDataResourceBundleProvider
Event: 2.711 Loading class java/util/spi/ResourceBundleProvider
Event: 2.711 Loading class java/util/spi/ResourceBundleProvider done
Event: 2.711 Loading class sun/util/resources/LocaleData$LocaleDataResourceBundleProvider done
Event: 2.711 Loading class sun/util/resources/LocaleData$CommonResourceBundleProvider done
Event: 2.712 Loading class java/util/ArrayList$SubList$1
Event: 2.712 Loading class java/util/ArrayList$SubList$1 done
Event: 2.712 Loading class sun/text/resources/cldr/FormatData_en
Event: 2.713 Loading class sun/text/resources/cldr/FormatData_en done
Event: 2.713 Loading class sun/util/resources/Bundles$2
Event: 2.713 Loading class sun/util/resources/Bundles$2 done
Event: 2.729 Loading class java/lang/SecurityException
Event: 2.729 Loading class java/lang/SecurityException done
Event: 2.793 Loading class jdk/internal/event/ThreadSleepEvent
Event: 2.794 Loading class jdk/internal/event/Event
Event: 2.794 Loading class jdk/internal/event/Event done
Event: 2.794 Loading class jdk/internal/event/ThreadSleepEvent done

Classes unloaded (0 events):
No events

Classes redefined (0 events):
No events

Internal exceptions (20 events):
Event: 0.770 Thread 0x0000020acaaa0540 Exception <a 'java/lang/NoSuchMethodError'{0x000000072fb20708}: 'java.lang.Object java.lang.invoke.DirectMethodHandle$Holder.newInvokeSpecial(java.lang.Object, long)'> (0x000000072fb20708) 
thrown [s\open\src\hotspot\share\interpreter\linkResolver.cpp, line 773]
Event: 0.785 Thread 0x0000020acaaa0540 Exception <a 'java/lang/NoSuchMethodError'{0x000000072fb6f328}: 'void java.lang.System.load(java.lang.String, java.lang.Class)'> (0x000000072fb6f328) 
thrown [s\open\src\hotspot\share\interpreter\linkResolver.cpp, line 773]
Event: 0.786 Thread 0x0000020acaaa0540 Exception <a 'java/lang/NoSuchMethodError'{0x000000072fb71cc8}: 'void java.lang.System.loadLibrary(java.lang.String, java.lang.Class)'> (0x000000072fb71cc8) 
thrown [s\open\src\hotspot\share\interpreter\linkResolver.cpp, line 773]
Event: 0.793 Thread 0x0000020acaaa0540 Exception <a 'sun/nio/fs/WindowsException'{0x000000072fb81e80}> (0x000000072fb81e80) 
thrown [s\open\src\hotspot\share\prims\jni.cpp, line 520]
Event: 0.793 Thread 0x0000020acaaa0540 Exception <a 'sun/nio/fs/WindowsException'{0x000000072fb82230}> (0x000000072fb82230) 
thrown [s\open\src\hotspot\share\prims\jni.cpp, line 520]
Event: 0.798 Thread 0x0000020acaaa0540 Exception <a 'sun/nio/fs/WindowsException'{0x000000072fb8f590}> (0x000000072fb8f590) 
thrown [s\open\src\hotspot\share\prims\jni.cpp, line 520]
Event: 0.798 Thread 0x0000020acaaa0540 Exception <a 'sun/nio/fs/WindowsException'{0x000000072fb8f878}> (0x000000072fb8f878) 
thrown [s\open\src\hotspot\share\prims\jni.cpp, line 520]
Event: 1.132 Thread 0x0000020acaaa0540 Exception <a 'java/lang/NoSuchMethodError'{0x000000072f86dfd0}: 'void java.lang.invoke.DirectMethodHandle$Holder.invokeStaticInit(java.lang.Object, long, double, double)'> (0x000000072f86dfd0) 
thrown [s\open\src\hotspot\share\interpreter\linkResolver.cpp, line 773]
Event: 1.135 Thread 0x0000020acaaa0540 Exception <a 'java/lang/NoSuchMethodError'{0x000000072f87baf8}: 'void java.lang.invoke.DirectMethodHandle$Holder.invokeStaticInit(java.lang.Object, long, int, int, int)'> (0x000000072f87baf8) 
thrown [s\open\src\hotspot\share\interpreter\linkResolver.cpp, line 773]
Event: 1.139 Thread 0x0000020acaaa0540 Exception <a 'java/lang/NoSuchMethodError'{0x000000072f891558}: 'void java.lang.invoke.DirectMethodHandle$Holder.invokeStaticInit(java.lang.Object, long, int, int, int, int)'> (0x000000072f891558) 
thrown [s\open\src\hotspot\share\interpreter\linkResolver.cpp, line 773]
Event: 1.142 Thread 0x0000020acaaa0540 Exception <a 'java/lang/NoSuchMethodError'{0x000000072f89cc70}: 'void java.lang.invoke.DirectMethodHandle$Holder.invokeStatic(java.lang.Object, long, int, int)'> (0x000000072f89cc70) 
thrown [s\open\src\hotspot\share\interpreter\linkResolver.cpp, line 773]
Event: 1.258 Thread 0x0000020acaaa0540 Exception <a 'java/lang/NoSuchMethodError'{0x000000072f6ad880}: 'void java.lang.System.load(java.lang.String, java.lang.Class)'> (0x000000072f6ad880) 
thrown [s\open\src\hotspot\share\interpreter\linkResolver.cpp, line 773]
Event: 1.259 Thread 0x0000020acaaa0540 Exception <a 'java/lang/NoSuchMethodError'{0x000000072f6b0220}: 'void java.lang.System.loadLibrary(java.lang.String, java.lang.Class)'> (0x000000072f6b0220) 
thrown [s\open\src\hotspot\share\interpreter\linkResolver.cpp, line 773]
Event: 1.268 Thread 0x0000020acaaa0540 Exception <a 'sun/nio/fs/WindowsException'{0x000000072f6c0700}> (0x000000072f6c0700) 
thrown [s\open\src\hotspot\share\prims\jni.cpp, line 520]
Event: 1.268 Thread 0x0000020acaaa0540 Exception <a 'sun/nio/fs/WindowsException'{0x000000072f6c0a88}> (0x000000072f6c0a88) 
thrown [s\open\src\hotspot\share\prims\jni.cpp, line 520]
Event: 1.278 Thread 0x0000020acaaa0540 Exception <a 'java/lang/ClassNotFoundException'{0x000000072f6ceb20}: sun/awt/resources/spi/awtProvider> (0x000000072f6ceb20) 
thrown [s\open\src\hotspot\share\classfile\systemDictionary.cpp, line 312]
Event: 1.298 Thread 0x0000020acaaa0540 Exception <a 'java/io/FileNotFoundException'{0x000000072f71fbe0}> (0x000000072f71fbe0) 
thrown [s\open\src\hotspot\share\prims\jni.cpp, line 520]
Event: 1.303 Thread 0x0000020acaaa0540 Exception <a 'java/io/FileNotFoundException'{0x000000072f749a30}> (0x000000072f749a30) 
thrown [s\open\src\hotspot\share\prims\jni.cpp, line 520]
Event: 1.464 Thread 0x0000020acaaa0540 Exception <a 'java/io/FileNotFoundException'{0x000000072f46d870}> (0x000000072f46d870) 
thrown [s\open\src\hotspot\share\prims\jni.cpp, line 520]
Event: 1.486 Thread 0x0000020acaaa0540 Exception <a 'java/io/FileNotFoundException'{0x000000072f51a570}> (0x000000072f51a570) 
thrown [s\open\src\hotspot\share\prims\jni.cpp, line 520]

ZGC Phase Switch (0 events):
No events

VM Operations (20 events):
Event: 1.466 Executing VM operation: HandshakeAllThreads (Deoptimize)
Event: 1.466 Executing VM operation: HandshakeAllThreads (Deoptimize) done
Event: 1.734 Executing VM operation: G1CollectForAllocation (G1 Evacuation Pause)
Event: 1.740 Executing VM operation: G1CollectForAllocation (G1 Evacuation Pause) done
Event: 2.445 Executing VM operation: HandshakeAllThreads (Deoptimize)
Event: 2.445 Executing VM operation: HandshakeAllThreads (Deoptimize) done
Event: 3.447 Executing VM operation: Cleanup
Event: 3.447 Executing VM operation: Cleanup done
Event: 49.497 Executing VM operation: Cleanup
Event: 49.497 Executing VM operation: Cleanup done
Event: 60.154 Executing VM operation: HandshakeAllThreads (HandshakeForDeflation)
Event: 60.154 Executing VM operation: HandshakeAllThreads (HandshakeForDeflation) done
Event: 60.154 Executing VM operation: RendezvousGCThreads
Event: 60.154 Executing VM operation: RendezvousGCThreads done
Event: 62.155 Executing VM operation: Cleanup
Event: 62.155 Executing VM operation: Cleanup done
Event: 571.607 Executing VM operation: Cleanup
Event: 571.607 Executing VM operation: Cleanup done
Event: 979.898 Executing VM operation: G1CollectForAllocation (G1 Evacuation Pause)
Event: 979.933 Executing VM operation: G1CollectForAllocation (G1 Evacuation Pause) done

Events (20 events):
Event: 0.048 Thread 0x0000020aeb8eb3e0 Thread added: 0x0000020aeb8eb3e0
Event: 0.048 Thread 0x0000020aeb8ec0c0 Thread added: 0x0000020aeb8ec0c0
Event: 0.048 Thread 0x0000020aeb8f0fb0 Thread added: 0x0000020aeb8f0fb0
Event: 0.048 Thread 0x0000020aeb8f4640 Thread added: 0x0000020aeb8f4640
Event: 0.048 Thread 0x0000020aeb8fdaa0 Thread added: 0x0000020aeb8fdaa0
Event: 0.049 Thread 0x0000020aeb909fd0 Thread added: 0x0000020aeb909fd0
Event: 0.082 Thread 0x0000020aebb6eaf0 Thread added: 0x0000020aebb6eaf0
Event: 0.086 Thread 0x0000020aebb71b40 Thread added: 0x0000020aebb71b40
Event: 1.345 Thread 0x0000020af990cae0 Thread added: 0x0000020af990cae0
Event: 1.388 Thread 0x0000020af990d170 Thread added: 0x0000020af990d170
Event: 1.389 Thread 0x0000020af990c450 Thread added: 0x0000020af990c450
Event: 1.703 Thread 0x0000020afa564f30 Thread added: 0x0000020afa564f30
Event: 1.718 Thread 0x0000020afa564860 Thread added: 0x0000020afa564860
Event: 2.323 Thread 0x0000020afa564860 Thread exited: 0x0000020afa564860
Event: 2.445 Thread 0x0000020af990d170 Thread exited: 0x0000020af990d170
Event: 2.576 Thread 0x0000020afa564f30 Thread exited: 0x0000020afa564f30
Event: 6.269 Thread 0x0000020afa564860 Thread added: 0x0000020afa564860
Event: 6.372 Thread 0x0000020afa564860 Thread exited: 0x0000020afa564860
Event: 11.023 Thread 0x0000020afa0fe340 Thread added: 0x0000020afa0fe340
Event: 12.045 Thread 0x0000020afa0fe340 Thread exited: 0x0000020afa0fe340


Dynamic libraries:
0x00007ff7dba40000 - 0x00007ff7dba50000 	C:\Program Files\Java\jdk-21\bin\javaw.exe
0x00007ffd5f460000 - 0x00007ffd5f6c7000 	C:\WINDOWS\SYSTEM32\ntdll.dll
0x00007ffd5e310000 - 0x00007ffd5e3d9000 	C:\WINDOWS\System32\KERNEL32.DLL
0x00007ffd5c870000 - 0x00007ffd5cc5f000 	C:\WINDOWS\System32\KERNELBASE.dll
0x00007ffd5c5b0000 - 0x00007ffd5c6fb000 	C:\WINDOWS\System32\ucrtbase.dll
0x00007ffd4bef0000 - 0x00007ffd4bf09000 	C:\Program Files\Java\jdk-21\bin\jli.dll
0x00007ffd4bbe0000 - 0x00007ffd4bbfb000 	C:\Program Files\Java\jdk-21\bin\VCRUNTIME140.dll
0x00007ffd5dca0000 - 0x00007ffd5dd54000 	C:\WINDOWS\System32\ADVAPI32.dll
0x00007ffd5f370000 - 0x00007ffd5f419000 	C:\WINDOWS\System32\msvcrt.dll
0x00007ffd5e450000 - 0x00007ffd5e4f6000 	C:\WINDOWS\System32\sechost.dll
0x00007ffd5dd60000 - 0x00007ffd5de78000 	C:\WINDOWS\System32\RPCRT4.dll
0x00007ffd5dad0000 - 0x00007ffd5dc95000 	C:\WINDOWS\System32\USER32.dll
0x00007ffd5c790000 - 0x00007ffd5c7b7000 	C:\WINDOWS\System32\win32u.dll
0x00007ffd3eed0000 - 0x00007ffd3f163000 	C:\WINDOWS\WinSxS\amd64_microsoft.windows.common-controls_6595b64144ccf1df_6.0.26100.7309_none_3e05feeae336a044\COMCTL32.dll
0x00007ffd5e210000 - 0x00007ffd5e23b000 	C:\WINDOWS\System32\GDI32.dll
0x00007ffd5cc70000 - 0x00007ffd5cd9c000 	C:\WINDOWS\System32\gdi32full.dll
0x00007ffd5c7c0000 - 0x00007ffd5c863000 	C:\WINDOWS\System32\msvcp_win.dll
0x00007ffd551b0000 - 0x00007ffd551bb000 	C:\WINDOWS\SYSTEM32\VERSION.dll
0x00007ffd5e570000 - 0x00007ffd5e5a1000 	C:\WINDOWS\System32\IMM32.DLL
0x00007ffd57770000 - 0x00007ffd5777c000 	C:\Program Files\Java\jdk-21\bin\vcruntime140_1.dll
0x00007ffd49250000 - 0x00007ffd492de000 	C:\Program Files\Java\jdk-21\bin\msvcp140.dll
0x00007ffcd6e70000 - 0x00007ffcd7b83000 	C:\Program Files\Java\jdk-21\bin\server\jvm.dll
0x00007ffd5f1d0000 - 0x00007ffd5f244000 	C:\WINDOWS\System32\WS2_32.dll
0x00007ffd5c430000 - 0x00007ffd5c48e000 	C:\WINDOWS\SYSTEM32\POWRPROF.dll
0x00007ffd48c60000 - 0x00007ffd48c95000 	C:\WINDOWS\SYSTEM32\WINMM.dll
0x00007ffd5c410000 - 0x00007ffd5c424000 	C:\WINDOWS\SYSTEM32\UMPDC.dll
0x00007ffd5b320000 - 0x00007ffd5b33b000 	C:\WINDOWS\SYSTEM32\kernel.appcore.dll
0x00007ffd4c910000 - 0x00007ffd4c91a000 	C:\Program Files\Java\jdk-21\bin\jimage.dll
0x00007ffd542f0000 - 0x00007ffd54532000 	C:\WINDOWS\SYSTEM32\DBGHELP.DLL
0x00007ffd5de80000 - 0x00007ffd5e206000 	C:\WINDOWS\System32\combase.dll
0x00007ffd5ee50000 - 0x00007ffd5ef26000 	C:\WINDOWS\System32\OLEAUT32.dll
0x00007ffd2ed60000 - 0x00007ffd2ed9c000 	C:\WINDOWS\SYSTEM32\dbgcore.DLL
0x00007ffd5cfe0000 - 0x00007ffd5d085000 	C:\WINDOWS\System32\bcryptPrimitives.dll
0x00007ffd4b640000 - 0x00007ffd4b65f000 	C:\Program Files\Java\jdk-21\bin\java.dll
0x00007ffd5d250000 - 0x00007ffd5d9a3000 	C:\WINDOWS\System32\SHELL32.dll
0x00007ffd5d090000 - 0x00007ffd5d1fa000 	C:\WINDOWS\System32\wintypes.dll
0x00007ffd5a190000 - 0x00007ffd5a9ee000 	C:\WINDOWS\SYSTEM32\windows.storage.dll
0x00007ffd5d9c0000 - 0x00007ffd5dab5000 	C:\WINDOWS\System32\SHCORE.dll
0x00007ffd5e3e0000 - 0x00007ffd5e446000 	C:\WINDOWS\System32\shlwapi.dll
0x00007ffd5c4d0000 - 0x00007ffd5c4f9000 	C:\WINDOWS\SYSTEM32\profapi.dll
0x00007ffd086e0000 - 0x00007ffd087b7000 	C:\Program Files\Java\jdk-21\bin\jsvml.dll
0x00007ffd4c6a0000 - 0x00007ffd4c6b0000 	C:\Program Files\Java\jdk-21\bin\net.dll
0x00007ffd55ac0000 - 0x00007ffd55be8000 	C:\WINDOWS\SYSTEM32\WINHTTP.dll
0x00007ffd5b870000 - 0x00007ffd5b8db000 	C:\WINDOWS\system32\mswsock.dll
0x00007ffd4b010000 - 0x00007ffd4b026000 	C:\Program Files\Java\jdk-21\bin\nio.dll
0x00007ffd4ad80000 - 0x00007ffd4ad98000 	C:\Program Files\Java\jdk-21\bin\zip.dll
0x00007ffd4bde0000 - 0x00007ffd4bdf0000 	C:\Program Files\Java\jdk-21\bin\verify.dll
0x00007ffd061e0000 - 0x00007ffd0625e000 	C:\Users\Lenovo\AppData\Local\Temp\lwjgl_Lenovo\3.3.6+1\x64\lwjgl.dll
0x00007ffd06150000 - 0x00007ffd061d9000 	C:\Users\Lenovo\AppData\Local\Temp\lwjgl_Lenovo\3.3.6+1\x64\glfw.dll
0x00007ffd06100000 - 0x00007ffd0614b000 	C:\WINDOWS\SYSTEM32\dinput8.dll
0x00007ffd3a000000 - 0x00007ffd3a01c000 	C:\WINDOWS\SYSTEM32\xinput1_4.dll
0x00007ffd5c0f0000 - 0x00007ffd5c147000 	C:\WINDOWS\SYSTEM32\cfgmgr32.dll
0x00007ffd5c150000 - 0x00007ffd5c17d000 	C:\WINDOWS\SYSTEM32\DEVOBJ.dll
0x00007ffd59ae0000 - 0x00007ffd59b10000 	C:\WINDOWS\SYSTEM32\dwmapi.dll
0x00007ffd3c3b0000 - 0x00007ffd3c595000 	C:\WINDOWS\SYSTEM32\inputhost.dll
0x00007ffd58ee0000 - 0x00007ffd59007000 	C:\WINDOWS\SYSTEM32\CoreMessaging.dll
0x00007ffd59810000 - 0x00007ffd598bb000 	C:\WINDOWS\system32\uxtheme.dll
0x00007ffd5bac0000 - 0x00007ffd5bacc000 	C:\WINDOWS\SYSTEM32\CRYPTBASE.DLL
0x00007ffd5e850000 - 0x00007ffd5e9ae000 	C:\WINDOWS\System32\MSCTF.dll
0x00007ffce2020000 - 0x00007ffce2130000 	C:\WINDOWS\SYSTEM32\opengl32.dll
0x00007ffce1c40000 - 0x00007ffce1c6d000 	C:\WINDOWS\SYSTEM32\GLU32.dll
0x00007ffd59910000 - 0x00007ffd59954000 	C:\WINDOWS\SYSTEM32\dxcore.dll
0x00007ffd55ee0000 - 0x00007ffd55f43000 	C:\WINDOWS\SYSTEM32\directxdatabasehelper.dll
0x00007ffd3f720000 - 0x00007ffd3f73a000 	C:\WINDOWS\SYSTEM32\windows.staterepositorycore.dll
0x00007ffd38f90000 - 0x00007ffd38fbf000 	C:\WINDOWS\System32\DriverStore\FileRepository\u0417877.inf_amd64_8b2c2b61b3f8a9e5\B417004\atig6pxx.dll
0x00007ffcd09f0000 - 0x00007ffcd4ece000 	C:\WINDOWS\System32\DriverStore\FileRepository\u0417877.inf_amd64_8b2c2b61b3f8a9e5\B417004\atio6axx.dll
0x00007ffd5e9c0000 - 0x00007ffd5ee4a000 	C:\WINDOWS\System32\SETUPAPI.dll
0x00007ffd46750000 - 0x00007ffd46785000 	C:\WINDOWS\SYSTEM32\amdihk64.dll
0x00007ffd5c700000 - 0x00007ffd5c780000 	C:\WINDOWS\System32\WINTRUST.dll
0x00007ffd5cda0000 - 0x00007ffd5cf17000 	C:\WINDOWS\System32\CRYPT32.dll
0x00007ffd5bcc0000 - 0x00007ffd5bcd3000 	C:\WINDOWS\SYSTEM32\MSASN1.dll
0x00007ffd5c4a0000 - 0x00007ffd5c4ca000 	C:\WINDOWS\SYSTEM32\BCrypt.dll
0x00007ffd59980000 - 0x00007ffd59abb000 	C:\WINDOWS\system32\dxgi.dll
0x00007ffd48e60000 - 0x00007ffd48e83000 	C:\WINDOWS\system32\d3d12.dll
0x00007ffccc410000 - 0x00007ffcd09e9000 	C:\WINDOWS\System32\DriverStore\FileRepository\u0417877.inf_amd64_8b2c2b61b3f8a9e5\B417004\amdxc64.dll
0x00007ffd030e0000 - 0x00007ffd03438000 	C:\WINDOWS\system32\D3D12Core.dll
0x00007ffd5e5b0000 - 0x00007ffd5e747000 	C:\WINDOWS\System32\ole32.dll
0x00007ffd462a0000 - 0x00007ffd46385000 	C:\WINDOWS\SYSTEM32\D3DSCache.dll
0x00007ffd5b920000 - 0x00007ffd5b94b000 	C:\WINDOWS\SYSTEM32\USERENV.dll
0x00007ffd58cb0000 - 0x00007ffd58ed3000 	C:\WINDOWS\SYSTEM32\dcomp.dll
0x00007ffd57f30000 - 0x00007ffd57f49000 	C:\WINDOWS\SYSTEM32\Microsoft.Internal.WarpPal.dll
0x00007ffd3c180000 - 0x00007ffd3c2c8000 	C:\WINDOWS\SYSTEM32\textinputframework.dll
0x00007ffd49da0000 - 0x00007ffd4a082000 	C:\WINDOWS\SYSTEM32\CoreUIComponents.dll
0x00007ffd5ef30000 - 0x00007ffd5efe0000 	C:\WINDOWS\System32\clbcatq.dll
0x00007ffd05f10000 - 0x00007ffd060fb000 	C:\Users\Lenovo\AppData\Local\Temp\lwjgl_Lenovo\3.3.6+1\x64\OpenAL.dll
0x00007ffd55e50000 - 0x00007ffd55e5b000 	C:\WINDOWS\SYSTEM32\AVRT.dll
0x00007ffd43360000 - 0x00007ffd433f7000 	C:\WINDOWS\System32\MMDevApi.dll
0x00007ffd38160000 - 0x00007ffd38314000 	C:\WINDOWS\SYSTEM32\AUDIOSES.DLL
0x00007ffd59e60000 - 0x00007ffd59e74000 	C:\WINDOWS\SYSTEM32\resourcepolicyclient.dll
0x00007ffd05eb0000 - 0x00007ffd05f0d000 	C:\Users\Lenovo\AppData\Local\Temp\lwjgl_Lenovo\3.3.6+1\x64\lwjgl_opengl.dll
0x00007ffd05e10000 - 0x00007ffd05ea9000 	C:\Users\Lenovo\AppData\Local\Temp\lwjgl_Lenovo\3.3.6+1\x64\lwjgl_stb.dll
0x00007ffcc6f70000 - 0x00007ffcc70ff000 	C:\Program Files\Java\jdk-21\bin\awt.dll
0x00007ffd59610000 - 0x00007ffd596af000 	C:\WINDOWS\SYSTEM32\apphelp.dll
0x00007ffd05d80000 - 0x00007ffd05e07000 	C:\Program Files\Java\jdk-21\bin\freetype.dll
0x00007ffd05c90000 - 0x00007ffd05d71000 	C:\Program Files\Java\jdk-21\bin\fontmanager.dll
0x00007ffced660000 - 0x00007ffced813000 	C:\WINDOWS\system32\d3d9.dll
0x00007ffd48ca0000 - 0x00007ffd48e5b000 	C:\WINDOWS\System32\DriverStore\FileRepository\u0417877.inf_amd64_8b2c2b61b3f8a9e5\B417004\aticfx64.dll
0x00007ffd22560000 - 0x00007ffd22594000 	C:\WINDOWS\System32\DriverStore\FileRepository\u0417877.inf_amd64_8b2c2b61b3f8a9e5\B417004\atiu9p64.dll
0x00007ffcc5f20000 - 0x00007ffcc6c67000 	C:\WINDOWS\System32\DriverStore\FileRepository\u0417877.inf_amd64_8b2c2b61b3f8a9e5\B417004\atiumd64.dll
0x0000000061ea0000 - 0x0000000062db3000 	C:\WINDOWS\System32\DriverStore\FileRepository\u0417877.inf_amd64_8b2c2b61b3f8a9e5\B417004\atiumd6a.dll

dbghelp: loaded successfully - version: 4.0.5 - missing functions: none
symbol engine: initialized successfully - sym options: 0x614 - pdb path: .;C:\Program Files\Java\jdk-21\bin;C:\WINDOWS\SYSTEM32;C:\WINDOWS\WinSxS\amd64_microsoft.windows.common-controls_6595b64144ccf1df_6.0.26100.7309_none_3e05feeae336a044;C:\Program Files\Java\jdk-21\bin\server;C:\Users\Lenovo\AppData\Local\Temp\lwjgl_Lenovo\3.3.6+1\x64;C:\WINDOWS\System32\DriverStore\FileRepository\u0417877.inf_amd64_8b2c2b61b3f8a9e5\B417004

VM Arguments:
jvm_args: -Dfile.encoding=UTF-8 -Dstdout.encoding=UTF-8 -Dstderr.encoding=UTF-8 -XX:+ShowCodeDetailsInExceptionMessages 
java_command: main.Main
java_class_path (initial): D:\EclipseGit\BHFGame\BHFGame\bin;D:\EclipseGit\BHFGame\BHFGame\lib\joml-1.10.8.jar;D:\EclipseGit\BHFGame\BHFGame\lib\joml-1.10.8-javadoc.jar;D:\EclipseGit\BHFGame\BHFGame\lib\joml-1.10.8-sources.jar;D:\EclipseGit\BHFGame\BHFGame\lib\joml-primitives-1.10.0.jar;D:\EclipseGit\BHFGame\BHFGame\lib\joml-primitives-1.10.0-javadoc.jar;D:\EclipseGit\BHFGame\BHFGame\lib\joml-primitives-1.10.0-sources.jar;D:\EclipseGit\BHFGame\BHFGame\lib\lwjgl.jar;D:\EclipseGit\BHFGame\BHFGame\lib\lwjgl-glfw.jar;D:\EclipseGit\BHFGame\BHFGame\lib\lwjgl-glfw-javadoc.jar;D:\EclipseGit\BHFGame\BHFGame\lib\lwjgl-glfw-natives-linux.jar;D:\EclipseGit\BHFGame\BHFGame\lib\lwjgl-glfw-natives-macos.jar;D:\EclipseGit\BHFGame\BHFGame\lib\lwjgl-glfw-natives-macos-arm64.jar;D:\EclipseGit\BHFGame\BHFGame\lib\lwjgl-glfw-natives-windows.jar;D:\EclipseGit\BHFGame\BHFGame\lib\lwjgl-glfw-sources.jar;D:\EclipseGit\BHFGame\BHFGame\lib\lwjgl-javadoc.jar;D:\EclipseGit\BHFGame\BHFGame\lib\lwjgl-natives-linux.jar;D:\EclipseGit\BHFGame\BHFGame\lib\lwjgl-natives-macos.jar;D:\EclipseGit\BHFGame\BHFGame\lib\lwjgl-natives-macos-arm64.jar;D:\EclipseGit\BHFGame\BHFGame\lib\lwjgl-natives-windows.jar;D:\EclipseGit\BHFGame\BHFGame\lib\lwjgl-nuklear.jar;D:\EclipseGit\BHFGame\BHFGame\lib\lwjgl-nuklear-javadoc.jar;D:\EclipseGit\BHFGame\BHFGame\lib\lwjgl-nuklear-natives-linux.jar;D:\EclipseGit\BHFGame\BHFGame\lib\lwjgl-nuklear-natives-macos.jar;D:\EclipseGit\BHFGame\BHFGame\lib\lwjgl-nuklear-natives-macos-arm64.jar;D:\EclipseGit\BHFGame\BHFGame\lib\lwjgl-nuklear-natives-windows.jar;D:\EclipseGit\BHFGame\BHFGame\lib\lwjgl-nuklear-sources.jar;D:\EclipseGit\BHFGame\BHFGame\lib\lwjgl-openal.jar;D:\EclipseGit\BHFGame\BHFGame\lib\lwjgl-openal-javadoc.jar;D:\EclipseGit\BHFGame\BHFGame\lib\lwjgl-openal-natives-linux.jar;D:\EclipseGit\BHFGame\BHFGame\lib\lwjgl-openal-natives-macos.jar;D:\EclipseGit\BHFGame\BHFGame\lib\lwjgl-openal-natives-macos-arm64.jar;D:\EclipseGit\BHFGame\BHFGame\lib\lwjgl-openal-natives-windows.jar;D:\EclipseGit\BHFGame\BHFGame\lib\lwjgl-openal-sources.jar;D:\EclipseGit\BHFGame\BHFGame\lib\lwjgl-opengl.jar;D:\EclipseGit\BHFGame\BHFGame\lib\lwjgl-opengl-javadoc.jar;D:\EclipseGit\BHFGame\BHFGame\lib\lwjgl-opengl-natives-linux.jar;D:\EclipseGit\BHFGame\BHFGame\lib\lwjgl-opengl-natives-macos.jar;D:\EclipseGit\BHFGame\BHFGame\lib\lwjgl-opengl-natives-macos-arm64.jar;D:\EclipseGit\BHFGame\BHFGame\lib\lwjgl-opengl-natives-windows.jar;D:\EclipseGit\BHFGame\BHFGame\lib\lwjgl-opengl-sources.jar;D:\EclipseGit\BHFGame\BHFGame\lib\lwjgl-sources.jar;D:\EclipseGit\BHFGame\BHFGame\lib\lwjgl-stb.jar;D:\EclipseGit\BHFGame\BHFGame\lib\lwjgl-stb-javadoc.jar;D:\EclipseGit\BHFGame\BHFGame\lib\lwjgl-stb-natives-linux.jar;D:\EclipseGit\BHFGame\BHFGame\lib\lwjgl-stb-natives-macos.jar;D:\EclipseGit\BHFGame\BHFGame\lib\lwjgl-stb-natives-macos-arm64.jar;D:\EclipseGit\BHFGame\BHFGame\lib\lwjgl-stb-natives-windows.jar;D:\EclipseGit\BHFGame\BHFGame\lib\lwjgl-stb-sources.jar
Launcher Type: SUN_STANDARD

[Global flags]
     intx CICompilerCount                          = 4                                         {product} {ergonomic}
     uint ConcGCThreads                            = 3                                         {product} {ergonomic}
     uint G1ConcRefinementThreads                  = 10                                        {product} {ergonomic}
   size_t G1HeapRegionSize                         = 2097152                                   {product} {ergonomic}
    uintx GCDrainStackTargetSize                   = 64                                        {product} {ergonomic}
   size_t InitialHeapSize                          = 232783872                                 {product} {ergonomic}
   size_t MarkStackSize                            = 4194304                                   {product} {ergonomic}
   size_t MaxHeapSize                              = 3720347648                                {product} {ergonomic}
   size_t MaxNewSize                               = 2231369728                                {product} {ergonomic}
   size_t MinHeapDeltaBytes                        = 2097152                                   {product} {ergonomic}
   size_t MinHeapSize                              = 8388608                                   {product} {ergonomic}
    uintx NonNMethodCodeHeapSize                   = 5839372                                {pd product} {ergonomic}
    uintx NonProfiledCodeHeapSize                  = 122909434                              {pd product} {ergonomic}
    uintx ProfiledCodeHeapSize                     = 122909434                              {pd product} {ergonomic}
    uintx ReservedCodeCacheSize                    = 251658240                              {pd product} {ergonomic}
     bool SegmentedCodeCache                       = true                                      {product} {ergonomic}
     bool ShowCodeDetailsInExceptionMessages       = true                                   {manageable} {command line}
   size_t SoftMaxHeapSize                          = 3720347648                             {manageable} {ergonomic}
     bool UseCompressedOops                        = true                           {product lp64_product} {ergonomic}
     bool UseG1GC                                  = true                                      {product} {ergonomic}
     bool UseLargePagesIndividualAllocation        = false                                  {pd product} {ergonomic}

Logging:
Log output configuration:
 #0: stdout all=warning uptime,level,tags foldmultilines=false
 #1: stderr all=off uptime,level,tags foldmultilines=false

Environment Variables:
JAVA_HOME=C:\Program Files\Java\jdk-21
PATH=C:\Python313\Scripts\;C:\Python313\;C:\Program Files\Common Files\Oracle\Java\javapath;C:\Program Files (x86)\Common Files\Oracle\Java\java8path;C:\Program Files (x86)\Common Files\Oracle\Java\javapath;C:\WINDOWS\system32;C:\WINDOWS;C:\WINDOWS\System32\Wbem;C:\WINDOWS\System32\WindowsPowerShell\v1.0\;C:\WINDOWS\System32\OpenSSH\;C:\Program Files\dotnet\;D:\Inkscape\bin;C:\Program Files\Git\cmd;C:\Program Files\PowerShell\7\;C:\Program Files\CMake\bin;C:\Program Files\nodejs\;C:\ProgramData\chocolatey\bin;C:\Program Files\Rust stable GNU 1.90\bin;C:\ffmpeg-2025-12-10-git-4f947880bd-full_build\bin;C:\NuSMV-2.7.1-win64\bin;C:\Users\Lenovo\.cargo\bin;C:\Users\Lenovo\AppData\Local\Programs\Python\Python310\;C:\Users\Lenovo\AppData\Local\Programs\Python\Python310\Scripts;C:\Users\Lenovo\AppData\Local\Microsoft\WindowsApps;C:\mingw32\bin;C:\MinGW\bin;C:\Program Files (x86)\Vim\vim82;C:\MinGW\msys\1.0\bin;C:\Program Files\Neovim\bin;C:\mingw64\bin;C:\Users\Lenovo\AppData\Roaming\npm;D:\Airshipper
USERNAME=Lenovo
OS=Windows_NT
PROCESSOR_IDENTIFIER=AMD64 Family 25 Model 80 Stepping 0, AuthenticAMD
TMP=C:\Users\Lenovo\AppData\Local\Temp
TEMP=C:\Users\Lenovo\AppData\Local\Temp




Periodic native trim disabled

---------------  S Y S T E M  ---------------

OS:
 Windows 11 , 64 bit Build 26100 (10.0.26100.7623)
OS uptime: 0 days 14:07 hours
Hyper-V role detected

CPU: total 12 (initial active 12) (12 cores per cpu, 2 threads per core) family 25 model 80 stepping 0 microcode 0xa50000c, cx8, cmov, fxsr, ht, mmx, 3dnowpref, sse, sse2, sse3, ssse3, sse4a, sse4.1, sse4.2, popcnt, lzcnt, tsc, tscinvbit, avx, avx2, aes, erms, clmul, bmi1, bmi2, adx, sha, fma, vzeroupper, clflush, clflushopt, hv, rdtscp, rdpid, fsrm, f16c, cet_ss
Processor Information for processor 0
  Max Mhz: 3301, Current Mhz: 1805, Mhz Limit: 3301
Processor Information for processor 1
  Max Mhz: 3301, Current Mhz: 3301, Mhz Limit: 3301
Processor Information for processor 2
  Max Mhz: 3301, Current Mhz: 3301, Mhz Limit: 3301
Processor Information for processor 3
  Max Mhz: 3301, Current Mhz: 3301, Mhz Limit: 3301
Processor Information for processor 4
  Max Mhz: 3301, Current Mhz: 3301, Mhz Limit: 3301
Processor Information for processor 5
  Max Mhz: 3301, Current Mhz: 3301, Mhz Limit: 3301
Processor Information for processor 6
  Max Mhz: 3301, Current Mhz: 3301, Mhz Limit: 3301
Processor Information for processor 7
  Max Mhz: 3301, Current Mhz: 1805, Mhz Limit: 3301
Processor Information for processor 8
  Max Mhz: 3301, Current Mhz: 1805, Mhz Limit: 3301
Processor Information for processor 9
  Max Mhz: 3301, Current Mhz: 1805, Mhz Limit: 3301
Processor Information for processor 10
  Max Mhz: 3301, Current Mhz: 1805, Mhz Limit: 3301
Processor Information for processor 11
  Max Mhz: 3301, Current Mhz: 1805, Mhz Limit: 3301

Memory: 4k page, system-wide physical 14188M (5853M free)
TotalPageFile size 15084M (AvailPageFile size 2640M)
current process WorkingSet (physical memory assigned to process): 344M, peak: 379M
current process commit charge ("private bytes"): 545M, peak: 612M

vm_info: Java HotSpot(TM) 64-Bit Server VM (21.0.4+8-LTS-274) for windows-amd64 JRE (21.0.4+8-LTS-274), built on 2024-06-05T05:23:33Z by "mach5one" with MS VC++ 17.6 (VS2022)

END.
