#
# A fatal error has been detected by the Java Runtime Environment:
#
#  EXCEPTION_ACCESS_VIOLATION (0xc0000005) at pc=0x00007ffcf24b2bd9, pid=7156, tid=5196
#
# JRE version: Java(TM) SE Runtime Environment (21.0.4+8) (build 21.0.4+8-LTS-274)
# Java VM: Java HotSpot(TM) 64-Bit Server VM (21.0.4+8-LTS-274, mixed mode, sharing, tiered, compressed oops, compressed class ptrs, g1 gc, windows-amd64)
# Problematic frame:
# C  [lwjgl_stb.dll+0x42bd9]
#
# No core dump will be written. Minidumps are not enabled by default on client versions of Windows
#
# If you would like to submit a bug report, please visit:
#   https://bugreport.java.com/bugreport/crash.jsp
# The crash happened outside the Java Virtual Machine in native code.
# See problematic frame for where to report the bug.
#

---------------  S U M M A R Y ------------

Command Line: -Dfile.encoding=UTF-8 -Dstdout.encoding=UTF-8 -Dstderr.encoding=UTF-8 -XX:+ShowCodeDetailsInExceptionMessages main.Main

Host: AMD Ryzen 5 5600H with Radeon Graphics         , 12 cores, 13G,  Windows 11 , 64 bit Build 26100 (10.0.26100.7623)
Time: Fri Jan 16 15:18:47 2026 W. Europe Standard Time elapsed time: 0.334605 seconds (0d 0h 0m 0s)

---------------  T H R E A D  ---------------

Current thread (0x0000015bbbab0ab0):  JavaThread "main"             [_thread_in_native, id=5196, stack(0x00000020fb200000,0x00000020fb300000) (1024K)]

Stack: [0x00000020fb200000,0x00000020fb300000],  sp=0x00000020fb2ff070,  free space=1020k
Native frames: (J=compiled Java code, j=interpreted, Vv=VM code, C=native code)
C  [lwjgl_stb.dll+0x42bd9]

Java frames: (J=compiled Java code, j=interpreted, Vv=VM code)
j  org.lwjgl.stb.STBTruetype.nstbtt_PackBegin(JJIIIIJ)I+0
j  org.lwjgl.stb.STBTruetype.stbtt_PackBegin(Lorg/lwjgl/stb/STBTTPackContext;Ljava/nio/ByteBuffer;IIII)Z+38
j  engine.rendering.FontRenderer.loadFont(Ljava/lang/String;)V+223
j  main.Main.main([Ljava/lang/String;)V+2
v  ~StubRoutines::call_stub 0x0000015bcd72100d

siginfo: EXCEPTION_ACCESS_VIOLATION (0xc0000005), writing address 0x0000000000000010


Registers:
RAX=0x0000015c226aac60, RBX=0x0000000000000400, RCX=0x0000000000000000, RDX=0x00000000000003ff
RSP=0x00000020fb2ff070, RBP=0x00000000000003ff, RSI=0x0000015c226a6150, RDI=0x0000000000000010
R8 =0x7ffffffffffffffc, R9 =0x0000015c226aac60, R10=0x000000000000037f, R11=0x00000020fb2ff010
R12=0x0000000000000001, R13=0x0000015c1e477b68, R14=0x0000000000000010, R15=0x0000015bbbab0ab0
RIP=0x00007ffcf24b2bd9, EFLAGS=0x0000000000010206


Register to memory mapping:

RAX=0x0000015c226aac60 points into unknown readable memory: 0x0000015bbba80150 | 50 01 a8 bb 5b 01 00 00
RBX=0x0000000000000400 is an unknown value
RCX=0x0 is null
RDX=0x00000000000003ff is an unknown value
RSP=0x00000020fb2ff070 is pointing into the stack for thread: 0x0000015bbbab0ab0
RBP=0x00000000000003ff is an unknown value
RSI=0x0000015c226a6150 points into unknown readable memory: 0x0000000a00000000 | 00 00 00 00 0a 00 00 00
RDI=0x0000000000000010 is an unknown value
R8 =0x7ffffffffffffffc is an unknown value
R9 =0x0000015c226aac60 points into unknown readable memory: 0x0000015bbba80150 | 50 01 a8 bb 5b 01 00 00
R10=0x000000000000037f is an unknown value
R11=0x00000020fb2ff010 is pointing into the stack for thread: 0x0000015bbbab0ab0
R12=0x0000000000000001 is an unknown value
R13={method} {0x0000015c1e477b70} 'nstbtt_PackBegin' '(JJIIIIJ)I' in 'org/lwjgl/stb/STBTruetype'
R14=0x0000000000000010 is an unknown value
R15=0x0000015bbbab0ab0 is a thread

Top of Stack: (sp=0x00000020fb2ff070)
0x00000020fb2ff070:   0000015c1e477b68 0000015bbbab0ab0
0x00000020fb2ff080:   000000000000023e 0000015bcd72ccbc
0x00000020fb2ff090:   0000015c1e477b68 0000015c1e477b68
0x00000020fb2ff0a0:   00000020fb2ff1e0 0000000000000000
0x00000020fb2ff0b0:   000000000000023e 0000015bcd72ce4b
0x00000020fb2ff0c0:   0000015bbbab0ab0 0000015c1e477b68
0x00000020fb2ff0d0:   00000020fb2ff178 00000000000001d8
0x00000020fb2ff0e0:   0000015c00000400 0000002000000400
0x00000020fb2ff0f0:   0000000000000000 0000015b00000001
0x00000020fb2ff100:   0000000000000000 00000000000001d8
0x00000020fb2ff110:   000000072fce7f20 00000020fb2ff118
0x00000020fb2ff120:   0000015c1e43e457 0000015bcd72cadf
0x00000020fb2ff130:   00000020fb2ff130 0000015c1e477b68
0x00000020fb2ff140:   000000000000000d 0000015c1e4889e0
0x00000020fb2ff150:   0000000000000000 000000072fd83bf0
0x00000020fb2ff160:   0000015c1e477b68 0000000000000000
0x00000020fb2ff170:   00000020fb2ff198 00000020fb2ff230
0x00000020fb2ff180:   0000015bcd728988 000000072fd83bf0
0x00000020fb2ff190:   0000015bcd72a3d5 0000000000000000
0x00000020fb2ff1a0:   0000000000000000 0000000000000001
0x00000020fb2ff1b0:   0000000000000000 0000000000000400
0x00000020fb2ff1c0:   0000000000000400 0000000000000010
0x00000020fb2ff1d0:   0000000000000000 0000000000000010
0x00000020fb2ff1e0:   0000000000000000 00000020fb2ff1e8
0x00000020fb2ff1f0:   0000015c1e477dee 0000000000000007
0x00000020fb2ff200:   0000015c1e4889e0 0000000000000000
0x00000020fb2ff210:   000000072fd83bf0 0000015c1e477e68
0x00000020fb2ff220:   00000020fb2ff198 00000020fb2ff240
0x00000020fb2ff230:   00000020fb2ff2b8 0000015bcd728988
0x00000020fb2ff240:   0000000000000001 0000000000000000
0x00000020fb2ff250:   0000000000000400 0000000000000400
0x00000020fb2ff260:   000000072fa0b798 000000072fa18050 

Instructions: (pc=0x00007ffcf24b2bd9)
0x00007ffcf24b2ad9:   8b 84 24 90 00 00 00 89 44 24 20 e8 c7 c2 ff ff
0x00007ffcf24b2ae9:   48 83 c4 58 c3 cc cc 48 83 ec 48 8b 84 24 98 00
0x00007ffcf24b2af9:   00 00 41 8b d1 44 8b 4c 24 78 49 8b c8 44 8b 44
0x00007ffcf24b2b09:   24 70 89 44 24 38 48 8b 84 24 90 00 00 00 48 89
0x00007ffcf24b2b19:   44 24 30 48 8b 84 24 88 00 00 00 48 89 44 24 28
0x00007ffcf24b2b29:   48 8b 84 24 80 00 00 00 48 89 44 24 20 e8 e5 c6
0x00007ffcf24b2b39:   ff ff 48 83 c4 48 c3 48 8b 44 24 40 41 8b d1 4c
0x00007ffcf24b2b49:   8b 4c 24 30 49 8b c8 f3 0f 10 54 24 28 48 89 44
0x00007ffcf24b2b59:   24 30 48 8b 44 24 38 48 89 44 24 28 e9 e6 dc ff
0x00007ffcf24b2b69:   ff cc cc cc cc cc cc 48 89 5c 24 10 48 89 6c 24
0x00007ffcf24b2b79:   18 48 89 74 24 20 57 41 54 41 56 48 83 ec 30 b9
0x00007ffcf24b2b89:   48 00 00 00 4d 8b f1 49 8b f8 ff 15 37 ef 04 00
0x00007ffcf24b2b99:   8b 5c 24 70 8b eb 44 8b a4 24 88 00 00 00 48 8b
0x00007ffcf24b2ba9:   f0 41 2b ec 48 63 cd 48 c1 e1 04 ff 15 16 ef 04
0x00007ffcf24b2bb9:   00 4c 8b c8 48 85 f6 0f 84 96 00 00 00 48 85 c0
0x00007ffcf24b2bc9:   0f 84 88 00 00 00 48 8b 8c 24 90 00 00 00 8b d5
0x00007ffcf24b2bd9:   48 89 0f 8b cb 48 89 47 38 8b 84 24 80 00 00 00
0x00007ffcf24b2be9:   85 c0 4c 89 7c 24 50 44 8b 7c 24 78 0f 45 c8 45
0x00007ffcf24b2bf9:   8b c7 89 4f 18 48 8b ce 89 5f 10 45 2b c4 44 89
0x00007ffcf24b2c09:   7f 14 4c 89 77 30 48 89 77 08 44 89 67 1c c7 47
0x00007ffcf24b2c19:   24 01 00 00 00 c7 47 28 01 00 00 00 c7 47 20 00
0x00007ffcf24b2c29:   00 00 00 89 6c 24 20 e8 0b 58 ff ff 4d 85 f6 74
0x00007ffcf24b2c39:   11 41 0f af df 33 d2 49 8b ce 4c 63 c3 e8 d5 d4
0x00007ffcf24b2c49:   02 00 4c 8b 7c 24 50 b8 01 00 00 00 eb 15 48 8b
0x00007ffcf24b2c59:   ce eb 08 4d 85 c9 74 09 49 8b c9 ff 15 6e ee 04
0x00007ffcf24b2c69:   00 33 c0 48 8b 5c 24 58 48 8b 6c 24 60 48 8b 74
0x00007ffcf24b2c79:   24 68 48 83 c4 30 41 5e 41 5c 5f c3 cc cc cc cc
0x00007ffcf24b2c89:   cc cc cc cc cc cc cc 40 53 48 83 ec 20 49 8b 48
0x00007ffcf24b2c99:   38 49 8b d8 ff 15 35 ee 04 00 48 8b 4b 08 48 83
0x00007ffcf24b2ca9:   c4 20 5b 48 ff 25 25 ee 04 00 cc cc cc cc cc cc
0x00007ffcf24b2cb9:   cc cc cc cc cc cc cc 48 83 ec 68 8b 84 24 a0 00
0x00007ffcf24b2cc9:   00 00 49 8b d1 f3 0f 10 84 24 98 00 00 00 4c 8d 


Stack slot to memory mapping:

stack at sp + 0 slots: {method} {0x0000015c1e477b70} 'nstbtt_PackBegin' '(JJIIIIJ)I' in 'org/lwjgl/stb/STBTruetype'
stack at sp + 1 slots: 0x0000015bbbab0ab0 is a thread
stack at sp + 2 slots: 0x000000000000023e is an unknown value
stack at sp + 3 slots: 0x0000015bcd72ccbc is at code_begin+668 in an Interpreter codelet
native method entry point (kind = native)  [0x0000015bcd72ca20, 0x0000015bcd72d548]  2856 bytes
stack at sp + 4 slots: {method} {0x0000015c1e477b70} 'nstbtt_PackBegin' '(JJIIIIJ)I' in 'org/lwjgl/stb/STBTruetype'
stack at sp + 5 slots: {method} {0x0000015c1e477b70} 'nstbtt_PackBegin' '(JJIIIIJ)I' in 'org/lwjgl/stb/STBTruetype'
stack at sp + 6 slots: 0x00000020fb2ff1e0 is pointing into the stack for thread: 0x0000015bbbab0ab0
stack at sp + 7 slots: 0x0 is null


---------------  P R O C E S S  ---------------

Threads class SMR info:
_java_thread_list=0x0000015bdcb644f0, length=11, elements={
0x0000015bbbab0ab0, 0x0000015bdc8fbb70, 0x0000015bdc8fc7d0, 0x0000015bdc901c10,
0x0000015bdc902670, 0x0000015bdc9039a0, 0x0000015bdc914be0, 0x0000015bdc91c6e0,
0x0000015bdc91cec0, 0x0000015bdcb68c20, 0x0000015bdcb72cb0
}

Java Threads: ( => current thread )
=>0x0000015bbbab0ab0 JavaThread "main"                              [_thread_in_native, id=5196, stack(0x00000020fb200000,0x00000020fb300000) (1024K)]
  0x0000015bdc8fbb70 JavaThread "Reference Handler"          daemon [_thread_blocked, id=5344, stack(0x00000020fba00000,0x00000020fbb00000) (1024K)]
  0x0000015bdc8fc7d0 JavaThread "Finalizer"                  daemon [_thread_blocked, id=2836, stack(0x00000020fbb00000,0x00000020fbc00000) (1024K)]
  0x0000015bdc901c10 JavaThread "Signal Dispatcher"          daemon [_thread_blocked, id=13316, stack(0x00000020fbc00000,0x00000020fbd00000) (1024K)]
  0x0000015bdc902670 JavaThread "Attach Listener"            daemon [_thread_blocked, id=3028, stack(0x00000020fbd00000,0x00000020fbe00000) (1024K)]
  0x0000015bdc9039a0 JavaThread "Service Thread"             daemon [_thread_blocked, id=11432, stack(0x00000020fbe00000,0x00000020fbf00000) (1024K)]
  0x0000015bdc914be0 JavaThread "Monitor Deflation Thread"   daemon [_thread_blocked, id=13352, stack(0x00000020fbf00000,0x00000020fc000000) (1024K)]
  0x0000015bdc91c6e0 JavaThread "C2 CompilerThread0"         daemon [_thread_blocked, id=10748, stack(0x00000020fc000000,0x00000020fc100000) (1024K)]
  0x0000015bdc91cec0 JavaThread "C1 CompilerThread0"         daemon [_thread_blocked, id=12336, stack(0x00000020fc100000,0x00000020fc200000) (1024K)]
  0x0000015bdcb68c20 JavaThread "Notification Thread"        daemon [_thread_blocked, id=9888, stack(0x00000020fc200000,0x00000020fc300000) (1024K)]
  0x0000015bdcb72cb0 JavaThread "Common-Cleaner"             daemon [_thread_blocked, id=3180, stack(0x00000020fc300000,0x00000020fc400000) (1024K)]
Total: 11

Other Threads:
  0x0000015bdc8dc0d0 VMThread "VM Thread"                           [id=8204, stack(0x00000020fb900000,0x00000020fba00000) (1024K)]
  0x0000015bdc8bc470 WatcherThread "VM Periodic Task Thread"        [id=8820, stack(0x00000020fb800000,0x00000020fb900000) (1024K)]
  0x0000015bbddd67b0 WorkerThread "GC Thread#0"                     [id=11764, stack(0x00000020fb300000,0x00000020fb400000) (1024K)]
  0x0000015bbdde5550 ConcurrentGCThread "G1 Main Marker"            [id=3388, stack(0x00000020fb400000,0x00000020fb500000) (1024K)]
  0x0000015bbdde7670 WorkerThread "G1 Conc#0"                       [id=2228, stack(0x00000020fb500000,0x00000020fb600000) (1024K)]
  0x0000015bbde3e440 ConcurrentGCThread "G1 Refine#0"               [id=5428, stack(0x00000020fb600000,0x00000020fb700000) (1024K)]
  0x0000015bdc78f560 ConcurrentGCThread "G1 Service"                [id=3524, stack(0x00000020fb700000,0x00000020fb800000) (1024K)]
Total: 7

Threads with active compile tasks:
Total: 0

VM state: not at safepoint (normal execution)

VM Mutex/Monitor currently owned by a thread: None

Heap address: 0x0000000722400000, size: 3548 MB, Compressed Oops mode: Zero based, Oop shift amount: 3

CDS archive(s) mapped at: [0x0000015bdd000000-0x0000015bddc90000-0x0000015bddc90000), size 13172736, SharedBaseAddress: 0x0000015bdd000000, ArchiveRelocationMode: 1.
Compressed class space mapped at: 0x0000015bde000000-0x0000015c1e000000, reserved size: 1073741824
Narrow klass base: 0x0000015bdd000000, Narrow klass shift: 0, Narrow klass range: 0x100000000

GC Precious Log:
 CardTable entry size: 512
 Card Set container configuration: InlinePtr #cards 4 size 8 Array Of Cards #cards 16 size 48 Howl #buckets 8 coarsen threshold 3686 Howl Bitmap #cards 512 size 80 coarsen threshold 460 Card regions per heap region 1 cards per card region 4096
 CPUs: 12 total, 12 available
 Memory: 14188M
 Large Page Support: Disabled
 NUMA Support: Disabled
 Compressed Oops: Enabled (Zero based)
 Heap Region Size: 2M
 Heap Min Capacity: 8M
 Heap Initial Capacity: 222M
 Heap Max Capacity: 3548M
 Pre-touch: Disabled
 Parallel Workers: 10
 Concurrent Workers: 3
 Concurrent Refinement Workers: 10
 Periodic GC: Disabled

Heap:
 garbage-first heap   total 227328K, used 10240K [0x0000000722400000, 0x0000000800000000)
  region size 2048K, 4 young (8192K), 0 survivors (0K)
 Metaspace       used 1872K, committed 2112K, reserved 1114112K
  class space    used 152K, committed 256K, reserved 1048576K

Heap Regions: E=young(eden), S=young(survivor), O=old, HS=humongous(starts), HC=humongous(continues), CS=collection set, F=free, TAMS=top-at-mark-start, PB=parsable bottom
|   0|0x0000000722400000, 0x0000000722600000, 0x0000000722600000|100%|HS|  |TAMS 0x0000000722400000| PB 0x0000000722400000| Complete 
|   1|0x0000000722600000, 0x0000000722800000, 0x0000000722800000|100%|HS|  |TAMS 0x0000000722600000| PB 0x0000000722600000| Complete 
|   2|0x0000000722800000, 0x0000000722800000, 0x0000000722a00000|  0%| F|  |TAMS 0x0000000722800000| PB 0x0000000722800000| Untracked 
|   3|0x0000000722a00000, 0x0000000722a00000, 0x0000000722c00000|  0%| F|  |TAMS 0x0000000722a00000| PB 0x0000000722a00000| Untracked 
|   4|0x0000000722c00000, 0x0000000722c00000, 0x0000000722e00000|  0%| F|  |TAMS 0x0000000722c00000| PB 0x0000000722c00000| Untracked 
|   5|0x0000000722e00000, 0x0000000722e00000, 0x0000000723000000|  0%| F|  |TAMS 0x0000000722e00000| PB 0x0000000722e00000| Untracked 
|   6|0x0000000723000000, 0x0000000723000000, 0x0000000723200000|  0%| F|  |TAMS 0x0000000723000000| PB 0x0000000723000000| Untracked 
|   7|0x0000000723200000, 0x0000000723200000, 0x0000000723400000|  0%| F|  |TAMS 0x0000000723200000| PB 0x0000000723200000| Untracked 
|   8|0x0000000723400000, 0x0000000723400000, 0x0000000723600000|  0%| F|  |TAMS 0x0000000723400000| PB 0x0000000723400000| Untracked 
|   9|0x0000000723600000, 0x0000000723600000, 0x0000000723800000|  0%| F|  |TAMS 0x0000000723600000| PB 0x0000000723600000| Untracked 
|  10|0x0000000723800000, 0x0000000723800000, 0x0000000723a00000|  0%| F|  |TAMS 0x0000000723800000| PB 0x0000000723800000| Untracked 
|  11|0x0000000723a00000, 0x0000000723a00000, 0x0000000723c00000|  0%| F|  |TAMS 0x0000000723a00000| PB 0x0000000723a00000| Untracked 
|  12|0x0000000723c00000, 0x0000000723c00000, 0x0000000723e00000|  0%| F|  |TAMS 0x0000000723c00000| PB 0x0000000723c00000| Untracked 
|  13|0x0000000723e00000, 0x0000000723e00000, 0x0000000724000000|  0%| F|  |TAMS 0x0000000723e00000| PB 0x0000000723e00000| Untracked 
|  14|0x0000000724000000, 0x0000000724000000, 0x0000000724200000|  0%| F|  |TAMS 0x0000000724000000| PB 0x0000000724000000| Untracked 
|  15|0x0000000724200000, 0x0000000724200000, 0x0000000724400000|  0%| F|  |TAMS 0x0000000724200000| PB 0x0000000724200000| Untracked 
|  16|0x0000000724400000, 0x0000000724400000, 0x0000000724600000|  0%| F|  |TAMS 0x0000000724400000| PB 0x0000000724400000| Untracked 
|  17|0x0000000724600000, 0x0000000724600000, 0x0000000724800000|  0%| F|  |TAMS 0x0000000724600000| PB 0x0000000724600000| Untracked 
|  18|0x0000000724800000, 0x0000000724800000, 0x0000000724a00000|  0%| F|  |TAMS 0x0000000724800000| PB 0x0000000724800000| Untracked 
|  19|0x0000000724a00000, 0x0000000724a00000, 0x0000000724c00000|  0%| F|  |TAMS 0x0000000724a00000| PB 0x0000000724a00000| Untracked 
|  20|0x0000000724c00000, 0x0000000724c00000, 0x0000000724e00000|  0%| F|  |TAMS 0x0000000724c00000| PB 0x0000000724c00000| Untracked 
|  21|0x0000000724e00000, 0x0000000724e00000, 0x0000000725000000|  0%| F|  |TAMS 0x0000000724e00000| PB 0x0000000724e00000| Untracked 
|  22|0x0000000725000000, 0x0000000725000000, 0x0000000725200000|  0%| F|  |TAMS 0x0000000725000000| PB 0x0000000725000000| Untracked 
|  23|0x0000000725200000, 0x0000000725200000, 0x0000000725400000|  0%| F|  |TAMS 0x0000000725200000| PB 0x0000000725200000| Untracked 
|  24|0x0000000725400000, 0x0000000725400000, 0x0000000725600000|  0%| F|  |TAMS 0x0000000725400000| PB 0x0000000725400000| Untracked 
|  25|0x0000000725600000, 0x0000000725600000, 0x0000000725800000|  0%| F|  |TAMS 0x0000000725600000| PB 0x0000000725600000| Untracked 
|  26|0x0000000725800000, 0x0000000725800000, 0x0000000725a00000|  0%| F|  |TAMS 0x0000000725800000| PB 0x0000000725800000| Untracked 
|  27|0x0000000725a00000, 0x0000000725a00000, 0x0000000725c00000|  0%| F|  |TAMS 0x0000000725a00000| PB 0x0000000725a00000| Untracked 
|  28|0x0000000725c00000, 0x0000000725c00000, 0x0000000725e00000|  0%| F|  |TAMS 0x0000000725c00000| PB 0x0000000725c00000| Untracked 
|  29|0x0000000725e00000, 0x0000000725e00000, 0x0000000726000000|  0%| F|  |TAMS 0x0000000725e00000| PB 0x0000000725e00000| Untracked 
|  30|0x0000000726000000, 0x0000000726000000, 0x0000000726200000|  0%| F|  |TAMS 0x0000000726000000| PB 0x0000000726000000| Untracked 
|  31|0x0000000726200000, 0x0000000726200000, 0x0000000726400000|  0%| F|  |TAMS 0x0000000726200000| PB 0x0000000726200000| Untracked 
|  32|0x0000000726400000, 0x0000000726400000, 0x0000000726600000|  0%| F|  |TAMS 0x0000000726400000| PB 0x0000000726400000| Untracked 
|  33|0x0000000726600000, 0x0000000726600000, 0x0000000726800000|  0%| F|  |TAMS 0x0000000726600000| PB 0x0000000726600000| Untracked 
|  34|0x0000000726800000, 0x0000000726800000, 0x0000000726a00000|  0%| F|  |TAMS 0x0000000726800000| PB 0x0000000726800000| Untracked 
|  35|0x0000000726a00000, 0x0000000726a00000, 0x0000000726c00000|  0%| F|  |TAMS 0x0000000726a00000| PB 0x0000000726a00000| Untracked 
|  36|0x0000000726c00000, 0x0000000726c00000, 0x0000000726e00000|  0%| F|  |TAMS 0x0000000726c00000| PB 0x0000000726c00000| Untracked 
|  37|0x0000000726e00000, 0x0000000726e00000, 0x0000000727000000|  0%| F|  |TAMS 0x0000000726e00000| PB 0x0000000726e00000| Untracked 
|  38|0x0000000727000000, 0x0000000727000000, 0x0000000727200000|  0%| F|  |TAMS 0x0000000727000000| PB 0x0000000727000000| Untracked 
|  39|0x0000000727200000, 0x0000000727200000, 0x0000000727400000|  0%| F|  |TAMS 0x0000000727200000| PB 0x0000000727200000| Untracked 
|  40|0x0000000727400000, 0x0000000727400000, 0x0000000727600000|  0%| F|  |TAMS 0x0000000727400000| PB 0x0000000727400000| Untracked 
|  41|0x0000000727600000, 0x0000000727600000, 0x0000000727800000|  0%| F|  |TAMS 0x0000000727600000| PB 0x0000000727600000| Untracked 
|  42|0x0000000727800000, 0x0000000727800000, 0x0000000727a00000|  0%| F|  |TAMS 0x0000000727800000| PB 0x0000000727800000| Untracked 
|  43|0x0000000727a00000, 0x0000000727a00000, 0x0000000727c00000|  0%| F|  |TAMS 0x0000000727a00000| PB 0x0000000727a00000| Untracked 
|  44|0x0000000727c00000, 0x0000000727c00000, 0x0000000727e00000|  0%| F|  |TAMS 0x0000000727c00000| PB 0x0000000727c00000| Untracked 
|  45|0x0000000727e00000, 0x0000000727e00000, 0x0000000728000000|  0%| F|  |TAMS 0x0000000727e00000| PB 0x0000000727e00000| Untracked 
|  46|0x0000000728000000, 0x0000000728000000, 0x0000000728200000|  0%| F|  |TAMS 0x0000000728000000| PB 0x0000000728000000| Untracked 
|  47|0x0000000728200000, 0x0000000728200000, 0x0000000728400000|  0%| F|  |TAMS 0x0000000728200000| PB 0x0000000728200000| Untracked 
|  48|0x0000000728400000, 0x0000000728400000, 0x0000000728600000|  0%| F|  |TAMS 0x0000000728400000| PB 0x0000000728400000| Untracked 
|  49|0x0000000728600000, 0x0000000728600000, 0x0000000728800000|  0%| F|  |TAMS 0x0000000728600000| PB 0x0000000728600000| Untracked 
|  50|0x0000000728800000, 0x0000000728800000, 0x0000000728a00000|  0%| F|  |TAMS 0x0000000728800000| PB 0x0000000728800000| Untracked 
|  51|0x0000000728a00000, 0x0000000728a00000, 0x0000000728c00000|  0%| F|  |TAMS 0x0000000728a00000| PB 0x0000000728a00000| Untracked 
|  52|0x0000000728c00000, 0x0000000728c00000, 0x0000000728e00000|  0%| F|  |TAMS 0x0000000728c00000| PB 0x0000000728c00000| Untracked 
|  53|0x0000000728e00000, 0x0000000728e00000, 0x0000000729000000|  0%| F|  |TAMS 0x0000000728e00000| PB 0x0000000728e00000| Untracked 
|  54|0x0000000729000000, 0x0000000729000000, 0x0000000729200000|  0%| F|  |TAMS 0x0000000729000000| PB 0x0000000729000000| Untracked 
|  55|0x0000000729200000, 0x0000000729200000, 0x0000000729400000|  0%| F|  |TAMS 0x0000000729200000| PB 0x0000000729200000| Untracked 
|  56|0x0000000729400000, 0x0000000729400000, 0x0000000729600000|  0%| F|  |TAMS 0x0000000729400000| PB 0x0000000729400000| Untracked 
|  57|0x0000000729600000, 0x0000000729600000, 0x0000000729800000|  0%| F|  |TAMS 0x0000000729600000| PB 0x0000000729600000| Untracked 
|  58|0x0000000729800000, 0x0000000729800000, 0x0000000729a00000|  0%| F|  |TAMS 0x0000000729800000| PB 0x0000000729800000| Untracked 
|  59|0x0000000729a00000, 0x0000000729a00000, 0x0000000729c00000|  0%| F|  |TAMS 0x0000000729a00000| PB 0x0000000729a00000| Untracked 
|  60|0x0000000729c00000, 0x0000000729c00000, 0x0000000729e00000|  0%| F|  |TAMS 0x0000000729c00000| PB 0x0000000729c00000| Untracked 
|  61|0x0000000729e00000, 0x0000000729e00000, 0x000000072a000000|  0%| F|  |TAMS 0x0000000729e00000| PB 0x0000000729e00000| Untracked 
|  62|0x000000072a000000, 0x000000072a000000, 0x000000072a200000|  0%| F|  |TAMS 0x000000072a000000| PB 0x000000072a000000| Untracked 
|  63|0x000000072a200000, 0x000000072a200000, 0x000000072a400000|  0%| F|  |TAMS 0x000000072a200000| PB 0x000000072a200000| Untracked 
|  64|0x000000072a400000, 0x000000072a400000, 0x000000072a600000|  0%| F|  |TAMS 0x000000072a400000| PB 0x000000072a400000| Untracked 
|  65|0x000000072a600000, 0x000000072a600000, 0x000000072a800000|  0%| F|  |TAMS 0x000000072a600000| PB 0x000000072a600000| Untracked 
|  66|0x000000072a800000, 0x000000072a800000, 0x000000072aa00000|  0%| F|  |TAMS 0x000000072a800000| PB 0x000000072a800000| Untracked 
|  67|0x000000072aa00000, 0x000000072aa00000, 0x000000072ac00000|  0%| F|  |TAMS 0x000000072aa00000| PB 0x000000072aa00000| Untracked 
|  68|0x000000072ac00000, 0x000000072ac00000, 0x000000072ae00000|  0%| F|  |TAMS 0x000000072ac00000| PB 0x000000072ac00000| Untracked 
|  69|0x000000072ae00000, 0x000000072ae00000, 0x000000072b000000|  0%| F|  |TAMS 0x000000072ae00000| PB 0x000000072ae00000| Untracked 
|  70|0x000000072b000000, 0x000000072b000000, 0x000000072b200000|  0%| F|  |TAMS 0x000000072b000000| PB 0x000000072b000000| Untracked 
|  71|0x000000072b200000, 0x000000072b200000, 0x000000072b400000|  0%| F|  |TAMS 0x000000072b200000| PB 0x000000072b200000| Untracked 
|  72|0x000000072b400000, 0x000000072b400000, 0x000000072b600000|  0%| F|  |TAMS 0x000000072b400000| PB 0x000000072b400000| Untracked 
|  73|0x000000072b600000, 0x000000072b600000, 0x000000072b800000|  0%| F|  |TAMS 0x000000072b600000| PB 0x000000072b600000| Untracked 
|  74|0x000000072b800000, 0x000000072b800000, 0x000000072ba00000|  0%| F|  |TAMS 0x000000072b800000| PB 0x000000072b800000| Untracked 
|  75|0x000000072ba00000, 0x000000072ba00000, 0x000000072bc00000|  0%| F|  |TAMS 0x000000072ba00000| PB 0x000000072ba00000| Untracked 
|  76|0x000000072bc00000, 0x000000072bc00000, 0x000000072be00000|  0%| F|  |TAMS 0x000000072bc00000| PB 0x000000072bc00000| Untracked 
|  77|0x000000072be00000, 0x000000072be00000, 0x000000072c000000|  0%| F|  |TAMS 0x000000072be00000| PB 0x000000072be00000| Untracked 
|  78|0x000000072c000000, 0x000000072c000000, 0x000000072c200000|  0%| F|  |TAMS 0x000000072c000000| PB 0x000000072c000000| Untracked 
|  79|0x000000072c200000, 0x000000072c200000, 0x000000072c400000|  0%| F|  |TAMS 0x000000072c200000| PB 0x000000072c200000| Untracked 
|  80|0x000000072c400000, 0x000000072c400000, 0x000000072c600000|  0%| F|  |TAMS 0x000000072c400000| PB 0x000000072c400000| Untracked 
|  81|0x000000072c600000, 0x000000072c600000, 0x000000072c800000|  0%| F|  |TAMS 0x000000072c600000| PB 0x000000072c600000| Untracked 
|  82|0x000000072c800000, 0x000000072c800000, 0x000000072ca00000|  0%| F|  |TAMS 0x000000072c800000| PB 0x000000072c800000| Untracked 
|  83|0x000000072ca00000, 0x000000072ca00000, 0x000000072cc00000|  0%| F|  |TAMS 0x000000072ca00000| PB 0x000000072ca00000| Untracked 
|  84|0x000000072cc00000, 0x000000072cc00000, 0x000000072ce00000|  0%| F|  |TAMS 0x000000072cc00000| PB 0x000000072cc00000| Untracked 
|  85|0x000000072ce00000, 0x000000072ce00000, 0x000000072d000000|  0%| F|  |TAMS 0x000000072ce00000| PB 0x000000072ce00000| Untracked 
|  86|0x000000072d000000, 0x000000072d000000, 0x000000072d200000|  0%| F|  |TAMS 0x000000072d000000| PB 0x000000072d000000| Untracked 
|  87|0x000000072d200000, 0x000000072d200000, 0x000000072d400000|  0%| F|  |TAMS 0x000000072d200000| PB 0x000000072d200000| Untracked 
|  88|0x000000072d400000, 0x000000072d400000, 0x000000072d600000|  0%| F|  |TAMS 0x000000072d400000| PB 0x000000072d400000| Untracked 
|  89|0x000000072d600000, 0x000000072d600000, 0x000000072d800000|  0%| F|  |TAMS 0x000000072d600000| PB 0x000000072d600000| Untracked 
|  90|0x000000072d800000, 0x000000072d800000, 0x000000072da00000|  0%| F|  |TAMS 0x000000072d800000| PB 0x000000072d800000| Untracked 
|  91|0x000000072da00000, 0x000000072da00000, 0x000000072dc00000|  0%| F|  |TAMS 0x000000072da00000| PB 0x000000072da00000| Untracked 
|  92|0x000000072dc00000, 0x000000072dc00000, 0x000000072de00000|  0%| F|  |TAMS 0x000000072dc00000| PB 0x000000072dc00000| Untracked 
|  93|0x000000072de00000, 0x000000072de00000, 0x000000072e000000|  0%| F|  |TAMS 0x000000072de00000| PB 0x000000072de00000| Untracked 
|  94|0x000000072e000000, 0x000000072e000000, 0x000000072e200000|  0%| F|  |TAMS 0x000000072e000000| PB 0x000000072e000000| Untracked 
|  95|0x000000072e200000, 0x000000072e200000, 0x000000072e400000|  0%| F|  |TAMS 0x000000072e200000| PB 0x000000072e200000| Untracked 
|  96|0x000000072e400000, 0x000000072e400000, 0x000000072e600000|  0%| F|  |TAMS 0x000000072e400000| PB 0x000000072e400000| Untracked 
|  97|0x000000072e600000, 0x000000072e600000, 0x000000072e800000|  0%| F|  |TAMS 0x000000072e600000| PB 0x000000072e600000| Untracked 
|  98|0x000000072e800000, 0x000000072e800000, 0x000000072ea00000|  0%| F|  |TAMS 0x000000072e800000| PB 0x000000072e800000| Untracked 
|  99|0x000000072ea00000, 0x000000072ea00000, 0x000000072ec00000|  0%| F|  |TAMS 0x000000072ea00000| PB 0x000000072ea00000| Untracked 
| 100|0x000000072ec00000, 0x000000072ec00000, 0x000000072ee00000|  0%| F|  |TAMS 0x000000072ec00000| PB 0x000000072ec00000| Untracked 
| 101|0x000000072ee00000, 0x000000072ee00000, 0x000000072f000000|  0%| F|  |TAMS 0x000000072ee00000| PB 0x000000072ee00000| Untracked 
| 102|0x000000072f000000, 0x000000072f000000, 0x000000072f200000|  0%| F|  |TAMS 0x000000072f000000| PB 0x000000072f000000| Untracked 
| 103|0x000000072f200000, 0x000000072f200000, 0x000000072f400000|  0%| F|  |TAMS 0x000000072f200000| PB 0x000000072f200000| Untracked 
| 104|0x000000072f400000, 0x000000072f400000, 0x000000072f600000|  0%| F|  |TAMS 0x000000072f400000| PB 0x000000072f400000| Untracked 
| 105|0x000000072f600000, 0x000000072f600000, 0x000000072f800000|  0%| F|  |TAMS 0x000000072f600000| PB 0x000000072f600000| Untracked 
| 106|0x000000072f800000, 0x000000072f800000, 0x000000072fa00000|  0%| F|  |TAMS 0x000000072f800000| PB 0x000000072f800000| Untracked 
| 107|0x000000072fa00000, 0x000000072fa749b0, 0x000000072fc00000| 22%| E|  |TAMS 0x000000072fa00000| PB 0x000000072fa00000| Complete 
| 108|0x000000072fc00000, 0x000000072fe00000, 0x000000072fe00000|100%| E|CS|TAMS 0x000000072fc00000| PB 0x000000072fc00000| Complete 
| 109|0x000000072fe00000, 0x0000000730000000, 0x0000000730000000|100%| E|CS|TAMS 0x000000072fe00000| PB 0x000000072fe00000| Complete 
| 110|0x0000000730000000, 0x0000000730200000, 0x0000000730200000|100%| E|CS|TAMS 0x0000000730000000| PB 0x0000000730000000| Complete 

Card table byte_map: [0x0000015bd5e40000,0x0000015bd6530000] _byte_map_base: 0x0000015bd252e000

Marking Bits: (CMBitMap*) 0x0000015bbddd6eb0
 Bits: [0x0000015bd6530000, 0x0000015bd9ca0000)

Polling page: 0x0000015bbbc80000

Metaspace:

Usage:
  Non-class:      1.68 MB used.
      Class:    152.56 KB used.
       Both:      1.83 MB used.

Virtual space:
  Non-class space:       64.00 MB reserved,       1.81 MB (  3%) committed,  1 nodes.
      Class space:        1.00 GB reserved,     256.00 KB ( <1%) committed,  1 nodes.
             Both:        1.06 GB reserved,       2.06 MB ( <1%) committed. 

Chunk freelists:
   Non-Class:  11.36 MB
       Class:  15.64 MB
        Both:  27.00 MB

MaxMetaspaceSize: unlimited
CompressedClassSpaceSize: 1.00 GB
Initial GC threshold: 21.00 MB
Current GC threshold: 21.00 MB
CDS: on
 - commit_granule_bytes: 65536.
 - commit_granule_words: 8192.
 - virtual_space_node_default_size: 8388608.
 - enlarge_chunks_in_place: 1.
 - use_allocation_guard: 0.


Internal statistics:

num_allocs_failed_limit: 0.
num_arena_births: 114.
num_arena_deaths: 0.
num_vsnodes_births: 2.
num_vsnodes_deaths: 0.
num_space_committed: 33.
num_space_uncommitted: 0.
num_chunks_returned_to_freelist: 0.
num_chunks_taken_from_freelist: 178.
num_chunk_merges: 0.
num_chunk_splits: 99.
num_chunks_enlarged: 44.
num_inconsistent_stats: 0.

CodeHeap 'non-profiled nmethods': size=120000Kb used=153Kb max_used=153Kb free=119846Kb
 bounds [0x0000015bcdcc0000, 0x0000015bcdf30000, 0x0000015bd51f0000]
CodeHeap 'profiled nmethods': size=120000Kb used=698Kb max_used=698Kb free=119301Kb
 bounds [0x0000015bc61f0000, 0x0000015bc6460000, 0x0000015bcd720000]
CodeHeap 'non-nmethods': size=5760Kb used=1385Kb max_used=1399Kb free=4374Kb
 bounds [0x0000015bcd720000, 0x0000015bcd990000, 0x0000015bcdcc0000]
 total_blobs=993 nmethods=507 adapters=391
 compilation: enabled
              stopped_count=0, restarted_count=0
 full_count=0

Compilation events (20 events):
Event: 0.312 Thread 0x0000015bdc91cec0 nmethod 492 0x0000015bc629a090 code [0x0000015bc629a240, 0x0000015bc629a3d0]
Event: 0.313 Thread 0x0000015bdc91cec0  495       3       java.lang.invoke.MemberName::getMethodOrFieldType (72 bytes)
Event: 0.313 Thread 0x0000015bdc91c6e0 nmethod 488 0x0000015bcdce5690 code [0x0000015bcdce5820, 0x0000015bcdce59e0]
Event: 0.314 Thread 0x0000015bdc91cec0 nmethod 495 0x0000015bc629a490 code [0x0000015bc629a7c0, 0x0000015bc629b5a0]
Event: 0.314 Thread 0x0000015bdc91cec0  499       3       java.lang.Class::getComponentType (14 bytes)
Event: 0.314 Thread 0x0000015bdc91cec0 nmethod 499 0x0000015bc629ba90 code [0x0000015bc629bc40, 0x0000015bc629bdf8]
Event: 0.314 Thread 0x0000015bdc91cec0  498       3       jdk.internal.org.objectweb.asm.Frame::pop (42 bytes)
Event: 0.314 Thread 0x0000015bdc91cec0 nmethod 498 0x0000015bc629be90 code [0x0000015bc629c040, 0x0000015bc629c1f8]
Event: 0.314 Thread 0x0000015bdc91cec0  500       3       java.lang.invoke.InvokerBytecodeGenerator::getInternalName (103 bytes)
Event: 0.314 Thread 0x0000015bdc91c6e0  501       4       java.lang.invoke.MethodType::parameterType (7 bytes)
Event: 0.315 Thread 0x0000015bdc91cec0 nmethod 500 0x0000015bc629c310 code [0x0000015bc629c520, 0x0000015bc629ca78]
Event: 0.315 Thread 0x0000015bdc91cec0  504       3       jdk.internal.org.objectweb.asm.Frame::getLocal (46 bytes)
Event: 0.315 Thread 0x0000015bdc91cec0 nmethod 504 0x0000015bc629cb90 code [0x0000015bc629cd40, 0x0000015bc629cf60]
Event: 0.315 Thread 0x0000015bdc91cec0  505       3       java.lang.invoke.InvokerBytecodeGenerator::emitImplicitConversion (161 bytes)
Event: 0.315 Thread 0x0000015bdc91c6e0 nmethod 501 0x0000015bcdce6110 code [0x0000015bcdce62a0, 0x0000015bcdce6378]
Event: 0.316 Thread 0x0000015bdc91cec0 nmethod 505 0x0000015bc629d010 code [0x0000015bc629d340, 0x0000015bc629e158]
Event: 0.316 Thread 0x0000015bdc91cec0  506       1       java.security.CodeSource::getLocationNoFragString (5 bytes)
Event: 0.317 Thread 0x0000015bdc91cec0 nmethod 506 0x0000015bcdce6410 code [0x0000015bcdce65a0, 0x0000015bcdce6670]
Event: 0.319 Thread 0x0000015bdc91cec0  507       3       java.util.ArrayDeque::inc (12 bytes)
Event: 0.319 Thread 0x0000015bdc91cec0 nmethod 507 0x0000015bc629e610 code [0x0000015bc629e7a0, 0x0000015bc629e8c8]

GC Heap History (0 events):
No events

Dll operation events (8 events):
Event: 0.012 Loaded shared library C:\Program Files\Java\jdk-21\bin\java.dll
Event: 0.056 Loaded shared library C:\Program Files\Java\jdk-21\bin\jsvml.dll
Event: 0.101 Loaded shared library C:\Program Files\Java\jdk-21\bin\net.dll
Event: 0.103 Loaded shared library C:\Program Files\Java\jdk-21\bin\nio.dll
Event: 0.114 Loaded shared library C:\Program Files\Java\jdk-21\bin\zip.dll
Event: 0.199 Loaded shared library C:\Program Files\Java\jdk-21\bin\jimage.dll
Event: 0.223 Loaded shared library C:\Users\Lenovo\AppData\Local\Temp\lwjgl_Lenovo\3.3.6+1\x64\lwjgl.dll
Event: 0.258 Loaded shared library C:\Users\Lenovo\AppData\Local\Temp\lwjgl_Lenovo\3.3.6+1\x64\lwjgl_stb.dll

Deoptimization events (8 events):
Event: 0.202 Thread 0x0000015bbbab0ab0 DEOPT PACKING pc=0x0000015bc6209cf8 sp=0x00000020fb2fc4d0
Event: 0.202 Thread 0x0000015bbbab0ab0 DEOPT UNPACKING pc=0x0000015bcd774e42 sp=0x00000020fb2fb8f0 mode 0
Event: 0.213 Thread 0x0000015bbbab0ab0 Uncommon trap: trap_request=0xffffff45 fr.pc=0x0000015bcdcd5af0 relative=0x0000000000000070
Event: 0.213 Thread 0x0000015bbbab0ab0 Uncommon trap: reason=unstable_if action=reinterpret pc=0x0000015bcdcd5af0 method=java.io.WinNTFileSystem.isSlash(C)Z @ 9 c2
Event: 0.213 Thread 0x0000015bbbab0ab0 DEOPT PACKING pc=0x0000015bcdcd5af0 sp=0x00000020fb2fcff0
Event: 0.213 Thread 0x0000015bbbab0ab0 DEOPT UNPACKING pc=0x0000015bcd7746a2 sp=0x00000020fb2fcf78 mode 2
Event: 0.241 Thread 0x0000015bbbab0ab0 DEOPT PACKING pc=0x0000015bc61f86d8 sp=0x00000020fb2fc710
Event: 0.241 Thread 0x0000015bbbab0ab0 DEOPT UNPACKING pc=0x0000015bcd774e42 sp=0x00000020fb2fbb78 mode 0

Classes loaded (20 events):
Event: 0.267 Loading class java/nio/DirectShortBufferU
Event: 0.268 Loading class java/nio/DirectShortBufferU done
Event: 0.268 Loading class java/nio/DirectCharBufferU
Event: 0.268 Loading class java/nio/DirectCharBufferU done
Event: 0.268 Loading class java/nio/DirectFloatBufferU
Event: 0.268 Loading class java/nio/DirectFloatBufferU done
Event: 0.268 Loading class java/nio/DirectDoubleBufferU
Event: 0.268 Loading class java/nio/DirectDoubleBufferU done
Event: 0.268 Loading class sun/misc/Unsafe
Event: 0.269 Loading class sun/misc/Unsafe done
Event: 0.270 Loading class java/lang/invoke/DirectMethodHandle$StaticAccessor
Event: 0.270 Loading class java/lang/invoke/DirectMethodHandle$StaticAccessor done
Event: 0.275 Loading class java/util/function/LongPredicate
Event: 0.275 Loading class java/util/function/LongPredicate done
Event: 0.277 Loading class java/lang/foreign/MemorySegment
Event: 0.278 Loading class java/lang/foreign/MemorySegment done
Event: 0.285 Loading class java/util/Formatter$FixedString
Event: 0.285 Loading class java/util/Formatter$FixedString done
Event: 0.289 Loading class java/lang/IndexOutOfBoundsException
Event: 0.289 Loading class java/lang/IndexOutOfBoundsException done

Classes unloaded (0 events):
No events

Classes redefined (0 events):
No events

Internal exceptions (19 events):
Event: 0.182 Thread 0x0000015bbbab0ab0 Exception <a 'java/lang/NoSuchMethodError'{0x000000072ffebf40}: 'void java.lang.invoke.DirectMethodHandle$Holder.invokeStatic(java.lang.Object, java.lang.Object)'> (0x000000072ffebf40) 
thrown [s\open\src\hotspot\share\interpreter\linkResolver.cpp, line 773]
Event: 0.183 Thread 0x0000015bbbab0ab0 Exception <a 'java/lang/NoSuchMethodError'{0x000000072fff14b0}: 'void java.lang.System.load(java.lang.String, java.lang.Class)'> (0x000000072fff14b0) 
thrown [s\open\src\hotspot\share\interpreter\linkResolver.cpp, line 773]
Event: 0.183 Thread 0x0000015bbbab0ab0 Exception <a 'java/lang/NoSuchMethodError'{0x000000072fff20a0}: 'void java.lang.invoke.DirectMethodHandle$Holder.invokeSpecial(java.lang.Object, java.lang.Object, java.lang.Object)'> (0x000000072fff20a0) 
thrown [s\open\src\hotspot\share\interpreter\linkResolver.cpp, line 773]
Event: 0.187 Thread 0x0000015bbbab0ab0 Exception <a 'java/lang/NoSuchMethodError'{0x000000072fc049a8}: 'java.lang.Object java.lang.invoke.DirectMethodHandle$Holder.invokeStatic(java.lang.Object, java.lang.Object, int)'> (0x000000072fc049a8) 
thrown [s\open\src\hotspot\share\interpreter\linkResolver.cpp, line 773]
Event: 0.189 Thread 0x0000015bbbab0ab0 Exception <a 'java/lang/NoSuchMethodError'{0x000000072fc0fea8}: 'void java.lang.invoke.DelegatingMethodHandle$Holder.delegate(java.lang.Object, java.lang.Object, int, java.lang.Object)'> (0x000000072fc0fea8) 
thrown [s\open\src\hotspot\share\interpreter\linkResolver.cpp, line 773]
Event: 0.190 Thread 0x0000015bbbab0ab0 Exception <a 'java/lang/NoSuchMethodError'{0x000000072fc13d90}: 'int java.lang.invoke.DirectMethodHandle$Holder.invokeSpecial(java.lang.Object, java.lang.Object, java.lang.Object)'> (0x000000072fc13d90) 
thrown [s\open\src\hotspot\share\interpreter\linkResolver.cpp, line 773]
Event: 0.195 Thread 0x0000015bbbab0ab0 Exception <a 'java/lang/NoSuchMethodError'{0x000000072fc2e278}: 'void java.lang.System.loadLibrary(java.lang.String, java.lang.Class)'> (0x000000072fc2e278) 
thrown [s\open\src\hotspot\share\interpreter\linkResolver.cpp, line 773]
Event: 0.231 Thread 0x0000015bbbab0ab0 Exception <a 'sun/nio/fs/WindowsException'{0x000000072fc60bb8}> (0x000000072fc60bb8) 
thrown [s\open\src\hotspot\share\prims\jni.cpp, line 520]
Event: 0.231 Thread 0x0000015bbbab0ab0 Exception <a 'sun/nio/fs/WindowsException'{0x000000072fc610f0}> (0x000000072fc610f0) 
thrown [s\open\src\hotspot\share\prims\jni.cpp, line 520]
Event: 0.244 Thread 0x0000015bbbab0ab0 Exception <a 'java/lang/NoSuchMethodError'{0x000000072fc9dd48}: 'void java.lang.System.load(java.lang.String, java.lang.Class)'> (0x000000072fc9dd48) 
thrown [s\open\src\hotspot\share\interpreter\linkResolver.cpp, line 773]
Event: 0.245 Thread 0x0000015bbbab0ab0 Exception <a 'java/lang/NoSuchMethodError'{0x000000072fca06e8}: 'void java.lang.System.loadLibrary(java.lang.String, java.lang.Class)'> (0x000000072fca06e8) 
thrown [s\open\src\hotspot\share\interpreter\linkResolver.cpp, line 773]
Event: 0.255 Thread 0x0000015bbbab0ab0 Exception <a 'sun/nio/fs/WindowsException'{0x000000072fcb0b48}> (0x000000072fcb0b48) 
thrown [s\open\src\hotspot\share\prims\jni.cpp, line 520]
Event: 0.255 Thread 0x0000015bbbab0ab0 Exception <a 'sun/nio/fs/WindowsException'{0x000000072fcb0ed0}> (0x000000072fcb0ed0) 
thrown [s\open\src\hotspot\share\prims\jni.cpp, line 520]
Event: 0.276 Thread 0x0000015bbbab0ab0 Exception <a 'java/lang/NoSuchMethodError'{0x000000072fd0cc58}: 'int java.lang.invoke.DirectMethodHandle$Holder.invokeStaticInit(java.lang.Object, java.lang.Object, int, long)'> (0x000000072fd0cc58) 
thrown [s\open\src\hotspot\share\interpreter\linkResolver.cpp, line 773]
Event: 0.277 Thread 0x0000015bbbab0ab0 Exception <a 'java/lang/NoSuchMethodError'{0x000000072fd11c80}: 'java.lang.Object java.lang.invoke.DirectMethodHandle$Holder.newInvokeSpecial(java.lang.Object, java.lang.Object, int)'> (0x000000072fd11c80) 
thrown [s\open\src\hotspot\share\interpreter\linkResolver.cpp, line 773]
Event: 0.279 Thread 0x0000015bbbab0ab0 Exception <a 'java/lang/NoSuchMethodError'{0x000000072fd1fe38}: 'int java.lang.invoke.DirectMethodHandle$Holder.invokeStaticInit(java.lang.Object, java.lang.Object, long, long)'> (0x000000072fd1fe38) 
thrown [s\open\src\hotspot\share\interpreter\linkResolver.cpp, line 773]
Event: 0.280 Thread 0x0000015bbbab0ab0 Exception <a 'java/lang/NoSuchMethodError'{0x000000072fd256a0}: 'java.lang.Object java.lang.invoke.DirectMethodHandle$Holder.newInvokeSpecial(java.lang.Object, java.lang.Object, long)'> (0x000000072fd256a0) 
thrown [s\open\src\hotspot\share\interpreter\linkResolver.cpp, line 773]
Event: 0.281 Thread 0x0000015bbbab0ab0 Exception <a 'java/lang/NoSuchMethodError'{0x000000072fd29490}: 'java.lang.Object java.lang.invoke.Invokers$Holder.linkToTargetMethod(java.lang.Object, long, java.lang.Object)'> (0x000000072fd29490) 
thrown [s\open\src\hotspot\share\interpreter\linkResolver.cpp, line 773]
Event: 0.281 Thread 0x0000015bbbab0ab0 Exception <a 'java/lang/NoSuchMethodError'{0x000000072fd30518}: 'int java.lang.invoke.DirectMethodHandle$Holder.invokeStaticInit(java.lang.Object, java.lang.Object, java.lang.Object, long)'> (0x000000072fd30518) 
thrown [s\open\src\hotspot\share\interpreter\linkResolver.cpp, line 773]

ZGC Phase Switch (0 events):
No events

VM Operations (2 events):
Event: 0.120 Executing VM operation: HandshakeAllThreads (Deoptimize)
Event: 0.120 Executing VM operation: HandshakeAllThreads (Deoptimize) done

Events (11 events):
Event: 0.032 Thread 0x0000015bbbab0ab0 Thread added: 0x0000015bbbab0ab0
Event: 0.053 Thread 0x0000015bdc8fbb70 Thread added: 0x0000015bdc8fbb70
Event: 0.053 Thread 0x0000015bdc8fc7d0 Thread added: 0x0000015bdc8fc7d0
Event: 0.053 Thread 0x0000015bdc901c10 Thread added: 0x0000015bdc901c10
Event: 0.053 Thread 0x0000015bdc902670 Thread added: 0x0000015bdc902670
Event: 0.054 Thread 0x0000015bdc9039a0 Thread added: 0x0000015bdc9039a0
Event: 0.054 Thread 0x0000015bdc914be0 Thread added: 0x0000015bdc914be0
Event: 0.054 Thread 0x0000015bdc91c6e0 Thread added: 0x0000015bdc91c6e0
Event: 0.054 Thread 0x0000015bdc91cec0 Thread added: 0x0000015bdc91cec0
Event: 0.089 Thread 0x0000015bdcb68c20 Thread added: 0x0000015bdcb68c20
Event: 0.092 Thread 0x0000015bdcb72cb0 Thread added: 0x0000015bdcb72cb0


Dynamic libraries:
0x00007ff7dba40000 - 0x00007ff7dba50000 	C:\Program Files\Java\jdk-21\bin\javaw.exe
0x00007ffd5f460000 - 0x00007ffd5f6c7000 	C:\WINDOWS\SYSTEM32\ntdll.dll
0x00007ffd5e310000 - 0x00007ffd5e3d9000 	C:\WINDOWS\System32\KERNEL32.DLL
0x00007ffd5c870000 - 0x00007ffd5cc5f000 	C:\WINDOWS\System32\KERNELBASE.dll
0x00007ffd5c5b0000 - 0x00007ffd5c6fb000 	C:\WINDOWS\System32\ucrtbase.dll
0x00007ffd4bbe0000 - 0x00007ffd4bbfb000 	C:\Program Files\Java\jdk-21\bin\VCRUNTIME140.dll
0x00007ffd4bef0000 - 0x00007ffd4bf09000 	C:\Program Files\Java\jdk-21\bin\jli.dll
0x00007ffd5dca0000 - 0x00007ffd5dd54000 	C:\WINDOWS\System32\ADVAPI32.dll
0x00007ffd5f370000 - 0x00007ffd5f419000 	C:\WINDOWS\System32\msvcrt.dll
0x00007ffd5e450000 - 0x00007ffd5e4f6000 	C:\WINDOWS\System32\sechost.dll
0x00007ffd5dd60000 - 0x00007ffd5de78000 	C:\WINDOWS\System32\RPCRT4.dll
0x00007ffd5dad0000 - 0x00007ffd5dc95000 	C:\WINDOWS\System32\USER32.dll
0x00007ffd3eed0000 - 0x00007ffd3f163000 	C:\WINDOWS\WinSxS\amd64_microsoft.windows.common-controls_6595b64144ccf1df_6.0.26100.7309_none_3e05feeae336a044\COMCTL32.dll
0x00007ffd5c790000 - 0x00007ffd5c7b7000 	C:\WINDOWS\System32\win32u.dll
0x00007ffd5e210000 - 0x00007ffd5e23b000 	C:\WINDOWS\System32\GDI32.dll
0x00007ffd5cc70000 - 0x00007ffd5cd9c000 	C:\WINDOWS\System32\gdi32full.dll
0x00007ffd5c7c0000 - 0x00007ffd5c863000 	C:\WINDOWS\System32\msvcp_win.dll
0x00007ffd551b0000 - 0x00007ffd551bb000 	C:\WINDOWS\SYSTEM32\VERSION.dll
0x00007ffd5e570000 - 0x00007ffd5e5a1000 	C:\WINDOWS\System32\IMM32.DLL
0x00007ffd57770000 - 0x00007ffd5777c000 	C:\Program Files\Java\jdk-21\bin\vcruntime140_1.dll
0x00007ffd49250000 - 0x00007ffd492de000 	C:\Program Files\Java\jdk-21\bin\msvcp140.dll
0x00007ffcd6e70000 - 0x00007ffcd7b83000 	C:\Program Files\Java\jdk-21\bin\server\jvm.dll
0x00007ffd5f1d0000 - 0x00007ffd5f244000 	C:\WINDOWS\System32\WS2_32.dll
0x00007ffd5c430000 - 0x00007ffd5c48e000 	C:\WINDOWS\SYSTEM32\POWRPROF.dll
0x00007ffd48c60000 - 0x00007ffd48c95000 	C:\WINDOWS\SYSTEM32\WINMM.dll
0x00007ffd5c410000 - 0x00007ffd5c424000 	C:\WINDOWS\SYSTEM32\UMPDC.dll
0x00007ffd5b320000 - 0x00007ffd5b33b000 	C:\WINDOWS\SYSTEM32\kernel.appcore.dll
0x00007ffd4c910000 - 0x00007ffd4c91a000 	C:\Program Files\Java\jdk-21\bin\jimage.dll
0x00007ffd542f0000 - 0x00007ffd54532000 	C:\WINDOWS\SYSTEM32\DBGHELP.DLL
0x00007ffd5de80000 - 0x00007ffd5e206000 	C:\WINDOWS\System32\combase.dll
0x00007ffd5ee50000 - 0x00007ffd5ef26000 	C:\WINDOWS\System32\OLEAUT32.dll
0x00007ffd2ed60000 - 0x00007ffd2ed9c000 	C:\WINDOWS\SYSTEM32\dbgcore.DLL
0x00007ffd5cfe0000 - 0x00007ffd5d085000 	C:\WINDOWS\System32\bcryptPrimitives.dll
0x00007ffd4b640000 - 0x00007ffd4b65f000 	C:\Program Files\Java\jdk-21\bin\java.dll
0x00007ffd5d250000 - 0x00007ffd5d9a3000 	C:\WINDOWS\System32\SHELL32.dll
0x00007ffd5d090000 - 0x00007ffd5d1fa000 	C:\WINDOWS\System32\wintypes.dll
0x00007ffd5a190000 - 0x00007ffd5a9ee000 	C:\WINDOWS\SYSTEM32\windows.storage.dll
0x00007ffd5d9c0000 - 0x00007ffd5dab5000 	C:\WINDOWS\System32\SHCORE.dll
0x00007ffd5e3e0000 - 0x00007ffd5e446000 	C:\WINDOWS\System32\shlwapi.dll
0x00007ffd5c4d0000 - 0x00007ffd5c4f9000 	C:\WINDOWS\SYSTEM32\profapi.dll
0x00007ffd086e0000 - 0x00007ffd087b7000 	C:\Program Files\Java\jdk-21\bin\jsvml.dll
0x00007ffd4c6a0000 - 0x00007ffd4c6b0000 	C:\Program Files\Java\jdk-21\bin\net.dll
0x00007ffd55ac0000 - 0x00007ffd55be8000 	C:\WINDOWS\SYSTEM32\WINHTTP.dll
0x00007ffd5b870000 - 0x00007ffd5b8db000 	C:\WINDOWS\system32\mswsock.dll
0x00007ffd4b010000 - 0x00007ffd4b026000 	C:\Program Files\Java\jdk-21\bin\nio.dll
0x00007ffd4ad80000 - 0x00007ffd4ad98000 	C:\Program Files\Java\jdk-21\bin\zip.dll
0x00007ffd02010000 - 0x00007ffd0208e000 	C:\Users\Lenovo\AppData\Local\Temp\lwjgl_Lenovo\3.3.6+1\x64\lwjgl.dll
0x00007ffcf2470000 - 0x00007ffcf2509000 	C:\Users\Lenovo\AppData\Local\Temp\lwjgl_Lenovo\3.3.6+1\x64\lwjgl_stb.dll

dbghelp: loaded successfully - version: 4.0.5 - missing functions: none
symbol engine: initialized successfully - sym options: 0x614 - pdb path: .;C:\Program Files\Java\jdk-21\bin;C:\WINDOWS\SYSTEM32;C:\WINDOWS\WinSxS\amd64_microsoft.windows.common-controls_6595b64144ccf1df_6.0.26100.7309_none_3e05feeae336a044;C:\Program Files\Java\jdk-21\bin\server;C:\Users\Lenovo\AppData\Local\Temp\lwjgl_Lenovo\3.3.6+1\x64

VM Arguments:
jvm_args: -Dfile.encoding=UTF-8 -Dstdout.encoding=UTF-8 -Dstderr.encoding=UTF-8 -XX:+ShowCodeDetailsInExceptionMessages 
java_command: main.Main
java_class_path (initial): D:\EclipseGit\BHFGame\BHFGame\bin;D:\EclipseGit\BHFGame\BHFGame\lib\joml-1.10.8.jar;D:\EclipseGit\BHFGame\BHFGame\lib\joml-1.10.8-javadoc.jar;D:\EclipseGit\BHFGame\BHFGame\lib\joml-1.10.8-sources.jar;D:\EclipseGit\BHFGame\BHFGame\lib\joml-primitives-1.10.0.jar;D:\EclipseGit\BHFGame\BHFGame\lib\joml-primitives-1.10.0-javadoc.jar;D:\EclipseGit\BHFGame\BHFGame\lib\joml-primitives-1.10.0-sources.jar;D:\EclipseGit\BHFGame\BHFGame\lib\lwjgl.jar;D:\EclipseGit\BHFGame\BHFGame\lib\lwjgl-glfw.jar;D:\EclipseGit\BHFGame\BHFGame\lib\lwjgl-glfw-javadoc.jar;D:\EclipseGit\BHFGame\BHFGame\lib\lwjgl-glfw-natives-linux.jar;D:\EclipseGit\BHFGame\BHFGame\lib\lwjgl-glfw-natives-macos.jar;D:\EclipseGit\BHFGame\BHFGame\lib\lwjgl-glfw-natives-macos-arm64.jar;D:\EclipseGit\BHFGame\BHFGame\lib\lwjgl-glfw-natives-windows.jar;D:\EclipseGit\BHFGame\BHFGame\lib\lwjgl-glfw-sources.jar;D:\EclipseGit\BHFGame\BHFGame\lib\lwjgl-javadoc.jar;D:\EclipseGit\BHFGame\BHFGame\lib\lwjgl-natives-linux.jar;D:\EclipseGit\BHFGame\BHFGame\lib\lwjgl-natives-macos.jar;D:\EclipseGit\BHFGame\BHFGame\lib\lwjgl-natives-macos-arm64.jar;D:\EclipseGit\BHFGame\BHFGame\lib\lwjgl-natives-windows.jar;D:\EclipseGit\BHFGame\BHFGame\lib\lwjgl-nuklear.jar;D:\EclipseGit\BHFGame\BHFGame\lib\lwjgl-nuklear-javadoc.jar;D:\EclipseGit\BHFGame\BHFGame\lib\lwjgl-nuklear-natives-linux.jar;D:\EclipseGit\BHFGame\BHFGame\lib\lwjgl-nuklear-natives-macos.jar;D:\EclipseGit\BHFGame\BHFGame\lib\lwjgl-nuklear-natives-macos-arm64.jar;D:\EclipseGit\BHFGame\BHFGame\lib\lwjgl-nuklear-natives-windows.jar;D:\EclipseGit\BHFGame\BHFGame\lib\lwjgl-nuklear-sources.jar;D:\EclipseGit\BHFGame\BHFGame\lib\lwjgl-openal.jar;D:\EclipseGit\BHFGame\BHFGame\lib\lwjgl-openal-javadoc.jar;D:\EclipseGit\BHFGame\BHFGame\lib\lwjgl-openal-natives-linux.jar;D:\EclipseGit\BHFGame\BHFGame\lib\lwjgl-openal-natives-macos.jar;D:\EclipseGit\BHFGame\BHFGame\lib\lwjgl-openal-natives-macos-arm64.jar;D:\EclipseGit\BHFGame\BHFGame\lib\lwjgl-openal-natives-windows.jar;D:\EclipseGit\BHFGame\BHFGame\lib\lwjgl-openal-sources.jar;D:\EclipseGit\BHFGame\BHFGame\lib\lwjgl-opengl.jar;D:\EclipseGit\BHFGame\BHFGame\lib\lwjgl-opengl-javadoc.jar;D:\EclipseGit\BHFGame\BHFGame\lib\lwjgl-opengl-natives-linux.jar;D:\EclipseGit\BHFGame\BHFGame\lib\lwjgl-opengl-natives-macos.jar;D:\EclipseGit\BHFGame\BHFGame\lib\lwjgl-opengl-natives-macos-arm64.jar;D:\EclipseGit\BHFGame\BHFGame\lib\lwjgl-opengl-natives-windows.jar;D:\EclipseGit\BHFGame\BHFGame\lib\lwjgl-opengl-sources.jar;D:\EclipseGit\BHFGame\BHFGame\lib\lwjgl-sources.jar;D:\EclipseGit\BHFGame\BHFGame\lib\lwjgl-stb.jar;D:\EclipseGit\BHFGame\BHFGame\lib\lwjgl-stb-javadoc.jar;D:\EclipseGit\BHFGame\BHFGame\lib\lwjgl-stb-natives-linux.jar;D:\EclipseGit\BHFGame\BHFGame\lib\lwjgl-stb-natives-macos.jar;D:\EclipseGit\BHFGame\BHFGame\lib\lwjgl-stb-natives-macos-arm64.jar;D:\EclipseGit\BHFGame\BHFGame\lib\lwjgl-stb-natives-windows.jar;D:\EclipseGit\BHFGame\BHFGame\lib\lwjgl-stb-sources.jar
Launcher Type: SUN_STANDARD

[Global flags]
     intx CICompilerCount                          = 4                                         {product} {ergonomic}
     uint ConcGCThreads                            = 3                                         {product} {ergonomic}
     uint G1ConcRefinementThreads                  = 10                                        {product} {ergonomic}
   size_t G1HeapRegionSize                         = 2097152                                   {product} {ergonomic}
    uintx GCDrainStackTargetSize                   = 64                                        {product} {ergonomic}
   size_t InitialHeapSize                          = 232783872                                 {product} {ergonomic}
   size_t MarkStackSize                            = 4194304                                   {product} {ergonomic}
   size_t MaxHeapSize                              = 3720347648                                {product} {ergonomic}
   size_t MaxNewSize                               = 2231369728                                {product} {ergonomic}
   size_t MinHeapDeltaBytes                        = 2097152                                   {product} {ergonomic}
   size_t MinHeapSize                              = 8388608                                   {product} {ergonomic}
    uintx NonNMethodCodeHeapSize                   = 5839372                                {pd product} {ergonomic}
    uintx NonProfiledCodeHeapSize                  = 122909434                              {pd product} {ergonomic}
    uintx ProfiledCodeHeapSize                     = 122909434                              {pd product} {ergonomic}
    uintx ReservedCodeCacheSize                    = 251658240                              {pd product} {ergonomic}
     bool SegmentedCodeCache                       = true                                      {product} {ergonomic}
     bool ShowCodeDetailsInExceptionMessages       = true                                   {manageable} {command line}
   size_t SoftMaxHeapSize                          = 3720347648                             {manageable} {ergonomic}
     bool UseCompressedOops                        = true                           {product lp64_product} {ergonomic}
     bool UseG1GC                                  = true                                      {product} {ergonomic}
     bool UseLargePagesIndividualAllocation        = false                                  {pd product} {ergonomic}

Logging:
Log output configuration:
 #0: stdout all=warning uptime,level,tags foldmultilines=false
 #1: stderr all=off uptime,level,tags foldmultilines=false

Environment Variables:
JAVA_HOME=C:\Program Files\Java\jdk-21
PATH=C:\Python313\Scripts\;C:\Python313\;C:\Program Files\Common Files\Oracle\Java\javapath;C:\Program Files (x86)\Common Files\Oracle\Java\java8path;C:\Program Files (x86)\Common Files\Oracle\Java\javapath;C:\WINDOWS\system32;C:\WINDOWS;C:\WINDOWS\System32\Wbem;C:\WINDOWS\System32\WindowsPowerShell\v1.0\;C:\WINDOWS\System32\OpenSSH\;C:\Program Files\dotnet\;D:\Inkscape\bin;C:\Program Files\Git\cmd;C:\Program Files\PowerShell\7\;C:\Program Files\CMake\bin;C:\Program Files\nodejs\;C:\ProgramData\chocolatey\bin;C:\Program Files\Rust stable GNU 1.90\bin;C:\ffmpeg-2025-12-10-git-4f947880bd-full_build\bin;C:\NuSMV-2.7.1-win64\bin;C:\Users\Lenovo\.cargo\bin;C:\Users\Lenovo\AppData\Local\Programs\Python\Python310\;C:\Users\Lenovo\AppData\Local\Programs\Python\Python310\Scripts;C:\Users\Lenovo\AppData\Local\Microsoft\WindowsApps;C:\mingw32\bin;C:\MinGW\bin;C:\Program Files (x86)\Vim\vim82;C:\MinGW\msys\1.0\bin;C:\Program Files\Neovim\bin;C:\mingw64\bin;C:\Users\Lenovo\AppData\Roaming\npm;D:\Airshipper
USERNAME=Lenovo
OS=Windows_NT
PROCESSOR_IDENTIFIER=AMD64 Family 25 Model 80 Stepping 0, AuthenticAMD
TMP=C:\Users\Lenovo\AppData\Local\Temp
TEMP=C:\Users\Lenovo\AppData\Local\Temp




Periodic native trim disabled

---------------  S Y S T E M  ---------------

OS:
 Windows 11 , 64 bit Build 26100 (10.0.26100.7623)
OS uptime: 0 days 7:28 hours
Hyper-V role detected

CPU: total 12 (initial active 12) (12 cores per cpu, 2 threads per core) family 25 model 80 stepping 0 microcode 0xa50000c, cx8, cmov, fxsr, ht, mmx, 3dnowpref, sse, sse2, sse3, ssse3, sse4a, sse4.1, sse4.2, popcnt, lzcnt, tsc, tscinvbit, avx, avx2, aes, erms, clmul, bmi1, bmi2, adx, sha, fma, vzeroupper, clflush, clflushopt, hv, rdtscp, rdpid, fsrm, f16c, cet_ss
Processor Information for processor 0
  Max Mhz: 3301, Current Mhz: 3301, Mhz Limit: 3301
Processor Information for processor 1
  Max Mhz: 3301, Current Mhz: 1805, Mhz Limit: 3301
Processor Information for processor 2
  Max Mhz: 3301, Current Mhz: 1805, Mhz Limit: 3301
Processor Information for processor 3
  Max Mhz: 3301, Current Mhz: 1805, Mhz Limit: 3301
Processor Information for processor 4
  Max Mhz: 3301, Current Mhz: 1805, Mhz Limit: 3301
Processor Information for processor 5
  Max Mhz: 3301, Current Mhz: 1805, Mhz Limit: 3301
Processor Information for processor 6
  Max Mhz: 3301, Current Mhz: 1805, Mhz Limit: 3301
Processor Information for processor 7
  Max Mhz: 3301, Current Mhz: 1805, Mhz Limit: 3301
Processor Information for processor 8
  Max Mhz: 3301, Current Mhz: 1805, Mhz Limit: 3301
Processor Information for processor 9
  Max Mhz: 3301, Current Mhz: 1805, Mhz Limit: 3301
Processor Information for processor 10
  Max Mhz: 3301, Current Mhz: 1805, Mhz Limit: 3301
Processor Information for processor 11
  Max Mhz: 3301, Current Mhz: 1805, Mhz Limit: 3301

Memory: 4k page, system-wide physical 14188M (6307M free)
TotalPageFile size 15084M (AvailPageFile size 3939M)
current process WorkingSet (physical memory assigned to process): 55M, peak: 55M
current process commit charge ("private bytes"): 319M, peak: 319M

vm_info: Java HotSpot(TM) 64-Bit Server VM (21.0.4+8-LTS-274) for windows-amd64 JRE (21.0.4+8-LTS-274), built on 2024-06-05T05:23:33Z by "mach5one" with MS VC++ 17.6 (VS2022)

END.
